2024-01-24 18:22:40,103 [INFO] Activator:176 - 


2024-01-24 18:22:40,109 [INFO] Activator:177 - !SESSION log4j initialized
2024-01-24 18:22:43,832 [INFO] LogOutputStream:77 - [STDOUT_REDIRECT] 
2024-01-24 18:22:47,341 [INFO] ApplicationProperties:184 - Using Application install path: C:\ST\STM32CubeIDE_1.14.0\STM32CubeIDE\plugins\com.st.stm32cube.common.mx_6.10.0.202311202037
2024-01-24 18:22:47,371 [INFO] DbMcusXml:78 - Set database path to: C:\ST\STM32CubeIDE_1.14.0\STM32CubeIDE\plugins\com.st.stm32cube.common.mx_6.10.0.202311202037\\db\/mcu/
2024-01-24 18:22:47,372 [INFO] ApiDb:274 - Set plugin database path to: C:\ST\STM32CubeIDE_1.14.0\STM32CubeIDE\plugins\com.st.stm32cube.common.mx_6.10.0.202311202037\\db\/plugins/boardmanager/
2024-01-24 18:22:47,382 [WARN] ApiDb:259 - Overriding images path with different value:  => C:\ST\STM32CubeIDE_1.14.0\STM32CubeIDE\plugins\com.st.stm32cube.common.mx_6.10.0.202311202037\\db\/plugins/mcufinder/images/
2024-01-24 18:22:47,401 [INFO] ApiDb:250 - Set database path to: C:\Users\sruthi.sathyan\.stmcufinder\plugins\mcufinder//mcu/
2024-01-24 18:22:47,403 [INFO] DbMcusAds:125 - Set database path to: C:\Users\sruthi.sathyan\.stmcufinder\plugins\mcufinder//mcu/
2024-01-24 18:22:47,407 [INFO] CrossReferenceDbSqlite:203 - Set database path to: C:\Users\sruthi.sathyan\.stmcufinder\plugins\mcufinder//mcu/cs/
2024-01-24 18:22:47,615 [INFO] RulesReader:64 - Compatibility file has been processed (297 Rules)
2024-01-24 18:22:47,775 [INFO] DbMcusXml:78 - Set database path to: C:\ST\STM32CubeIDE_1.14.0\STM32CubeIDE\plugins\com.st.stm32cube.common.mx_6.10.0.202311202037\\db\/mcu/
2024-01-24 18:22:47,776 [INFO] ApiDb:274 - Set plugin database path to: C:\ST\STM32CubeIDE_1.14.0\STM32CubeIDE\plugins\com.st.stm32cube.common.mx_6.10.0.202311202037\\db\/plugins/boardmanager/
2024-01-24 18:22:47,776 [INFO] ApiDb:261 - Set plugin images path to: C:\ST\STM32CubeIDE_1.14.0\STM32CubeIDE\plugins\com.st.stm32cube.common.mx_6.10.0.202311202037\\db\/plugins/mcufinder/images/
2024-01-24 18:22:47,776 [WARN] DbFile:41 - Overriding database path with different value: C:\Users\sruthi.sathyan\.stmcufinder\plugins\mcufinder/ => C:\Users\sruthi.sathyan\.stmcufinder\plugins\mcufinder
2024-01-24 18:22:47,777 [INFO] ApiDb:250 - Set database path to: C:\Users\sruthi.sathyan\.stmcufinder\plugins\mcufinder//mcu/
2024-01-24 18:22:47,777 [WARN] DbFile:41 - Overriding database path with different value: C:\Users\sruthi.sathyan\.stmcufinder\plugins\mcufinder/ => C:\Users\sruthi.sathyan\.stmcufinder\plugins\mcufinder
2024-01-24 18:22:47,778 [INFO] DbMcusAds:125 - Set database path to: C:\Users\sruthi.sathyan\.stmcufinder\plugins\mcufinder//mcu/
2024-01-24 18:22:47,779 [WARN] DbFile:41 - Overriding database path with different value: C:\Users\sruthi.sathyan\.stmcufinder\plugins\mcufinder/ => C:\Users\sruthi.sathyan\.stmcufinder\plugins\mcufinder
2024-01-24 18:22:47,779 [WARN] DbFile:41 - Overriding database path with different value: C:\Users\sruthi.sathyan\.stmcufinder\plugins\mcufinder/ => C:\Users\sruthi.sathyan\.stmcufinder\plugins\mcufinder
2024-01-24 18:22:47,779 [INFO] CrossReferenceDbSqlite:203 - Set database path to: C:\Users\sruthi.sathyan\.stmcufinder\plugins\mcufinder//mcu/cs/
2024-01-24 18:22:47,977 [INFO] MainPanel:264 - HeapMemory: 268435456
2024-01-24 18:22:48,116 [INFO] DbMcusXml:78 - Set database path to: C:\ST\STM32CubeIDE_1.14.0\STM32CubeIDE\plugins\com.st.stm32cube.common.mx_6.10.0.202311202037\\db\/mcu/
2024-01-24 18:22:48,116 [INFO] ApiDb:274 - Set plugin database path to: C:\ST\STM32CubeIDE_1.14.0\STM32CubeIDE\plugins\com.st.stm32cube.common.mx_6.10.0.202311202037\\db\/plugins/boardmanager/
2024-01-24 18:22:48,116 [INFO] ApiDb:261 - Set plugin images path to: C:\ST\STM32CubeIDE_1.14.0\STM32CubeIDE\plugins\com.st.stm32cube.common.mx_6.10.0.202311202037\\db\/plugins/mcufinder/images/
2024-01-24 18:22:48,118 [WARN] DbFile:41 - Overriding database path with different value: C:\Users\sruthi.sathyan\.stmcufinder\plugins\mcufinder/ => C:\Users\sruthi.sathyan\.stmcufinder\plugins\mcufinder
2024-01-24 18:22:48,118 [INFO] ApiDb:250 - Set database path to: C:\Users\sruthi.sathyan\.stmcufinder\plugins\mcufinder//mcu/
2024-01-24 18:22:48,118 [WARN] DbFile:41 - Overriding database path with different value: C:\Users\sruthi.sathyan\.stmcufinder\plugins\mcufinder/ => C:\Users\sruthi.sathyan\.stmcufinder\plugins\mcufinder
2024-01-24 18:22:48,118 [INFO] DbMcusAds:125 - Set database path to: C:\Users\sruthi.sathyan\.stmcufinder\plugins\mcufinder//mcu/
2024-01-24 18:22:48,118 [WARN] DbFile:41 - Overriding database path with different value: C:\Users\sruthi.sathyan\.stmcufinder\plugins\mcufinder/ => C:\Users\sruthi.sathyan\.stmcufinder\plugins\mcufinder
2024-01-24 18:22:48,118 [WARN] DbFile:41 - Overriding database path with different value: C:\Users\sruthi.sathyan\.stmcufinder\plugins\mcufinder/ => C:\Users\sruthi.sathyan\.stmcufinder\plugins\mcufinder
2024-01-24 18:22:48,118 [INFO] CrossReferenceDbSqlite:203 - Set database path to: C:\Users\sruthi.sathyan\.stmcufinder\plugins\mcufinder//mcu/cs/
2024-01-24 18:22:48,153 [INFO] ApplicationProperties:184 - Using Application install path: C:\ST\STM32CubeIDE_1.14.0\STM32CubeIDE\plugins\com.st.stm32cube.common.mx_6.10.0.202311202037
2024-01-24 18:22:48,156 [INFO] PluginManage:196 - Search for loadable plugins [exclusion list=, ]
2024-01-24 18:22:48,157 [INFO] PluginManage:310 - Check plugin analytics
2024-01-24 18:22:48,554 [INFO] AnalyticsPlugin:253 - Accepted Software Licenses: 
2024-01-24 18:22:48,555 [INFO] AnalyticsPlugin:255 - Accepted CMSIS Pack Licenses: 
2024-01-24 18:22:48,555 [INFO] AnalyticsPlugin:257 - Accepted Firmware Licenses: FW.F4.1.28.0
2024-01-24 18:22:48,559 [INFO] PluginManage:359 - Loaded plugin analytics (category:tool,tabindex:-1)
2024-01-24 18:22:48,559 [INFO] PluginManage:310 - Check plugin cadmodel
2024-01-24 18:22:48,569 [INFO] CADModel:105 - Init CAD model plugin
2024-01-24 18:22:48,570 [INFO] PluginManage:359 - Loaded plugin cadmodel (category:power,tabindex:5)
2024-01-24 18:22:48,570 [INFO] PluginManage:310 - Check plugin clock
2024-01-24 18:22:48,585 [INFO] PluginManage:359 - Loaded plugin clock (category:base,tabindex:2)
2024-01-24 18:22:48,585 [INFO] PluginManage:310 - Check plugin ddr
2024-01-24 18:22:48,589 [INFO] PluginManage:359 - Loaded plugin ddr (category:tool,tabindex:6)
2024-01-24 18:22:48,589 [INFO] PluginManage:310 - Check plugin filemanager
2024-01-24 18:22:48,841 [INFO] PluginManage:359 - Loaded plugin filemanager (category:base,tabindex:10)
2024-01-24 18:22:48,841 [INFO] PluginManage:310 - Check plugin ipmanager
2024-01-24 18:22:48,855 [INFO] PluginManage:359 - Loaded plugin ipmanager (category:base,tabindex:5)
2024-01-24 18:22:48,856 [INFO] PluginManage:310 - Check plugin lpbam
2024-01-24 18:22:48,870 [INFO] PluginManage:359 - Loaded plugin lpbam (category:base,tabindex:0)
2024-01-24 18:22:48,870 [INFO] PluginManage:310 - Check plugin memorymap
2024-01-24 18:22:48,889 [INFO] PluginManage:359 - Loaded plugin memorymap (category:base,tabindex:4)
2024-01-24 18:22:48,890 [INFO] PluginManage:310 - Check plugin pinoutandconfiguration
2024-01-24 18:22:48,903 [INFO] PluginManage:359 - Loaded plugin pinoutandconfiguration (category:base,tabindex:1)
2024-01-24 18:22:48,903 [INFO] PluginManage:310 - Check plugin pinoutconfig
2024-01-24 18:22:49,067 [WARN] SupportedApi:132 - Cannot load RTOS API schema: s4s-elt-must-match.1: The content of 'definitions' must match (annotation?, (simpleType | complexType)?, (unique | key | keyref)*)). A problem was found starting at: attribute.
2024-01-24 18:22:49,284 [INFO] PluginManage:359 - Loaded plugin pinoutconfig (category:base,tabindex:0)
2024-01-24 18:22:49,285 [INFO] PluginManage:310 - Check plugin power
2024-01-24 18:22:49,305 [INFO] PluginManage:359 - Loaded plugin power (category:power,tabindex:4)
2024-01-24 18:22:49,306 [INFO] PluginManage:310 - Check plugin projectmanager
2024-01-24 18:22:49,341 [INFO] PluginManage:359 - Loaded plugin projectmanager (category:projectmanager,tabindex:3)
2024-01-24 18:22:49,341 [INFO] PluginManage:310 - Check plugin thirdparty
2024-01-24 18:22:49,601 [WARN] IntegrityCheckThread:84 - waiting for thirdparty lock release [integrity check]
2024-01-24 18:22:49,601 [INFO] PluginManage:359 - Loaded plugin thirdparty (category:base,tabindex:-1)
2024-01-24 18:22:49,602 [INFO] IntegrityCheckThread:86 - entering critical section [integrity check]
2024-01-24 18:22:49,602 [INFO] PluginManage:310 - Check plugin tools
2024-01-24 18:22:49,603 [INFO] ThirdPartyUpdaterWithRetryManager:70 - Updater plugin not ready yet. [1/15]
2024-01-24 18:22:49,609 [INFO] PluginManage:359 - Loaded plugin tools (category:base,tabindex:7)
2024-01-24 18:22:49,610 [INFO] PluginManage:310 - Check plugin tutovideos
2024-01-24 18:22:49,882 [INFO] PluginManage:359 - Loaded plugin tutovideos (category:base,tabindex:-1)
2024-01-24 18:22:49,883 [INFO] PluginManage:310 - Check plugin updater
2024-01-24 18:22:49,901 [INFO] PluginManage:359 - Loaded plugin updater (category:base,tabindex:12)
2024-01-24 18:22:49,902 [INFO] PluginManage:310 - Check plugin userauth
2024-01-24 18:22:49,913 [INFO] UserAuth:114 - Init User Auth plugin
2024-01-24 18:22:49,913 [INFO] PluginManage:359 - Loaded plugin userauth (category:base,tabindex:14)
2024-01-24 18:22:49,914 [INFO] PluginManage:283 - PluginManage : Loaded plugins [17]
2024-01-24 18:22:50,398 [INFO] PinOutPanel:1499 - setPackage(No Configuration,No Configuration)
2024-01-24 18:22:50,535 [INFO] CADModel:165 - CPN selected for project level
2024-01-24 18:22:50,535 [INFO] CADModel:114 - Register for checkConnection events
2024-01-24 18:22:50,565 [INFO] IPUIPlugin:80 - create IPUIPlugin
2024-01-24 18:22:50,566 [INFO] PluginManager:220 - loadIPPluginJar : add adc
2024-01-24 18:22:50,570 [INFO] IPUIPlugin:80 - create IPUIPlugin
2024-01-24 18:22:50,570 [INFO] PluginManager:220 - loadIPPluginJar : add aes
2024-01-24 18:22:50,576 [INFO] IPUIPlugin:80 - create IPUIPlugin
2024-01-24 18:22:50,577 [INFO] PluginManager:220 - loadIPPluginJar : add can
2024-01-24 18:22:50,580 [INFO] IPUIPlugin:80 - create IPUIPlugin
2024-01-24 18:22:50,581 [INFO] PluginManager:220 - loadIPPluginJar : add comp
2024-01-24 18:22:50,585 [INFO] IPUIPlugin:80 - create IPUIPlugin
2024-01-24 18:22:50,585 [INFO] PluginManager:220 - loadIPPluginJar : add cryp
2024-01-24 18:22:50,591 [INFO] IPUIPlugin:80 - create IPUIPlugin
2024-01-24 18:22:50,592 [INFO] PluginManager:220 - loadIPPluginJar : add dfsdm
2024-01-24 18:22:50,603 [INFO] IPUIPlugin:80 - create IPUIPlugin
2024-01-24 18:22:50,604 [INFO] PluginManager:220 - loadIPPluginJar : add dma
2024-01-24 18:22:50,609 [INFO] IPUIPlugin:80 - create IPUIPlugin
2024-01-24 18:22:50,609 [INFO] PluginManager:220 - loadIPPluginJar : add dma3
2024-01-24 18:22:50,612 [INFO] IPUIPlugin:80 - create IPUIPlugin
2024-01-24 18:22:50,612 [INFO] PluginManager:220 - loadIPPluginJar : add fatfs
2024-01-24 18:22:50,619 [INFO] IPUIPlugin:80 - create IPUIPlugin
2024-01-24 18:22:50,619 [INFO] PluginManager:220 - loadIPPluginJar : add fmc
2024-01-24 18:22:50,627 [INFO] IPUIPlugin:80 - create IPUIPlugin
2024-01-24 18:22:50,627 [INFO] PluginManager:220 - loadIPPluginJar : add freertos
2024-01-24 18:22:50,629 [INFO] IPUIPlugin:80 - create IPUIPlugin
2024-01-24 18:22:50,629 [INFO] PluginManager:220 - loadIPPluginJar : add genericplugin
2024-01-24 18:22:50,633 [INFO] IPUIPlugin:80 - create IPUIPlugin
2024-01-24 18:22:50,634 [INFO] PluginManager:220 - loadIPPluginJar : add gfxmmu
2024-01-24 18:22:50,642 [INFO] IPUIPlugin:80 - create IPUIPlugin
2024-01-24 18:22:50,642 [INFO] PluginManager:220 - loadIPPluginJar : add gic
2024-01-24 18:22:50,650 [INFO] IPUIPlugin:80 - create IPUIPlugin
2024-01-24 18:22:50,650 [INFO] PluginManager:220 - loadIPPluginJar : add gpio
2024-01-24 18:22:50,655 [INFO] IPUIPlugin:80 - create IPUIPlugin
2024-01-24 18:22:50,655 [INFO] PluginManager:220 - loadIPPluginJar : add gtzc
2024-01-24 18:22:50,660 [INFO] IPUIPlugin:80 - create IPUIPlugin
2024-01-24 18:22:50,660 [INFO] PluginManager:220 - loadIPPluginJar : add hash
2024-01-24 18:22:50,666 [INFO] IPUIPlugin:80 - create IPUIPlugin
2024-01-24 18:22:50,666 [INFO] PluginManager:220 - loadIPPluginJar : add i2c
2024-01-24 18:22:50,670 [INFO] IPUIPlugin:80 - create IPUIPlugin
2024-01-24 18:22:50,670 [INFO] PluginManager:220 - loadIPPluginJar : add i2s
2024-01-24 18:22:50,675 [INFO] IPUIPlugin:80 - create IPUIPlugin
2024-01-24 18:22:50,675 [INFO] PluginManager:220 - loadIPPluginJar : add i3c
2024-01-24 18:22:50,680 [INFO] IPUIPlugin:80 - create IPUIPlugin
2024-01-24 18:22:50,681 [INFO] PluginManager:220 - loadIPPluginJar : add ipddr
2024-01-24 18:22:50,693 [INFO] IPUIPlugin:80 - create IPUIPlugin
2024-01-24 18:22:50,694 [INFO] PluginManager:220 - loadIPPluginJar : add linkedlist
2024-01-24 18:22:50,699 [INFO] IPUIPlugin:80 - create IPUIPlugin
2024-01-24 18:22:50,699 [INFO] PluginManager:220 - loadIPPluginJar : add lorawan
2024-01-24 18:22:50,703 [INFO] IPUIPlugin:80 - create IPUIPlugin
2024-01-24 18:22:50,703 [INFO] PluginManager:220 - loadIPPluginJar : add ltdc
2024-01-24 18:22:50,714 [INFO] IPUIPlugin:80 - create IPUIPlugin
2024-01-24 18:22:50,715 [INFO] PluginManager:220 - loadIPPluginJar : add mdma
2024-01-24 18:22:50,724 [INFO] IPUIPlugin:80 - create IPUIPlugin
2024-01-24 18:22:50,724 [INFO] PluginManager:220 - loadIPPluginJar : add nvic
2024-01-24 18:22:50,730 [INFO] IPUIPlugin:80 - create IPUIPlugin
2024-01-24 18:22:50,730 [INFO] PluginManager:220 - loadIPPluginJar : add opamp
2024-01-24 18:22:50,737 [INFO] IPUIPlugin:80 - create IPUIPlugin
2024-01-24 18:22:50,737 [INFO] PluginManager:220 - loadIPPluginJar : add openamp
2024-01-24 18:22:50,744 [INFO] IPUIPlugin:80 - create IPUIPlugin
2024-01-24 18:22:50,745 [INFO] PluginManager:220 - loadIPPluginJar : add pdm2pcm
2024-01-24 18:22:50,756 [INFO] IPUIPlugin:80 - create IPUIPlugin
2024-01-24 18:22:50,760 [INFO] PluginManager:220 - loadIPPluginJar : add plateformsettings
2024-01-24 18:22:50,763 [INFO] IPUIPlugin:80 - create IPUIPlugin
2024-01-24 18:22:50,763 [INFO] PluginManager:220 - loadIPPluginJar : add quadspi
2024-01-24 18:22:50,769 [INFO] IPUIPlugin:80 - create IPUIPlugin
2024-01-24 18:22:50,769 [INFO] PluginManager:220 - loadIPPluginJar : add resmgrutility
2024-01-24 18:22:50,775 [INFO] IPUIPlugin:80 - create IPUIPlugin
2024-01-24 18:22:50,775 [INFO] PluginManager:220 - loadIPPluginJar : add sai
2024-01-24 18:22:50,779 [INFO] IPUIPlugin:80 - create IPUIPlugin
2024-01-24 18:22:50,780 [INFO] PluginManager:220 - loadIPPluginJar : add spi
2024-01-24 18:22:50,790 [INFO] IPUIPlugin:80 - create IPUIPlugin
2024-01-24 18:22:50,791 [INFO] PluginManager:220 - loadIPPluginJar : add stm32_wpan
2024-01-24 18:22:50,795 [INFO] IPUIPlugin:80 - create IPUIPlugin
2024-01-24 18:22:50,795 [INFO] PluginManager:220 - loadIPPluginJar : add tim
2024-01-24 18:22:50,800 [INFO] IPUIPlugin:80 - create IPUIPlugin
2024-01-24 18:22:50,801 [INFO] PluginManager:220 - loadIPPluginJar : add touchsensing
2024-01-24 18:22:50,804 [INFO] IPUIPlugin:80 - create IPUIPlugin
2024-01-24 18:22:50,804 [INFO] PluginManager:220 - loadIPPluginJar : add tracer_emb
2024-01-24 18:22:50,807 [INFO] IPUIPlugin:80 - create IPUIPlugin
2024-01-24 18:22:50,807 [INFO] PluginManager:220 - loadIPPluginJar : add ts
2024-01-24 18:22:50,811 [INFO] IPUIPlugin:80 - create IPUIPlugin
2024-01-24 18:22:50,811 [INFO] PluginManager:220 - loadIPPluginJar : add tsc
2024-01-24 18:22:50,816 [INFO] IPUIPlugin:80 - create IPUIPlugin
2024-01-24 18:22:50,816 [INFO] PluginManager:220 - loadIPPluginJar : add ucpd
2024-01-24 18:22:50,821 [INFO] IPUIPlugin:80 - create IPUIPlugin
2024-01-24 18:22:50,822 [INFO] PluginManager:220 - loadIPPluginJar : add usart
2024-01-24 18:22:50,827 [INFO] IPUIPlugin:80 - create IPUIPlugin
2024-01-24 18:22:50,827 [INFO] PluginManager:220 - loadIPPluginJar : add usbx
2024-01-24 18:22:50,992 [INFO] CADModel:165 - CPN selected for project level
2024-01-24 18:22:50,992 [INFO] CADModel:114 - Register for checkConnection events
2024-01-24 18:22:50,993 [FATAL] Updater:308 - Updater called before beeing initialized
2024-01-24 18:22:50,993 [ERROR] CADModel:125 - Updater not yet initialized, retry later 
2024-01-24 18:22:51,300 [INFO] CADModel:165 - CPN selected for project level
2024-01-24 18:22:51,301 [INFO] CADModel:114 - Register for checkConnection events
2024-01-24 18:22:51,302 [FATAL] Updater:308 - Updater called before beeing initialized
2024-01-24 18:22:51,302 [ERROR] CADModel:125 - Updater not yet initialized, retry later 
2024-01-24 18:22:51,313 [FATAL] Updater:308 - Updater called before beeing initialized
2024-01-24 18:22:51,566 [FATAL] Updater:308 - Updater called before beeing initialized
2024-01-24 18:22:51,574 [INFO] DbMcusAds:53 - JSON generation date=Wed Nov 29 16:22:27 IST 2023 (1701255147200)
2024-01-24 18:22:51,574 [FATAL] Updater:308 - Updater called before beeing initialized
2024-01-24 18:22:51,637 [WARN] DetailPanel:346 - Failed to get advertising image, set to default
2024-01-24 18:22:51,823 [FATAL] Updater:308 - Updater called before beeing initialized
2024-01-24 18:22:51,825 [FATAL] Updater:308 - Updater called before beeing initialized
2024-01-24 18:22:51,825 [FATAL] Updater:308 - Updater called before beeing initialized
2024-01-24 18:22:51,825 [WARN] DetailPanel:346 - Failed to get advertising image, set to default
2024-01-24 18:22:51,826 [FATAL] Updater:308 - Updater called before beeing initialized
2024-01-24 18:22:51,933 [ERROR] Updater:1120 - MainUpdater not yet initialized. External WinMGr cannot be set.
2024-01-24 18:22:51,937 [INFO] Updater:1056 - Updater Version found : 6.10.0
2024-01-24 18:22:51,966 [INFO] ApplicationProperties:184 - Using Application install path: C:\ST\STM32CubeIDE_1.14.0\STM32CubeIDE\plugins\com.st.stm32cube.common.mx_6.10.0.202311202037
2024-01-24 18:22:52,603 [INFO] ThirdPartyUpdaterWithRetryManager:70 - Updater plugin not ready yet. [2/15]
2024-01-24 18:22:53,555 [ERROR] LogOutputStream:75 - [STDERR_REDIRECT] Jan 24, 2024 6:22:53 PM java.util.prefs.WindowsPreferences <init>
2024-01-24 18:22:53,558 [ERROR] LogOutputStream:75 - [STDERR_REDIRECT] WARNING: Could not open/create prefs root node Software\JavaSoft\Prefs at root 0xffffffff80000002. Windows RegCreateKeyEx(...) returned error code 5.
2024-01-24 18:22:53,558 [ERROR] LogOutputStream:75 - [STDERR_REDIRECT] 
2024-01-24 18:22:54,218 [INFO] MainUpdater:2873 - connection check result : 10
2024-01-24 18:22:54,219 [INFO] MainUpdater:290 - Updater Check For Update Now.
2024-01-24 18:22:54,220 [INFO] MicroXplorer:498 - Change Database Version : DB.6.0.100
2024-01-24 18:22:54,230 [INFO] McuFinderGlobals:63 - Set McuFinder mode to 2 (CubeIDE integrated)
2024-01-24 18:22:54,233 [INFO] UserAuth:180 - activating auth plugin
2024-01-24 18:22:54,237 [INFO] UserAuth:404 - Internet connection configuration mode: 1
2024-01-24 18:22:54,266 [INFO] JxBrowserEngine:152 - Initiate JxBrowser Engine with user profile folder
2024-01-24 18:22:54,501 [INFO] CheckServerUpdateThread:120 - End of CheckServer Thread
2024-01-24 18:22:55,479 [INFO] WebApp:161 - Instantiating new browser for Auth
2024-01-24 18:22:56,435 [WARN] PackLoader:240 - Cannot read IP mode file for STMicroelectronics.X-CUBE-SMBUS.2.1.0
2024-01-24 18:22:56,461 [WARN] PackLoader:240 - Cannot read IP mode file for STMicroelectronics.X-CUBE-TOUCHGFX.4.23.0
2024-01-24 18:22:56,575 [WARN] PackLoader:240 - Cannot read IP mode file for STMicroelectronics.X-CUBE-AZRTOS-F7.1.1.0
2024-01-24 18:22:56,615 [WARN] PackLoader:240 - Cannot read IP mode file for STMicroelectronics.FP-SNS-MOTENV1.4.3.2
2024-01-24 18:22:56,642 [WARN] PackLoader:240 - Cannot read IP mode file for STMicroelectronics.FP-SNS-FLIGHT1.5.0.2
2024-01-24 18:22:56,675 [WARN] PackLoader:240 - Cannot read IP mode file for STMicroelectronics.X-CUBE-DISPLAY.3.0.0
2024-01-24 18:22:56,718 [WARN] PackLoader:240 - Cannot read IP mode file for STMicroelectronics.X-CUBE-BLE1.7.0.0
2024-01-24 18:22:56,748 [WARN] PackLoader:240 - Cannot read IP mode file for emotas.I-CUBE-CANOPEN.1.3.0
2024-01-24 18:22:56,767 [WARN] PackLoader:240 - Cannot read IP mode file for STMicroelectronics.FP-SNS-SMARTAG2.1.2.0
2024-01-24 18:22:56,812 [INFO] LogOutputStream:77 - [STDOUT_REDIRECT] 1 : Invalid condition id : UX_CORESTACK_Condition cause : null
2024-01-24 18:22:56,814 [INFO] LogOutputStream:77 - [STDOUT_REDIRECT] 1 : Invalid condition id : UX_CORESTACK_Condition cause : null
2024-01-24 18:22:56,817 [INFO] LogOutputStream:77 - [STDOUT_REDIRECT] 1 : Invalid condition id : UX_CORESTACK_Condition cause : null
2024-01-24 18:22:56,820 [INFO] LogOutputStream:77 - [STDOUT_REDIRECT] 1 : Invalid condition id : UX_CORESTACK_Condition cause : null
2024-01-24 18:22:56,823 [INFO] LogOutputStream:77 - [STDOUT_REDIRECT] 1 : Invalid condition id : UX_CORESTACK_Condition cause : null
2024-01-24 18:22:56,853 [WARN] PackLoader:240 - Cannot read IP mode file for STMicroelectronics.X-CUBE-AZRTOS-WL.2.0.0
2024-01-24 18:22:56,897 [WARN] PackLoader:240 - Cannot read IP mode file for WES.I-CUBE-Cesium.1.3.0
2024-01-24 18:22:56,918 [WARN] PackLoader:240 - Cannot read IP mode file for STMicroelectronics.X-CUBE-BLE2.3.3.0
2024-01-24 18:22:56,947 [INFO] WebApp:780 - Register for checkConnection events
2024-01-24 18:22:56,947 [INFO] WebApp:414 - Apply proxy settings
2024-01-24 18:22:56,947 [INFO] WebApp:499 - Chromium requires no authentication
2024-01-24 18:22:56,949 [WARN] PackLoader:240 - Cannot read IP mode file for STMicroelectronics.X-CUBE-ALGOBUILD.1.3.0
2024-01-24 18:22:56,969 [INFO] WebApp:442 - Direct internet connection detected
2024-01-24 18:22:57,029 [WARN] PackLoader:240 - Cannot read IP mode file for STMicroelectronics.X-CUBE-AZRTOS-G0.1.1.0
2024-01-24 18:22:57,064 [WARN] PackLoader:240 - Cannot read IP mode file for STMicroelectronics.X-CUBE-NFC4.3.0.0
2024-01-24 18:22:57,098 [WARN] PackLoader:240 - Cannot read IP mode file for STMicroelectronics.X-CUBE-BLEMGR.3.0.0
2024-01-24 18:22:57,117 [WARN] PackLoader:240 - Cannot read IP mode file for STMicroelectronics.FP-ATR-SIGFOX1.3.2.0
2024-01-24 18:22:57,226 [WARN] PackLoader:240 - Cannot read IP mode file for SEGGER.I-CUBE-embOS.1.3.1
2024-01-24 18:22:57,361 [WARN] PackLoader:240 - Cannot read IP mode file for STMicroelectronics.X-CUBE-GNSS1.6.0.0
2024-01-24 18:22:57,412 [WARN] PackLoader:240 - Cannot read IP mode file for STMicroelectronics.X-CUBE-AZRTOS-F4.1.1.0
2024-01-24 18:22:57,436 [WARN] PackLoader:240 - Cannot read IP mode file for wolfSSL.I-CUBE-wolfSSL.5.6.6
2024-01-24 18:22:57,450 [INFO] WebApp:192 - Starting web application
2024-01-24 18:22:57,451 [INFO] WebApp:544 - Web application path used C:\ST\STM32CubeIDE_1.14.0\STM32CubeIDE\plugins\com.st.stm32cube.common.mx_6.10.0.202311202037\db\plugins\mcufinder\reactClient1\index.html
2024-01-24 18:22:57,485 [WARN] PackLoader:240 - Cannot read IP mode file for STMicroelectronics.X-CUBE-AZRTOS-L5.2.0.0
2024-01-24 18:22:57,513 [WARN] PackLoader:240 - Cannot read IP mode file for STMicroelectronics.X-CUBE-EEPRMA1.4.2.0
2024-01-24 18:22:57,533 [WARN] PackLoader:240 - Cannot read IP mode file for ITTIA_DB.I-CUBE-ITTIADB.8.8.0
2024-01-24 18:22:57,550 [WARN] PackLoader:240 - Cannot read IP mode file for STMicroelectronics.X-CUBE-NFC7.1.0.1
2024-01-24 18:22:57,578 [WARN] PackLoader:240 - Cannot read IP mode file for STMicroelectronics.X-CUBE-NFC6.3.0.0
2024-01-24 18:22:57,596 [WARN] PackLoader:240 - Cannot read IP mode file for STMicroelectronics.X-CUBE-AI.8.1.0
2024-01-24 18:22:57,644 [WARN] ConditionMgr:438 - getConditionDescription Invalid condition id : LAN8742 Phy interface Condition cause : null
2024-01-24 18:22:57,646 [WARN] PackLoader:240 - Cannot read IP mode file for STMicroelectronics.X-CUBE-AZRTOS-L4.2.0.0
2024-01-24 18:22:57,650 [WARN] ConditionMgr:1039 - genDependencies : Invalid condition id : LAN8742 Phy interface Condition cause : null
2024-01-24 18:22:57,651 [WARN] ConditionMgr:1039 - genDependencies : Invalid condition id : LAN8742 Phy interface Condition cause : null
2024-01-24 18:22:57,652 [WARN] ConditionMgr:1039 - genDependencies : Invalid condition id : LAN8742 Phy interface Condition cause : null
2024-01-24 18:22:57,684 [WARN] PackLoader:240 - Cannot read IP mode file for STMicroelectronics.X-CUBE-SFXS2LP1.4.0.0
2024-01-24 18:22:57,733 [WARN] ConditionMgr:438 - getConditionDescription Invalid condition id : UX DEVICE CLASS RTOS Condition cause : null
2024-01-24 18:22:57,734 [WARN] ConditionMgr:438 - getConditionDescription Invalid condition id : UX DEVICE CLASS RTOS Condition cause : null
2024-01-24 18:22:57,738 [WARN] PackLoader:240 - Cannot read IP mode file for STMicroelectronics.X-CUBE-AZRTOS-WB.2.0.0
2024-01-24 18:22:57,741 [WARN] ConditionMgr:1039 - genDependencies : Invalid condition id : UX DEVICE CLASS RTOS Condition cause : null
2024-01-24 18:22:57,742 [WARN] ConditionMgr:1039 - genDependencies : Invalid condition id : UX DEVICE CLASS RTOS Condition cause : null
2024-01-24 18:22:57,743 [WARN] ConditionMgr:1039 - genDependencies : Invalid condition id : UX DEVICE CLASS RTOS Condition cause : null
2024-01-24 18:22:57,744 [WARN] ConditionMgr:1039 - genDependencies : Invalid condition id : UX DEVICE CLASS RTOS Condition cause : null
2024-01-24 18:22:57,744 [WARN] ConditionMgr:1039 - genDependencies : Invalid condition id : UX DEVICE CLASS RTOS Condition cause : null
2024-01-24 18:22:57,799 [WARN] PackLoader:240 - Cannot read IP mode file for STMicroelectronics.X-CUBE-SUBG2.5.0.0
2024-01-24 18:22:57,887 [WARN] PackLoader:240 - Cannot read IP mode file for STMicroelectronics.X-CUBE-AZRTOS-G4.2.0.0
2024-01-24 18:22:57,972 [WARN] PackLoader:240 - Cannot read IP mode file for Infineon.AIROC-Wi-Fi-Bluetooth-STM32.1.5.1
2024-01-24 18:22:57,998 [WARN] PackLoader:240 - Cannot read IP mode file for STMicroelectronics.FP-SNS-MOTENVWB1.1.3.1
2024-01-24 18:22:58,012 [WARN] PackLoader:240 - Cannot read IP mode file for STMicroelectronics.X-CUBE-ISPU.2.0.0
2024-01-24 18:22:58,180 [WARN] PackLoader:240 - Cannot read IP mode file for STMicroelectronics.X-CUBE-MEMS1.10.0.0
2024-01-24 18:22:58,584 [WARN] PackLoader:240 - Cannot read IP mode file for STMicroelectronics.X-CUBE-FREERTOS.1.1.0
2024-01-24 18:22:58,602 [WARN] PackLoader:240 - Cannot read IP mode file for portGmbH.I-Cube-SoM-uGOAL.1.1.0
2024-01-24 18:22:58,632 [WARN] PackLoader:240 - Cannot read IP mode file for STMicroelectronics.X-CUBE-ALS.1.0.1
2024-01-24 18:22:58,643 [WARN] PackLoader:240 - Cannot read IP mode file for STMicroelectronics.FP-ATR-ASTRA1.2.0.0
2024-01-24 18:22:58,666 [WARN] PackLoader:240 - Cannot read IP mode file for STMicroelectronics.X-CUBE-TOF1.3.4.0
2024-01-24 18:22:58,732 [WARN] PackLoader:240 - Cannot read IP mode file for STMicroelectronics.X-CUBE-AZRTOS-H7.3.2.0
2024-01-24 18:22:58,741 [INFO] ThirdParty:978 - Integrity check success = true
2024-01-24 18:22:58,741 [INFO] IntegrityCheckThread:100 - exiting critical section [integrity check]
2024-01-24 18:22:58,742 [INFO] IntegrityCheckThread:103 - End integrity checks thread
2024-01-24 18:23:19,169 [ERROR] LogOutputStream:75 - [STDERR_REDIRECT] SLF4J: Failed to load class "org.slf4j.impl.StaticLoggerBinder".
2024-01-24 18:23:19,172 [ERROR] LogOutputStream:75 - [STDERR_REDIRECT] SLF4J: Defaulting to no-operation (NOP) logger implementation
2024-01-24 18:23:19,174 [ERROR] LogOutputStream:75 - [STDERR_REDIRECT] SLF4J: See http://www.slf4j.org/codes.html#StaticLoggerBinder for further details.
2024-01-24 18:24:01,766 [INFO] Activator:176 - 


2024-01-24 18:24:01,769 [INFO] Activator:177 - !SESSION log4j initialized
2024-01-24 18:24:06,207 [INFO] LogOutputStream:77 - [STDOUT_REDIRECT] 
2024-01-24 18:24:09,254 [INFO] ApplicationProperties:184 - Using Application install path: C:\ST\STM32CubeIDE_1.14.0\STM32CubeIDE\plugins\com.st.stm32cube.common.mx_6.10.0.202311202037
2024-01-24 18:24:09,290 [INFO] DbMcusXml:78 - Set database path to: C:\ST\STM32CubeIDE_1.14.0\STM32CubeIDE\plugins\com.st.stm32cube.common.mx_6.10.0.202311202037\\db\/mcu/
2024-01-24 18:24:09,291 [INFO] ApiDb:274 - Set plugin database path to: C:\ST\STM32CubeIDE_1.14.0\STM32CubeIDE\plugins\com.st.stm32cube.common.mx_6.10.0.202311202037\\db\/plugins/boardmanager/
2024-01-24 18:24:09,291 [WARN] ApiDb:259 - Overriding images path with different value:  => C:\ST\STM32CubeIDE_1.14.0\STM32CubeIDE\plugins\com.st.stm32cube.common.mx_6.10.0.202311202037\\db\/plugins/mcufinder/images/
2024-01-24 18:24:09,308 [INFO] ApiDb:250 - Set database path to: C:\Users\sruthi.sathyan\.stmcufinder\plugins\mcufinder//mcu/
2024-01-24 18:24:09,311 [INFO] DbMcusAds:125 - Set database path to: C:\Users\sruthi.sathyan\.stmcufinder\plugins\mcufinder//mcu/
2024-01-24 18:24:09,315 [INFO] CrossReferenceDbSqlite:203 - Set database path to: C:\Users\sruthi.sathyan\.stmcufinder\plugins\mcufinder//mcu/cs/
2024-01-24 18:24:09,544 [INFO] RulesReader:64 - Compatibility file has been processed (297 Rules)
2024-01-24 18:24:09,742 [INFO] DbMcusXml:78 - Set database path to: C:\ST\STM32CubeIDE_1.14.0\STM32CubeIDE\plugins\com.st.stm32cube.common.mx_6.10.0.202311202037\\db\/mcu/
2024-01-24 18:24:09,743 [INFO] ApiDb:274 - Set plugin database path to: C:\ST\STM32CubeIDE_1.14.0\STM32CubeIDE\plugins\com.st.stm32cube.common.mx_6.10.0.202311202037\\db\/plugins/boardmanager/
2024-01-24 18:24:09,743 [INFO] ApiDb:261 - Set plugin images path to: C:\ST\STM32CubeIDE_1.14.0\STM32CubeIDE\plugins\com.st.stm32cube.common.mx_6.10.0.202311202037\\db\/plugins/mcufinder/images/
2024-01-24 18:24:09,744 [WARN] DbFile:41 - Overriding database path with different value: C:\Users\sruthi.sathyan\.stmcufinder\plugins\mcufinder/ => C:\Users\sruthi.sathyan\.stmcufinder\plugins\mcufinder
2024-01-24 18:24:09,744 [INFO] ApiDb:250 - Set database path to: C:\Users\sruthi.sathyan\.stmcufinder\plugins\mcufinder//mcu/
2024-01-24 18:24:09,744 [WARN] DbFile:41 - Overriding database path with different value: C:\Users\sruthi.sathyan\.stmcufinder\plugins\mcufinder/ => C:\Users\sruthi.sathyan\.stmcufinder\plugins\mcufinder
2024-01-24 18:24:09,744 [INFO] DbMcusAds:125 - Set database path to: C:\Users\sruthi.sathyan\.stmcufinder\plugins\mcufinder//mcu/
2024-01-24 18:24:09,745 [WARN] DbFile:41 - Overriding database path with different value: C:\Users\sruthi.sathyan\.stmcufinder\plugins\mcufinder/ => C:\Users\sruthi.sathyan\.stmcufinder\plugins\mcufinder
2024-01-24 18:24:09,745 [WARN] DbFile:41 - Overriding database path with different value: C:\Users\sruthi.sathyan\.stmcufinder\plugins\mcufinder/ => C:\Users\sruthi.sathyan\.stmcufinder\plugins\mcufinder
2024-01-24 18:24:09,745 [INFO] CrossReferenceDbSqlite:203 - Set database path to: C:\Users\sruthi.sathyan\.stmcufinder\plugins\mcufinder//mcu/cs/
2024-01-24 18:24:09,938 [INFO] MainPanel:264 - HeapMemory: 268435456
2024-01-24 18:24:10,097 [INFO] DbMcusXml:78 - Set database path to: C:\ST\STM32CubeIDE_1.14.0\STM32CubeIDE\plugins\com.st.stm32cube.common.mx_6.10.0.202311202037\\db\/mcu/
2024-01-24 18:24:10,097 [INFO] ApiDb:274 - Set plugin database path to: C:\ST\STM32CubeIDE_1.14.0\STM32CubeIDE\plugins\com.st.stm32cube.common.mx_6.10.0.202311202037\\db\/plugins/boardmanager/
2024-01-24 18:24:10,098 [INFO] ApiDb:261 - Set plugin images path to: C:\ST\STM32CubeIDE_1.14.0\STM32CubeIDE\plugins\com.st.stm32cube.common.mx_6.10.0.202311202037\\db\/plugins/mcufinder/images/
2024-01-24 18:24:10,099 [WARN] DbFile:41 - Overriding database path with different value: C:\Users\sruthi.sathyan\.stmcufinder\plugins\mcufinder/ => C:\Users\sruthi.sathyan\.stmcufinder\plugins\mcufinder
2024-01-24 18:24:10,099 [INFO] ApiDb:250 - Set database path to: C:\Users\sruthi.sathyan\.stmcufinder\plugins\mcufinder//mcu/
2024-01-24 18:24:10,100 [WARN] DbFile:41 - Overriding database path with different value: C:\Users\sruthi.sathyan\.stmcufinder\plugins\mcufinder/ => C:\Users\sruthi.sathyan\.stmcufinder\plugins\mcufinder
2024-01-24 18:24:10,100 [INFO] DbMcusAds:125 - Set database path to: C:\Users\sruthi.sathyan\.stmcufinder\plugins\mcufinder//mcu/
2024-01-24 18:24:10,100 [WARN] DbFile:41 - Overriding database path with different value: C:\Users\sruthi.sathyan\.stmcufinder\plugins\mcufinder/ => C:\Users\sruthi.sathyan\.stmcufinder\plugins\mcufinder
2024-01-24 18:24:10,101 [WARN] DbFile:41 - Overriding database path with different value: C:\Users\sruthi.sathyan\.stmcufinder\plugins\mcufinder/ => C:\Users\sruthi.sathyan\.stmcufinder\plugins\mcufinder
2024-01-24 18:24:10,101 [INFO] CrossReferenceDbSqlite:203 - Set database path to: C:\Users\sruthi.sathyan\.stmcufinder\plugins\mcufinder//mcu/cs/
2024-01-24 18:24:10,172 [INFO] ApplicationProperties:184 - Using Application install path: C:\ST\STM32CubeIDE_1.14.0\STM32CubeIDE\plugins\com.st.stm32cube.common.mx_6.10.0.202311202037
2024-01-24 18:24:10,177 [INFO] PluginManage:196 - Search for loadable plugins [exclusion list=, ]
2024-01-24 18:24:10,181 [INFO] PluginManage:310 - Check plugin analytics
2024-01-24 18:24:10,611 [INFO] AnalyticsPlugin:253 - Accepted Software Licenses: 
2024-01-24 18:24:10,611 [INFO] AnalyticsPlugin:255 - Accepted CMSIS Pack Licenses: 
2024-01-24 18:24:10,612 [INFO] AnalyticsPlugin:257 - Accepted Firmware Licenses: FW.F4.1.28.0
2024-01-24 18:24:10,615 [INFO] PluginManage:359 - Loaded plugin analytics (category:tool,tabindex:-1)
2024-01-24 18:24:10,616 [INFO] PluginManage:310 - Check plugin cadmodel
2024-01-24 18:24:10,626 [INFO] CADModel:105 - Init CAD model plugin
2024-01-24 18:24:10,627 [INFO] PluginManage:359 - Loaded plugin cadmodel (category:power,tabindex:5)
2024-01-24 18:24:10,627 [INFO] PluginManage:310 - Check plugin clock
2024-01-24 18:24:10,646 [INFO] PluginManage:359 - Loaded plugin clock (category:base,tabindex:2)
2024-01-24 18:24:10,646 [INFO] PluginManage:310 - Check plugin ddr
2024-01-24 18:24:10,650 [INFO] PluginManage:359 - Loaded plugin ddr (category:tool,tabindex:6)
2024-01-24 18:24:10,650 [INFO] PluginManage:310 - Check plugin filemanager
2024-01-24 18:24:10,945 [INFO] PluginManage:359 - Loaded plugin filemanager (category:base,tabindex:10)
2024-01-24 18:24:10,945 [INFO] PluginManage:310 - Check plugin ipmanager
2024-01-24 18:24:10,961 [INFO] PluginManage:359 - Loaded plugin ipmanager (category:base,tabindex:5)
2024-01-24 18:24:10,961 [INFO] PluginManage:310 - Check plugin lpbam
2024-01-24 18:24:10,978 [INFO] PluginManage:359 - Loaded plugin lpbam (category:base,tabindex:0)
2024-01-24 18:24:10,979 [INFO] PluginManage:310 - Check plugin memorymap
2024-01-24 18:24:11,004 [INFO] PluginManage:359 - Loaded plugin memorymap (category:base,tabindex:4)
2024-01-24 18:24:11,005 [INFO] PluginManage:310 - Check plugin pinoutandconfiguration
2024-01-24 18:24:11,022 [INFO] PluginManage:359 - Loaded plugin pinoutandconfiguration (category:base,tabindex:1)
2024-01-24 18:24:11,022 [INFO] PluginManage:310 - Check plugin pinoutconfig
2024-01-24 18:24:11,247 [WARN] SupportedApi:132 - Cannot load RTOS API schema: s4s-elt-must-match.1: The content of 'definitions' must match (annotation?, (simpleType | complexType)?, (unique | key | keyref)*)). A problem was found starting at: attribute.
2024-01-24 18:24:11,473 [INFO] PluginManage:359 - Loaded plugin pinoutconfig (category:base,tabindex:0)
2024-01-24 18:24:11,473 [INFO] PluginManage:310 - Check plugin power
2024-01-24 18:24:11,494 [INFO] PluginManage:359 - Loaded plugin power (category:power,tabindex:4)
2024-01-24 18:24:11,494 [INFO] PluginManage:310 - Check plugin projectmanager
2024-01-24 18:24:11,539 [INFO] PluginManage:359 - Loaded plugin projectmanager (category:projectmanager,tabindex:3)
2024-01-24 18:24:11,540 [INFO] PluginManage:310 - Check plugin thirdparty
2024-01-24 18:24:11,777 [INFO] PluginManage:359 - Loaded plugin thirdparty (category:base,tabindex:-1)
2024-01-24 18:24:11,778 [INFO] PluginManage:310 - Check plugin tools
2024-01-24 18:24:11,778 [WARN] IntegrityCheckThread:84 - waiting for thirdparty lock release [integrity check]
2024-01-24 18:24:11,778 [INFO] IntegrityCheckThread:86 - entering critical section [integrity check]
2024-01-24 18:24:11,780 [INFO] ThirdPartyUpdaterWithRetryManager:70 - Updater plugin not ready yet. [1/15]
2024-01-24 18:24:11,785 [INFO] PluginManage:359 - Loaded plugin tools (category:base,tabindex:7)
2024-01-24 18:24:11,786 [INFO] PluginManage:310 - Check plugin tutovideos
2024-01-24 18:24:12,119 [INFO] PluginManage:359 - Loaded plugin tutovideos (category:base,tabindex:-1)
2024-01-24 18:24:12,120 [INFO] PluginManage:310 - Check plugin updater
2024-01-24 18:24:12,140 [INFO] PluginManage:359 - Loaded plugin updater (category:base,tabindex:12)
2024-01-24 18:24:12,141 [INFO] PluginManage:310 - Check plugin userauth
2024-01-24 18:24:12,153 [INFO] UserAuth:114 - Init User Auth plugin
2024-01-24 18:24:12,153 [INFO] PluginManage:359 - Loaded plugin userauth (category:base,tabindex:14)
2024-01-24 18:24:12,154 [INFO] PluginManage:283 - PluginManage : Loaded plugins [17]
2024-01-24 18:24:12,554 [INFO] PinOutPanel:1499 - setPackage(No Configuration,No Configuration)
2024-01-24 18:24:12,696 [INFO] CADModel:165 - CPN selected for project level
2024-01-24 18:24:12,697 [INFO] CADModel:114 - Register for checkConnection events
2024-01-24 18:24:12,723 [INFO] IPUIPlugin:80 - create IPUIPlugin
2024-01-24 18:24:12,724 [INFO] PluginManager:220 - loadIPPluginJar : add adc
2024-01-24 18:24:12,728 [INFO] IPUIPlugin:80 - create IPUIPlugin
2024-01-24 18:24:12,728 [INFO] PluginManager:220 - loadIPPluginJar : add aes
2024-01-24 18:24:12,736 [INFO] IPUIPlugin:80 - create IPUIPlugin
2024-01-24 18:24:12,736 [INFO] PluginManager:220 - loadIPPluginJar : add can
2024-01-24 18:24:12,740 [INFO] IPUIPlugin:80 - create IPUIPlugin
2024-01-24 18:24:12,740 [INFO] PluginManager:220 - loadIPPluginJar : add comp
2024-01-24 18:24:12,745 [INFO] IPUIPlugin:80 - create IPUIPlugin
2024-01-24 18:24:12,745 [INFO] PluginManager:220 - loadIPPluginJar : add cryp
2024-01-24 18:24:12,751 [INFO] IPUIPlugin:80 - create IPUIPlugin
2024-01-24 18:24:12,752 [INFO] PluginManager:220 - loadIPPluginJar : add dfsdm
2024-01-24 18:24:12,762 [INFO] IPUIPlugin:80 - create IPUIPlugin
2024-01-24 18:24:12,762 [INFO] PluginManager:220 - loadIPPluginJar : add dma
2024-01-24 18:24:12,767 [INFO] IPUIPlugin:80 - create IPUIPlugin
2024-01-24 18:24:12,767 [INFO] PluginManager:220 - loadIPPluginJar : add dma3
2024-01-24 18:24:12,769 [INFO] IPUIPlugin:80 - create IPUIPlugin
2024-01-24 18:24:12,770 [INFO] PluginManager:220 - loadIPPluginJar : add fatfs
2024-01-24 18:24:12,775 [INFO] IPUIPlugin:80 - create IPUIPlugin
2024-01-24 18:24:12,775 [INFO] PluginManager:220 - loadIPPluginJar : add fmc
2024-01-24 18:24:12,781 [INFO] IPUIPlugin:80 - create IPUIPlugin
2024-01-24 18:24:12,781 [INFO] PluginManager:220 - loadIPPluginJar : add freertos
2024-01-24 18:24:12,783 [INFO] IPUIPlugin:80 - create IPUIPlugin
2024-01-24 18:24:12,783 [INFO] PluginManager:220 - loadIPPluginJar : add genericplugin
2024-01-24 18:24:12,789 [INFO] IPUIPlugin:80 - create IPUIPlugin
2024-01-24 18:24:12,790 [INFO] PluginManager:220 - loadIPPluginJar : add gfxmmu
2024-01-24 18:24:12,799 [INFO] IPUIPlugin:80 - create IPUIPlugin
2024-01-24 18:24:12,800 [INFO] PluginManager:220 - loadIPPluginJar : add gic
2024-01-24 18:24:12,812 [INFO] IPUIPlugin:80 - create IPUIPlugin
2024-01-24 18:24:12,812 [INFO] PluginManager:220 - loadIPPluginJar : add gpio
2024-01-24 18:24:12,816 [INFO] IPUIPlugin:80 - create IPUIPlugin
2024-01-24 18:24:12,816 [INFO] PluginManager:220 - loadIPPluginJar : add gtzc
2024-01-24 18:24:12,820 [INFO] IPUIPlugin:80 - create IPUIPlugin
2024-01-24 18:24:12,820 [INFO] PluginManager:220 - loadIPPluginJar : add hash
2024-01-24 18:24:12,825 [INFO] IPUIPlugin:80 - create IPUIPlugin
2024-01-24 18:24:12,825 [INFO] PluginManager:220 - loadIPPluginJar : add i2c
2024-01-24 18:24:12,830 [INFO] IPUIPlugin:80 - create IPUIPlugin
2024-01-24 18:24:12,830 [INFO] PluginManager:220 - loadIPPluginJar : add i2s
2024-01-24 18:24:12,837 [INFO] IPUIPlugin:80 - create IPUIPlugin
2024-01-24 18:24:12,837 [INFO] PluginManager:220 - loadIPPluginJar : add i3c
2024-01-24 18:24:12,843 [INFO] IPUIPlugin:80 - create IPUIPlugin
2024-01-24 18:24:12,843 [INFO] PluginManager:220 - loadIPPluginJar : add ipddr
2024-01-24 18:24:12,857 [INFO] IPUIPlugin:80 - create IPUIPlugin
2024-01-24 18:24:12,858 [INFO] PluginManager:220 - loadIPPluginJar : add linkedlist
2024-01-24 18:24:12,865 [INFO] IPUIPlugin:80 - create IPUIPlugin
2024-01-24 18:24:12,865 [INFO] PluginManager:220 - loadIPPluginJar : add lorawan
2024-01-24 18:24:12,869 [INFO] IPUIPlugin:80 - create IPUIPlugin
2024-01-24 18:24:12,869 [INFO] PluginManager:220 - loadIPPluginJar : add ltdc
2024-01-24 18:24:12,880 [INFO] IPUIPlugin:80 - create IPUIPlugin
2024-01-24 18:24:12,881 [INFO] PluginManager:220 - loadIPPluginJar : add mdma
2024-01-24 18:24:12,890 [INFO] IPUIPlugin:80 - create IPUIPlugin
2024-01-24 18:24:12,890 [INFO] PluginManager:220 - loadIPPluginJar : add nvic
2024-01-24 18:24:12,897 [INFO] IPUIPlugin:80 - create IPUIPlugin
2024-01-24 18:24:12,898 [INFO] PluginManager:220 - loadIPPluginJar : add opamp
2024-01-24 18:24:12,907 [INFO] IPUIPlugin:80 - create IPUIPlugin
2024-01-24 18:24:12,907 [INFO] PluginManager:220 - loadIPPluginJar : add openamp
2024-01-24 18:24:12,915 [INFO] IPUIPlugin:80 - create IPUIPlugin
2024-01-24 18:24:12,915 [INFO] PluginManager:220 - loadIPPluginJar : add pdm2pcm
2024-01-24 18:24:12,931 [INFO] IPUIPlugin:80 - create IPUIPlugin
2024-01-24 18:24:12,936 [INFO] PluginManager:220 - loadIPPluginJar : add plateformsettings
2024-01-24 18:24:12,940 [INFO] IPUIPlugin:80 - create IPUIPlugin
2024-01-24 18:24:12,941 [INFO] PluginManager:220 - loadIPPluginJar : add quadspi
2024-01-24 18:24:12,947 [INFO] IPUIPlugin:80 - create IPUIPlugin
2024-01-24 18:24:12,947 [INFO] PluginManager:220 - loadIPPluginJar : add resmgrutility
2024-01-24 18:24:12,952 [INFO] IPUIPlugin:80 - create IPUIPlugin
2024-01-24 18:24:12,952 [INFO] PluginManager:220 - loadIPPluginJar : add sai
2024-01-24 18:24:12,958 [INFO] IPUIPlugin:80 - create IPUIPlugin
2024-01-24 18:24:12,959 [INFO] PluginManager:220 - loadIPPluginJar : add spi
2024-01-24 18:24:12,972 [INFO] IPUIPlugin:80 - create IPUIPlugin
2024-01-24 18:24:12,972 [INFO] PluginManager:220 - loadIPPluginJar : add stm32_wpan
2024-01-24 18:24:12,977 [INFO] IPUIPlugin:80 - create IPUIPlugin
2024-01-24 18:24:12,977 [INFO] PluginManager:220 - loadIPPluginJar : add tim
2024-01-24 18:24:12,985 [INFO] IPUIPlugin:80 - create IPUIPlugin
2024-01-24 18:24:12,985 [INFO] PluginManager:220 - loadIPPluginJar : add touchsensing
2024-01-24 18:24:12,991 [INFO] IPUIPlugin:80 - create IPUIPlugin
2024-01-24 18:24:12,991 [INFO] PluginManager:220 - loadIPPluginJar : add tracer_emb
2024-01-24 18:24:12,996 [INFO] IPUIPlugin:80 - create IPUIPlugin
2024-01-24 18:24:12,996 [INFO] PluginManager:220 - loadIPPluginJar : add ts
2024-01-24 18:24:13,001 [INFO] IPUIPlugin:80 - create IPUIPlugin
2024-01-24 18:24:13,001 [INFO] PluginManager:220 - loadIPPluginJar : add tsc
2024-01-24 18:24:13,006 [INFO] IPUIPlugin:80 - create IPUIPlugin
2024-01-24 18:24:13,006 [INFO] PluginManager:220 - loadIPPluginJar : add ucpd
2024-01-24 18:24:13,011 [INFO] IPUIPlugin:80 - create IPUIPlugin
2024-01-24 18:24:13,012 [INFO] PluginManager:220 - loadIPPluginJar : add usart
2024-01-24 18:24:13,017 [INFO] IPUIPlugin:80 - create IPUIPlugin
2024-01-24 18:24:13,017 [INFO] PluginManager:220 - loadIPPluginJar : add usbx
2024-01-24 18:24:13,202 [INFO] CADModel:165 - CPN selected for project level
2024-01-24 18:24:13,203 [INFO] CADModel:114 - Register for checkConnection events
2024-01-24 18:24:13,203 [FATAL] Updater:308 - Updater called before beeing initialized
2024-01-24 18:24:13,203 [ERROR] CADModel:125 - Updater not yet initialized, retry later 
2024-01-24 18:24:13,459 [INFO] CADModel:165 - CPN selected for project level
2024-01-24 18:24:13,460 [INFO] CADModel:114 - Register for checkConnection events
2024-01-24 18:24:13,460 [FATAL] Updater:308 - Updater called before beeing initialized
2024-01-24 18:24:13,460 [ERROR] CADModel:125 - Updater not yet initialized, retry later 
2024-01-24 18:24:13,465 [FATAL] Updater:308 - Updater called before beeing initialized
2024-01-24 18:24:13,674 [FATAL] Updater:308 - Updater called before beeing initialized
2024-01-24 18:24:13,681 [INFO] DbMcusAds:53 - JSON generation date=Wed Nov 29 16:22:27 IST 2023 (1701255147200)
2024-01-24 18:24:13,681 [FATAL] Updater:308 - Updater called before beeing initialized
2024-01-24 18:24:13,746 [WARN] DetailPanel:346 - Failed to get advertising image, set to default
2024-01-24 18:24:13,907 [FATAL] Updater:308 - Updater called before beeing initialized
2024-01-24 18:24:13,912 [FATAL] Updater:308 - Updater called before beeing initialized
2024-01-24 18:24:13,912 [FATAL] Updater:308 - Updater called before beeing initialized
2024-01-24 18:24:13,912 [WARN] DetailPanel:346 - Failed to get advertising image, set to default
2024-01-24 18:24:13,913 [FATAL] Updater:308 - Updater called before beeing initialized
2024-01-24 18:24:14,000 [ERROR] Updater:1120 - MainUpdater not yet initialized. External WinMGr cannot be set.
2024-01-24 18:24:14,003 [INFO] Updater:1056 - Updater Version found : 6.10.0
2024-01-24 18:24:14,033 [INFO] ApplicationProperties:184 - Using Application install path: C:\ST\STM32CubeIDE_1.14.0\STM32CubeIDE\plugins\com.st.stm32cube.common.mx_6.10.0.202311202037
2024-01-24 18:24:14,782 [INFO] ThirdPartyUpdaterWithRetryManager:70 - Updater plugin not ready yet. [2/15]
2024-01-24 18:24:15,625 [ERROR] LogOutputStream:75 - [STDERR_REDIRECT] Jan 24, 2024 6:24:15 PM java.util.prefs.WindowsPreferences <init>
2024-01-24 18:24:15,629 [ERROR] LogOutputStream:75 - [STDERR_REDIRECT] WARNING: Could not open/create prefs root node Software\JavaSoft\Prefs at root 0xffffffff80000002. Windows RegCreateKeyEx(...) returned error code 5.
2024-01-24 18:24:15,630 [ERROR] LogOutputStream:75 - [STDERR_REDIRECT] 
2024-01-24 18:24:16,256 [INFO] MainUpdater:2873 - connection check result : 10
2024-01-24 18:24:16,260 [INFO] MainUpdater:290 - Updater Check For Update Now.
2024-01-24 18:24:16,261 [INFO] MicroXplorer:498 - Change Database Version : DB.6.0.100
2024-01-24 18:24:16,273 [INFO] McuFinderGlobals:63 - Set McuFinder mode to 2 (CubeIDE integrated)
2024-01-24 18:24:16,274 [INFO] UserAuth:180 - activating auth plugin
2024-01-24 18:24:16,281 [INFO] UserAuth:404 - Internet connection configuration mode: 1
2024-01-24 18:24:16,340 [INFO] JxBrowserEngine:152 - Initiate JxBrowser Engine with user profile folder
2024-01-24 18:24:16,614 [INFO] CheckServerUpdateThread:120 - End of CheckServer Thread
2024-01-24 18:24:17,490 [INFO] WebApp:161 - Instantiating new browser for Auth
2024-01-24 18:24:18,437 [WARN] PackLoader:240 - Cannot read IP mode file for STMicroelectronics.X-CUBE-SMBUS.2.1.0
2024-01-24 18:24:18,455 [WARN] PackLoader:240 - Cannot read IP mode file for STMicroelectronics.X-CUBE-TOUCHGFX.4.23.0
2024-01-24 18:24:18,555 [WARN] PackLoader:240 - Cannot read IP mode file for STMicroelectronics.X-CUBE-AZRTOS-F7.1.1.0
2024-01-24 18:24:18,602 [WARN] PackLoader:240 - Cannot read IP mode file for STMicroelectronics.FP-SNS-MOTENV1.4.3.2
2024-01-24 18:24:18,625 [WARN] PackLoader:240 - Cannot read IP mode file for STMicroelectronics.FP-SNS-FLIGHT1.5.0.2
2024-01-24 18:24:18,647 [INFO] WebApp:780 - Register for checkConnection events
2024-01-24 18:24:18,648 [INFO] WebApp:414 - Apply proxy settings
2024-01-24 18:24:18,649 [INFO] WebApp:499 - Chromium requires no authentication
2024-01-24 18:24:18,655 [WARN] PackLoader:240 - Cannot read IP mode file for STMicroelectronics.X-CUBE-DISPLAY.3.0.0
2024-01-24 18:24:18,669 [INFO] WebApp:442 - Direct internet connection detected
2024-01-24 18:24:18,691 [WARN] PackLoader:240 - Cannot read IP mode file for STMicroelectronics.X-CUBE-BLE1.7.0.0
2024-01-24 18:24:18,711 [WARN] PackLoader:240 - Cannot read IP mode file for emotas.I-CUBE-CANOPEN.1.3.0
2024-01-24 18:24:18,729 [WARN] PackLoader:240 - Cannot read IP mode file for STMicroelectronics.FP-SNS-SMARTAG2.1.2.0
2024-01-24 18:24:18,769 [INFO] LogOutputStream:77 - [STDOUT_REDIRECT] 1 : Invalid condition id : UX_CORESTACK_Condition cause : null
2024-01-24 18:24:18,771 [INFO] LogOutputStream:77 - [STDOUT_REDIRECT] 1 : Invalid condition id : UX_CORESTACK_Condition cause : null
2024-01-24 18:24:18,775 [INFO] LogOutputStream:77 - [STDOUT_REDIRECT] 1 : Invalid condition id : UX_CORESTACK_Condition cause : null
2024-01-24 18:24:18,777 [INFO] LogOutputStream:77 - [STDOUT_REDIRECT] 1 : Invalid condition id : UX_CORESTACK_Condition cause : null
2024-01-24 18:24:18,779 [INFO] LogOutputStream:77 - [STDOUT_REDIRECT] 1 : Invalid condition id : UX_CORESTACK_Condition cause : null
2024-01-24 18:24:18,810 [WARN] PackLoader:240 - Cannot read IP mode file for STMicroelectronics.X-CUBE-AZRTOS-WL.2.0.0
2024-01-24 18:24:18,849 [WARN] PackLoader:240 - Cannot read IP mode file for WES.I-CUBE-Cesium.1.3.0
2024-01-24 18:24:18,870 [WARN] PackLoader:240 - Cannot read IP mode file for STMicroelectronics.X-CUBE-BLE2.3.3.0
2024-01-24 18:24:18,900 [WARN] PackLoader:240 - Cannot read IP mode file for STMicroelectronics.X-CUBE-ALGOBUILD.1.3.0
2024-01-24 18:24:18,995 [WARN] PackLoader:240 - Cannot read IP mode file for STMicroelectronics.X-CUBE-AZRTOS-G0.1.1.0
2024-01-24 18:24:19,020 [WARN] PackLoader:240 - Cannot read IP mode file for STMicroelectronics.X-CUBE-NFC4.3.0.0
2024-01-24 18:24:19,054 [WARN] PackLoader:240 - Cannot read IP mode file for STMicroelectronics.X-CUBE-BLEMGR.3.0.0
2024-01-24 18:24:19,081 [WARN] PackLoader:240 - Cannot read IP mode file for STMicroelectronics.FP-ATR-SIGFOX1.3.2.0
2024-01-24 18:24:19,182 [WARN] PackLoader:240 - Cannot read IP mode file for SEGGER.I-CUBE-embOS.1.3.1
2024-01-24 18:24:19,269 [INFO] WebApp:192 - Starting web application
2024-01-24 18:24:19,269 [INFO] WebApp:544 - Web application path used C:\ST\STM32CubeIDE_1.14.0\STM32CubeIDE\plugins\com.st.stm32cube.common.mx_6.10.0.202311202037\db\plugins\mcufinder\reactClient1\index.html
2024-01-24 18:24:19,371 [WARN] PackLoader:240 - Cannot read IP mode file for STMicroelectronics.X-CUBE-GNSS1.6.0.0
2024-01-24 18:24:19,423 [WARN] PackLoader:240 - Cannot read IP mode file for STMicroelectronics.X-CUBE-AZRTOS-F4.1.1.0
2024-01-24 18:24:19,439 [WARN] PackLoader:240 - Cannot read IP mode file for wolfSSL.I-CUBE-wolfSSL.5.6.6
2024-01-24 18:24:19,491 [WARN] PackLoader:240 - Cannot read IP mode file for STMicroelectronics.X-CUBE-AZRTOS-L5.2.0.0
2024-01-24 18:24:19,542 [WARN] PackLoader:240 - Cannot read IP mode file for STMicroelectronics.X-CUBE-EEPRMA1.4.2.0
2024-01-24 18:24:19,565 [WARN] PackLoader:240 - Cannot read IP mode file for ITTIA_DB.I-CUBE-ITTIADB.8.8.0
2024-01-24 18:24:19,581 [WARN] PackLoader:240 - Cannot read IP mode file for STMicroelectronics.X-CUBE-NFC7.1.0.1
2024-01-24 18:24:19,606 [WARN] PackLoader:240 - Cannot read IP mode file for STMicroelectronics.X-CUBE-NFC6.3.0.0
2024-01-24 18:24:19,627 [WARN] PackLoader:240 - Cannot read IP mode file for STMicroelectronics.X-CUBE-AI.8.1.0
2024-01-24 18:24:19,682 [WARN] ConditionMgr:438 - getConditionDescription Invalid condition id : LAN8742 Phy interface Condition cause : null
2024-01-24 18:24:19,685 [WARN] PackLoader:240 - Cannot read IP mode file for STMicroelectronics.X-CUBE-AZRTOS-L4.2.0.0
2024-01-24 18:24:19,688 [WARN] ConditionMgr:1039 - genDependencies : Invalid condition id : LAN8742 Phy interface Condition cause : null
2024-01-24 18:24:19,689 [WARN] ConditionMgr:1039 - genDependencies : Invalid condition id : LAN8742 Phy interface Condition cause : null
2024-01-24 18:24:19,691 [WARN] ConditionMgr:1039 - genDependencies : Invalid condition id : LAN8742 Phy interface Condition cause : null
2024-01-24 18:24:19,718 [WARN] PackLoader:240 - Cannot read IP mode file for STMicroelectronics.X-CUBE-SFXS2LP1.4.0.0
2024-01-24 18:24:19,778 [WARN] ConditionMgr:438 - getConditionDescription Invalid condition id : UX DEVICE CLASS RTOS Condition cause : null
2024-01-24 18:24:19,779 [WARN] ConditionMgr:438 - getConditionDescription Invalid condition id : UX DEVICE CLASS RTOS Condition cause : null
2024-01-24 18:24:19,785 [WARN] PackLoader:240 - Cannot read IP mode file for STMicroelectronics.X-CUBE-AZRTOS-WB.2.0.0
2024-01-24 18:24:19,786 [WARN] ConditionMgr:1039 - genDependencies : Invalid condition id : UX DEVICE CLASS RTOS Condition cause : null
2024-01-24 18:24:19,786 [WARN] ConditionMgr:1039 - genDependencies : Invalid condition id : UX DEVICE CLASS RTOS Condition cause : null
2024-01-24 18:24:19,787 [WARN] ConditionMgr:1039 - genDependencies : Invalid condition id : UX DEVICE CLASS RTOS Condition cause : null
2024-01-24 18:24:19,788 [WARN] ConditionMgr:1039 - genDependencies : Invalid condition id : UX DEVICE CLASS RTOS Condition cause : null
2024-01-24 18:24:19,788 [WARN] ConditionMgr:1039 - genDependencies : Invalid condition id : UX DEVICE CLASS RTOS Condition cause : null
2024-01-24 18:24:19,818 [WARN] PackLoader:240 - Cannot read IP mode file for STMicroelectronics.X-CUBE-SUBG2.5.0.0
2024-01-24 18:24:19,876 [WARN] PackLoader:240 - Cannot read IP mode file for STMicroelectronics.X-CUBE-AZRTOS-G4.2.0.0
2024-01-24 18:24:19,918 [WARN] PackLoader:240 - Cannot read IP mode file for Infineon.AIROC-Wi-Fi-Bluetooth-STM32.1.5.1
2024-01-24 18:24:19,939 [WARN] PackLoader:240 - Cannot read IP mode file for STMicroelectronics.FP-SNS-MOTENVWB1.1.3.1
2024-01-24 18:24:19,956 [WARN] PackLoader:240 - Cannot read IP mode file for STMicroelectronics.X-CUBE-ISPU.2.0.0
2024-01-24 18:24:20,046 [WARN] PackLoader:240 - Cannot read IP mode file for STMicroelectronics.X-CUBE-MEMS1.10.0.0
2024-01-24 18:24:20,372 [WARN] PackLoader:240 - Cannot read IP mode file for STMicroelectronics.X-CUBE-FREERTOS.1.1.0
2024-01-24 18:24:20,387 [WARN] PackLoader:240 - Cannot read IP mode file for portGmbH.I-Cube-SoM-uGOAL.1.1.0
2024-01-24 18:24:20,399 [WARN] PackLoader:240 - Cannot read IP mode file for STMicroelectronics.X-CUBE-ALS.1.0.1
2024-01-24 18:24:20,415 [WARN] PackLoader:240 - Cannot read IP mode file for STMicroelectronics.FP-ATR-ASTRA1.2.0.0
2024-01-24 18:24:20,453 [WARN] PackLoader:240 - Cannot read IP mode file for STMicroelectronics.X-CUBE-TOF1.3.4.0
2024-01-24 18:24:20,558 [WARN] PackLoader:240 - Cannot read IP mode file for STMicroelectronics.X-CUBE-AZRTOS-H7.3.2.0
2024-01-24 18:24:20,568 [INFO] ThirdParty:978 - Integrity check success = true
2024-01-24 18:24:20,568 [INFO] IntegrityCheckThread:100 - exiting critical section [integrity check]
2024-01-24 18:24:20,569 [INFO] IntegrityCheckThread:103 - End integrity checks thread
2024-01-24 18:24:40,860 [ERROR] LogOutputStream:75 - [STDERR_REDIRECT] SLF4J: Failed to load class "org.slf4j.impl.StaticLoggerBinder".
2024-01-24 18:24:40,862 [ERROR] LogOutputStream:75 - [STDERR_REDIRECT] SLF4J: Defaulting to no-operation (NOP) logger implementation
2024-01-24 18:24:40,865 [ERROR] LogOutputStream:75 - [STDERR_REDIRECT] SLF4J: See http://www.slf4j.org/codes.html#StaticLoggerBinder for further details.
2024-01-24 18:25:15,354 [ERROR] LogOutputStream:75 - [STDERR_REDIRECT] 
2024-01-24 18:25:15,356 [ERROR] LogOutputStream:75 - [STDERR_REDIRECT] 
