2024-02-27 21:32:06,109 [INFO] Activator:176 - 


2024-02-27 21:32:06,120 [INFO] Activator:177 - !SESSION log4j initialized
2024-02-27 21:32:12,834 [INFO] LogOutputStream:77 - [STDOUT_REDIRECT] 
2024-02-27 21:32:25,645 [INFO] ApplicationProperties:184 - Using Application install path: C:\ST\STM32CubeIDE_1.14.0\STM32CubeIDE\plugins\com.st.stm32cube.common.mx_6.10.0.202311202037
2024-02-27 21:32:25,665 [INFO] DbMcusXml:78 - Set database path to: C:\ST\STM32CubeIDE_1.14.0\STM32CubeIDE\plugins\com.st.stm32cube.common.mx_6.10.0.202311202037\\db\/mcu/
2024-02-27 21:32:25,665 [INFO] ApiDb:274 - Set plugin database path to: C:\ST\STM32CubeIDE_1.14.0\STM32CubeIDE\plugins\com.st.stm32cube.common.mx_6.10.0.202311202037\\db\/plugins/boardmanager/
2024-02-27 21:32:25,666 [WARN] ApiDb:259 - Overriding images path with different value:  => C:\ST\STM32CubeIDE_1.14.0\STM32CubeIDE\plugins\com.st.stm32cube.common.mx_6.10.0.202311202037\\db\/plugins/mcufinder/images/
2024-02-27 21:32:25,675 [INFO] ApiDb:250 - Set database path to: C:\Users\sruthi.sathyan\.stmcufinder\plugins\mcufinder//mcu/
2024-02-27 21:32:25,676 [INFO] DbMcusAds:125 - Set database path to: C:\Users\sruthi.sathyan\.stmcufinder\plugins\mcufinder//mcu/
2024-02-27 21:32:25,679 [INFO] CrossReferenceDbSqlite:203 - Set database path to: C:\Users\sruthi.sathyan\.stmcufinder\plugins\mcufinder//mcu/cs/
2024-02-27 21:32:25,805 [INFO] RulesReader:64 - Compatibility file has been processed (297 Rules)
2024-02-27 21:32:25,916 [INFO] DbMcusXml:78 - Set database path to: C:\ST\STM32CubeIDE_1.14.0\STM32CubeIDE\plugins\com.st.stm32cube.common.mx_6.10.0.202311202037\\db\/mcu/
2024-02-27 21:32:25,916 [INFO] ApiDb:274 - Set plugin database path to: C:\ST\STM32CubeIDE_1.14.0\STM32CubeIDE\plugins\com.st.stm32cube.common.mx_6.10.0.202311202037\\db\/plugins/boardmanager/
2024-02-27 21:32:25,916 [INFO] ApiDb:261 - Set plugin images path to: C:\ST\STM32CubeIDE_1.14.0\STM32CubeIDE\plugins\com.st.stm32cube.common.mx_6.10.0.202311202037\\db\/plugins/mcufinder/images/
2024-02-27 21:32:25,916 [WARN] DbFile:41 - Overriding database path with different value: C:\Users\sruthi.sathyan\.stmcufinder\plugins\mcufinder/ => C:\Users\sruthi.sathyan\.stmcufinder\plugins\mcufinder
2024-02-27 21:32:25,917 [INFO] ApiDb:250 - Set database path to: C:\Users\sruthi.sathyan\.stmcufinder\plugins\mcufinder//mcu/
2024-02-27 21:32:25,917 [WARN] DbFile:41 - Overriding database path with different value: C:\Users\sruthi.sathyan\.stmcufinder\plugins\mcufinder/ => C:\Users\sruthi.sathyan\.stmcufinder\plugins\mcufinder
2024-02-27 21:32:25,917 [INFO] DbMcusAds:125 - Set database path to: C:\Users\sruthi.sathyan\.stmcufinder\plugins\mcufinder//mcu/
2024-02-27 21:32:25,917 [WARN] DbFile:41 - Overriding database path with different value: C:\Users\sruthi.sathyan\.stmcufinder\plugins\mcufinder/ => C:\Users\sruthi.sathyan\.stmcufinder\plugins\mcufinder
2024-02-27 21:32:25,917 [WARN] DbFile:41 - Overriding database path with different value: C:\Users\sruthi.sathyan\.stmcufinder\plugins\mcufinder/ => C:\Users\sruthi.sathyan\.stmcufinder\plugins\mcufinder
2024-02-27 21:32:25,917 [INFO] CrossReferenceDbSqlite:203 - Set database path to: C:\Users\sruthi.sathyan\.stmcufinder\plugins\mcufinder//mcu/cs/
2024-02-27 21:32:26,023 [INFO] MainPanel:264 - HeapMemory: 268435456
2024-02-27 21:32:26,118 [INFO] DbMcusXml:78 - Set database path to: C:\ST\STM32CubeIDE_1.14.0\STM32CubeIDE\plugins\com.st.stm32cube.common.mx_6.10.0.202311202037\\db\/mcu/
2024-02-27 21:32:26,118 [INFO] ApiDb:274 - Set plugin database path to: C:\ST\STM32CubeIDE_1.14.0\STM32CubeIDE\plugins\com.st.stm32cube.common.mx_6.10.0.202311202037\\db\/plugins/boardmanager/
2024-02-27 21:32:26,118 [INFO] ApiDb:261 - Set plugin images path to: C:\ST\STM32CubeIDE_1.14.0\STM32CubeIDE\plugins\com.st.stm32cube.common.mx_6.10.0.202311202037\\db\/plugins/mcufinder/images/
2024-02-27 21:32:26,118 [WARN] DbFile:41 - Overriding database path with different value: C:\Users\sruthi.sathyan\.stmcufinder\plugins\mcufinder/ => C:\Users\sruthi.sathyan\.stmcufinder\plugins\mcufinder
2024-02-27 21:32:26,119 [INFO] ApiDb:250 - Set database path to: C:\Users\sruthi.sathyan\.stmcufinder\plugins\mcufinder//mcu/
2024-02-27 21:32:26,119 [WARN] DbFile:41 - Overriding database path with different value: C:\Users\sruthi.sathyan\.stmcufinder\plugins\mcufinder/ => C:\Users\sruthi.sathyan\.stmcufinder\plugins\mcufinder
2024-02-27 21:32:26,119 [INFO] DbMcusAds:125 - Set database path to: C:\Users\sruthi.sathyan\.stmcufinder\plugins\mcufinder//mcu/
2024-02-27 21:32:26,119 [WARN] DbFile:41 - Overriding database path with different value: C:\Users\sruthi.sathyan\.stmcufinder\plugins\mcufinder/ => C:\Users\sruthi.sathyan\.stmcufinder\plugins\mcufinder
2024-02-27 21:32:26,119 [WARN] DbFile:41 - Overriding database path with different value: C:\Users\sruthi.sathyan\.stmcufinder\plugins\mcufinder/ => C:\Users\sruthi.sathyan\.stmcufinder\plugins\mcufinder
2024-02-27 21:32:26,119 [INFO] CrossReferenceDbSqlite:203 - Set database path to: C:\Users\sruthi.sathyan\.stmcufinder\plugins\mcufinder//mcu/cs/
2024-02-27 21:32:26,144 [INFO] ApplicationProperties:184 - Using Application install path: C:\ST\STM32CubeIDE_1.14.0\STM32CubeIDE\plugins\com.st.stm32cube.common.mx_6.10.0.202311202037
2024-02-27 21:32:26,146 [INFO] PluginManage:196 - Search for loadable plugins [exclusion list=, ]
2024-02-27 21:32:26,147 [INFO] PluginManage:310 - Check plugin analytics
2024-02-27 21:32:26,363 [INFO] AnalyticsPlugin:253 - Accepted Software Licenses: 
2024-02-27 21:32:26,364 [INFO] AnalyticsPlugin:255 - Accepted CMSIS Pack Licenses: 
2024-02-27 21:32:26,364 [INFO] AnalyticsPlugin:257 - Accepted Firmware Licenses: FW.F4.1.28.0
2024-02-27 21:32:26,368 [INFO] PluginManage:359 - Loaded plugin analytics (category:tool,tabindex:-1)
2024-02-27 21:32:26,368 [INFO] PluginManage:310 - Check plugin cadmodel
2024-02-27 21:32:26,377 [INFO] CADModel:105 - Init CAD model plugin
2024-02-27 21:32:26,378 [INFO] PluginManage:359 - Loaded plugin cadmodel (category:power,tabindex:5)
2024-02-27 21:32:26,378 [INFO] PluginManage:310 - Check plugin clock
2024-02-27 21:32:26,389 [INFO] PluginManage:359 - Loaded plugin clock (category:base,tabindex:2)
2024-02-27 21:32:26,390 [INFO] PluginManage:310 - Check plugin ddr
2024-02-27 21:32:26,394 [INFO] PluginManage:359 - Loaded plugin ddr (category:tool,tabindex:6)
2024-02-27 21:32:26,394 [INFO] PluginManage:310 - Check plugin filemanager
2024-02-27 21:32:26,558 [INFO] PluginManage:359 - Loaded plugin filemanager (category:base,tabindex:10)
2024-02-27 21:32:26,558 [INFO] PluginManage:310 - Check plugin ipmanager
2024-02-27 21:32:26,568 [INFO] PluginManage:359 - Loaded plugin ipmanager (category:base,tabindex:5)
2024-02-27 21:32:26,568 [INFO] PluginManage:310 - Check plugin lpbam
2024-02-27 21:32:26,580 [INFO] PluginManage:359 - Loaded plugin lpbam (category:base,tabindex:0)
2024-02-27 21:32:26,580 [INFO] PluginManage:310 - Check plugin memorymap
2024-02-27 21:32:26,601 [INFO] PluginManage:359 - Loaded plugin memorymap (category:base,tabindex:4)
2024-02-27 21:32:26,601 [INFO] PluginManage:310 - Check plugin pinoutandconfiguration
2024-02-27 21:32:26,610 [INFO] PluginManage:359 - Loaded plugin pinoutandconfiguration (category:base,tabindex:1)
2024-02-27 21:32:26,610 [INFO] PluginManage:310 - Check plugin pinoutconfig
2024-02-27 21:32:26,709 [WARN] SupportedApi:132 - Cannot load RTOS API schema: s4s-elt-must-match.1: The content of 'definitions' must match (annotation?, (simpleType | complexType)?, (unique | key | keyref)*)). A problem was found starting at: attribute.
2024-02-27 21:32:26,889 [INFO] PluginManage:359 - Loaded plugin pinoutconfig (category:base,tabindex:0)
2024-02-27 21:32:26,889 [INFO] PluginManage:310 - Check plugin power
2024-02-27 21:32:26,902 [INFO] PluginManage:359 - Loaded plugin power (category:power,tabindex:4)
2024-02-27 21:32:26,902 [INFO] PluginManage:310 - Check plugin projectmanager
2024-02-27 21:32:26,922 [INFO] PluginManage:359 - Loaded plugin projectmanager (category:projectmanager,tabindex:3)
2024-02-27 21:32:26,922 [INFO] PluginManage:310 - Check plugin thirdparty
2024-02-27 21:32:27,195 [INFO] PluginManage:359 - Loaded plugin thirdparty (category:base,tabindex:-1)
2024-02-27 21:32:27,195 [WARN] IntegrityCheckThread:84 - waiting for thirdparty lock release [integrity check]
2024-02-27 21:32:27,196 [INFO] PluginManage:310 - Check plugin tools
2024-02-27 21:32:27,196 [INFO] IntegrityCheckThread:86 - entering critical section [integrity check]
2024-02-27 21:32:27,196 [INFO] ThirdPartyUpdaterWithRetryManager:70 - Updater plugin not ready yet. [1/15]
2024-02-27 21:32:27,200 [INFO] PluginManage:359 - Loaded plugin tools (category:base,tabindex:7)
2024-02-27 21:32:27,200 [INFO] PluginManage:310 - Check plugin tutovideos
2024-02-27 21:32:27,416 [INFO] PluginManage:359 - Loaded plugin tutovideos (category:base,tabindex:-1)
2024-02-27 21:32:27,417 [INFO] PluginManage:310 - Check plugin updater
2024-02-27 21:32:27,429 [INFO] PluginManage:359 - Loaded plugin updater (category:base,tabindex:12)
2024-02-27 21:32:27,429 [INFO] PluginManage:310 - Check plugin userauth
2024-02-27 21:32:27,435 [INFO] UserAuth:114 - Init User Auth plugin
2024-02-27 21:32:27,435 [INFO] PluginManage:359 - Loaded plugin userauth (category:base,tabindex:14)
2024-02-27 21:32:27,436 [INFO] PluginManage:283 - PluginManage : Loaded plugins [17]
2024-02-27 21:32:27,677 [INFO] PinOutPanel:1499 - setPackage(No Configuration,No Configuration)
2024-02-27 21:32:27,779 [INFO] CADModel:165 - CPN selected for project level
2024-02-27 21:32:27,779 [INFO] CADModel:114 - Register for checkConnection events
2024-02-27 21:32:27,800 [INFO] IPUIPlugin:80 - create IPUIPlugin
2024-02-27 21:32:27,800 [INFO] PluginManager:220 - loadIPPluginJar : add adc
2024-02-27 21:32:27,804 [INFO] IPUIPlugin:80 - create IPUIPlugin
2024-02-27 21:32:27,804 [INFO] PluginManager:220 - loadIPPluginJar : add aes
2024-02-27 21:32:27,808 [INFO] IPUIPlugin:80 - create IPUIPlugin
2024-02-27 21:32:27,808 [INFO] PluginManager:220 - loadIPPluginJar : add can
2024-02-27 21:32:27,812 [INFO] IPUIPlugin:80 - create IPUIPlugin
2024-02-27 21:32:27,812 [INFO] PluginManager:220 - loadIPPluginJar : add comp
2024-02-27 21:32:27,816 [INFO] IPUIPlugin:80 - create IPUIPlugin
2024-02-27 21:32:27,816 [INFO] PluginManager:220 - loadIPPluginJar : add cryp
2024-02-27 21:32:27,820 [INFO] IPUIPlugin:80 - create IPUIPlugin
2024-02-27 21:32:27,820 [INFO] PluginManager:220 - loadIPPluginJar : add dfsdm
2024-02-27 21:32:27,828 [INFO] IPUIPlugin:80 - create IPUIPlugin
2024-02-27 21:32:27,828 [INFO] PluginManager:220 - loadIPPluginJar : add dma
2024-02-27 21:32:27,832 [INFO] IPUIPlugin:80 - create IPUIPlugin
2024-02-27 21:32:27,832 [INFO] PluginManager:220 - loadIPPluginJar : add dma3
2024-02-27 21:32:27,835 [INFO] IPUIPlugin:80 - create IPUIPlugin
2024-02-27 21:32:27,836 [INFO] PluginManager:220 - loadIPPluginJar : add fatfs
2024-02-27 21:32:27,842 [INFO] IPUIPlugin:80 - create IPUIPlugin
2024-02-27 21:32:27,842 [INFO] PluginManager:220 - loadIPPluginJar : add fmc
2024-02-27 21:32:27,848 [INFO] IPUIPlugin:80 - create IPUIPlugin
2024-02-27 21:32:27,848 [INFO] PluginManager:220 - loadIPPluginJar : add freertos
2024-02-27 21:32:27,852 [INFO] IPUIPlugin:80 - create IPUIPlugin
2024-02-27 21:32:27,852 [INFO] PluginManager:220 - loadIPPluginJar : add genericplugin
2024-02-27 21:32:27,856 [INFO] IPUIPlugin:80 - create IPUIPlugin
2024-02-27 21:32:27,858 [INFO] PluginManager:220 - loadIPPluginJar : add gfxmmu
2024-02-27 21:32:27,865 [INFO] IPUIPlugin:80 - create IPUIPlugin
2024-02-27 21:32:27,865 [INFO] PluginManager:220 - loadIPPluginJar : add gic
2024-02-27 21:32:27,870 [INFO] IPUIPlugin:80 - create IPUIPlugin
2024-02-27 21:32:27,870 [INFO] PluginManager:220 - loadIPPluginJar : add gpio
2024-02-27 21:32:27,874 [INFO] IPUIPlugin:80 - create IPUIPlugin
2024-02-27 21:32:27,874 [INFO] PluginManager:220 - loadIPPluginJar : add gtzc
2024-02-27 21:32:27,879 [INFO] IPUIPlugin:80 - create IPUIPlugin
2024-02-27 21:32:27,879 [INFO] PluginManager:220 - loadIPPluginJar : add hash
2024-02-27 21:32:27,884 [INFO] IPUIPlugin:80 - create IPUIPlugin
2024-02-27 21:32:27,884 [INFO] PluginManager:220 - loadIPPluginJar : add i2c
2024-02-27 21:32:27,888 [INFO] IPUIPlugin:80 - create IPUIPlugin
2024-02-27 21:32:27,888 [INFO] PluginManager:220 - loadIPPluginJar : add i2s
2024-02-27 21:32:27,893 [INFO] IPUIPlugin:80 - create IPUIPlugin
2024-02-27 21:32:27,893 [INFO] PluginManager:220 - loadIPPluginJar : add i3c
2024-02-27 21:32:27,900 [INFO] IPUIPlugin:80 - create IPUIPlugin
2024-02-27 21:32:27,900 [INFO] PluginManager:220 - loadIPPluginJar : add ipddr
2024-02-27 21:32:27,910 [INFO] IPUIPlugin:80 - create IPUIPlugin
2024-02-27 21:32:27,910 [INFO] PluginManager:220 - loadIPPluginJar : add linkedlist
2024-02-27 21:32:27,914 [INFO] IPUIPlugin:80 - create IPUIPlugin
2024-02-27 21:32:27,914 [INFO] PluginManager:220 - loadIPPluginJar : add lorawan
2024-02-27 21:32:27,916 [INFO] IPUIPlugin:80 - create IPUIPlugin
2024-02-27 21:32:27,916 [INFO] PluginManager:220 - loadIPPluginJar : add ltdc
2024-02-27 21:32:27,922 [INFO] IPUIPlugin:80 - create IPUIPlugin
2024-02-27 21:32:27,923 [INFO] PluginManager:220 - loadIPPluginJar : add mdma
2024-02-27 21:32:27,929 [INFO] IPUIPlugin:80 - create IPUIPlugin
2024-02-27 21:32:27,929 [INFO] PluginManager:220 - loadIPPluginJar : add nvic
2024-02-27 21:32:27,933 [INFO] IPUIPlugin:80 - create IPUIPlugin
2024-02-27 21:32:27,933 [INFO] PluginManager:220 - loadIPPluginJar : add opamp
2024-02-27 21:32:27,937 [INFO] IPUIPlugin:80 - create IPUIPlugin
2024-02-27 21:32:27,937 [INFO] PluginManager:220 - loadIPPluginJar : add openamp
2024-02-27 21:32:27,940 [INFO] IPUIPlugin:80 - create IPUIPlugin
2024-02-27 21:32:27,940 [INFO] PluginManager:220 - loadIPPluginJar : add pdm2pcm
2024-02-27 21:32:27,948 [INFO] IPUIPlugin:80 - create IPUIPlugin
2024-02-27 21:32:27,951 [INFO] PluginManager:220 - loadIPPluginJar : add plateformsettings
2024-02-27 21:32:27,953 [INFO] IPUIPlugin:80 - create IPUIPlugin
2024-02-27 21:32:27,953 [INFO] PluginManager:220 - loadIPPluginJar : add quadspi
2024-02-27 21:32:27,957 [INFO] IPUIPlugin:80 - create IPUIPlugin
2024-02-27 21:32:27,958 [INFO] PluginManager:220 - loadIPPluginJar : add resmgrutility
2024-02-27 21:32:27,961 [INFO] IPUIPlugin:80 - create IPUIPlugin
2024-02-27 21:32:27,961 [INFO] PluginManager:220 - loadIPPluginJar : add sai
2024-02-27 21:32:27,965 [INFO] IPUIPlugin:80 - create IPUIPlugin
2024-02-27 21:32:27,965 [INFO] PluginManager:220 - loadIPPluginJar : add spi
2024-02-27 21:32:27,970 [INFO] IPUIPlugin:80 - create IPUIPlugin
2024-02-27 21:32:27,970 [INFO] PluginManager:220 - loadIPPluginJar : add stm32_wpan
2024-02-27 21:32:27,973 [INFO] IPUIPlugin:80 - create IPUIPlugin
2024-02-27 21:32:27,973 [INFO] PluginManager:220 - loadIPPluginJar : add tim
2024-02-27 21:32:27,979 [INFO] IPUIPlugin:80 - create IPUIPlugin
2024-02-27 21:32:27,979 [INFO] PluginManager:220 - loadIPPluginJar : add touchsensing
2024-02-27 21:32:27,982 [INFO] IPUIPlugin:80 - create IPUIPlugin
2024-02-27 21:32:27,982 [INFO] PluginManager:220 - loadIPPluginJar : add tracer_emb
2024-02-27 21:32:27,985 [INFO] IPUIPlugin:80 - create IPUIPlugin
2024-02-27 21:32:27,985 [INFO] PluginManager:220 - loadIPPluginJar : add ts
2024-02-27 21:32:27,987 [INFO] IPUIPlugin:80 - create IPUIPlugin
2024-02-27 21:32:27,987 [INFO] PluginManager:220 - loadIPPluginJar : add tsc
2024-02-27 21:32:27,989 [INFO] IPUIPlugin:80 - create IPUIPlugin
2024-02-27 21:32:27,989 [INFO] PluginManager:220 - loadIPPluginJar : add ucpd
2024-02-27 21:32:27,993 [INFO] IPUIPlugin:80 - create IPUIPlugin
2024-02-27 21:32:27,993 [INFO] PluginManager:220 - loadIPPluginJar : add usart
2024-02-27 21:32:27,998 [INFO] IPUIPlugin:80 - create IPUIPlugin
2024-02-27 21:32:27,998 [INFO] PluginManager:220 - loadIPPluginJar : add usbx
2024-02-27 21:32:28,130 [INFO] CADModel:165 - CPN selected for project level
2024-02-27 21:32:28,130 [INFO] CADModel:114 - Register for checkConnection events
2024-02-27 21:32:28,130 [FATAL] Updater:308 - Updater called before beeing initialized
2024-02-27 21:32:28,130 [ERROR] CADModel:125 - Updater not yet initialized, retry later 
2024-02-27 21:32:28,280 [INFO] CADModel:165 - CPN selected for project level
2024-02-27 21:32:28,280 [INFO] CADModel:114 - Register for checkConnection events
2024-02-27 21:32:28,280 [FATAL] Updater:308 - Updater called before beeing initialized
2024-02-27 21:32:28,280 [ERROR] CADModel:125 - Updater not yet initialized, retry later 
2024-02-27 21:32:28,284 [FATAL] Updater:308 - Updater called before beeing initialized
2024-02-27 21:32:28,412 [FATAL] Updater:308 - Updater called before beeing initialized
2024-02-27 21:32:28,422 [INFO] DbMcusAds:53 - JSON generation date=Wed Nov 29 16:22:27 IST 2023 (1701255147349)
2024-02-27 21:32:28,422 [FATAL] Updater:308 - Updater called before beeing initialized
2024-02-27 21:32:28,467 [WARN] DetailPanel:346 - Failed to get advertising image, set to default
2024-02-27 21:32:28,579 [FATAL] Updater:308 - Updater called before beeing initialized
2024-02-27 21:32:28,581 [FATAL] Updater:308 - Updater called before beeing initialized
2024-02-27 21:32:28,581 [FATAL] Updater:308 - Updater called before beeing initialized
2024-02-27 21:32:28,581 [WARN] DetailPanel:346 - Failed to get advertising image, set to default
2024-02-27 21:32:28,582 [FATAL] Updater:308 - Updater called before beeing initialized
2024-02-27 21:32:28,649 [ERROR] Updater:1120 - MainUpdater not yet initialized. External WinMGr cannot be set.
2024-02-27 21:32:28,661 [INFO] Updater:1056 - Updater Version found : 6.10.0
2024-02-27 21:32:28,681 [INFO] ApplicationProperties:184 - Using Application install path: C:\ST\STM32CubeIDE_1.14.0\STM32CubeIDE\plugins\com.st.stm32cube.common.mx_6.10.0.202311202037
2024-02-27 21:32:30,197 [INFO] ThirdPartyUpdaterWithRetryManager:70 - Updater plugin not ready yet. [2/15]
2024-02-27 21:32:30,258 [ERROR] LogOutputStream:75 - [STDERR_REDIRECT] Feb 27, 2024 9:32:30 PM java.util.prefs.WindowsPreferences <init>
2024-02-27 21:32:30,261 [ERROR] LogOutputStream:75 - [STDERR_REDIRECT] WARNING: Could not open/create prefs root node Software\JavaSoft\Prefs at root 0xffffffff80000002. Windows RegCreateKeyEx(...) returned error code 5.
2024-02-27 21:32:30,261 [ERROR] LogOutputStream:75 - [STDERR_REDIRECT] 
2024-02-27 21:32:30,602 [INFO] MainUpdater:2873 - connection check result : 22
2024-02-27 21:32:30,604 [INFO] MainUpdater:290 - Updater Check For Update Now.
2024-02-27 21:32:30,604 [INFO] MicroXplorer:498 - Change Database Version : DB.6.0.100
2024-02-27 21:32:30,629 [INFO] McuFinderGlobals:63 - Set McuFinder mode to 2 (CubeIDE integrated)
2024-02-27 21:32:30,630 [INFO] UserAuth:180 - activating auth plugin
2024-02-27 21:32:30,637 [INFO] UserAuth:404 - Internet connection configuration mode: 2
2024-02-27 21:32:30,728 [INFO] UserAuth:404 - Internet connection configuration mode: 2
2024-02-27 21:32:30,954 [INFO] CheckServerUpdateThread:120 - End of CheckServer Thread
2024-02-27 21:32:33,413 [WARN] PackLoader:240 - Cannot read IP mode file for STMicroelectronics.X-CUBE-SMBUS.2.1.0
2024-02-27 21:32:33,426 [WARN] PackLoader:240 - Cannot read IP mode file for STMicroelectronics.X-CUBE-TOUCHGFX.4.23.0
2024-02-27 21:32:33,469 [WARN] PackLoader:240 - Cannot read IP mode file for STMicroelectronics.X-CUBE-AZRTOS-F7.1.1.0
2024-02-27 21:32:33,487 [WARN] PackLoader:240 - Cannot read IP mode file for STMicroelectronics.FP-SNS-MOTENV1.4.3.2
2024-02-27 21:32:33,501 [WARN] PackLoader:240 - Cannot read IP mode file for STMicroelectronics.FP-SNS-FLIGHT1.5.0.2
2024-02-27 21:32:33,520 [WARN] PackLoader:240 - Cannot read IP mode file for STMicroelectronics.X-CUBE-DISPLAY.3.0.0
2024-02-27 21:32:33,538 [WARN] PackLoader:240 - Cannot read IP mode file for STMicroelectronics.X-CUBE-BLE1.7.0.0
2024-02-27 21:32:33,550 [WARN] PackLoader:240 - Cannot read IP mode file for emotas.I-CUBE-CANOPEN.1.3.0
2024-02-27 21:32:33,559 [WARN] PackLoader:240 - Cannot read IP mode file for STMicroelectronics.FP-SNS-SMARTAG2.1.2.0
2024-02-27 21:32:33,582 [INFO] LogOutputStream:77 - [STDOUT_REDIRECT] 1 : Invalid condition id : UX_CORESTACK_Condition cause : null
2024-02-27 21:32:33,582 [INFO] LogOutputStream:77 - [STDOUT_REDIRECT] 1 : Invalid condition id : UX_CORESTACK_Condition cause : null
2024-02-27 21:32:33,583 [INFO] LogOutputStream:77 - [STDOUT_REDIRECT] 1 : Invalid condition id : UX_CORESTACK_Condition cause : null
2024-02-27 21:32:33,584 [INFO] LogOutputStream:77 - [STDOUT_REDIRECT] 1 : Invalid condition id : UX_CORESTACK_Condition cause : null
2024-02-27 21:32:33,585 [INFO] LogOutputStream:77 - [STDOUT_REDIRECT] 1 : Invalid condition id : UX_CORESTACK_Condition cause : null
2024-02-27 21:32:33,587 [WARN] PackLoader:240 - Cannot read IP mode file for STMicroelectronics.X-CUBE-AZRTOS-WL.2.0.0
2024-02-27 21:32:33,603 [WARN] PackLoader:240 - Cannot read IP mode file for WES.I-CUBE-Cesium.1.3.0
2024-02-27 21:32:33,614 [WARN] PackLoader:240 - Cannot read IP mode file for STMicroelectronics.X-CUBE-BLE2.3.3.0
2024-02-27 21:32:33,629 [WARN] PackLoader:240 - Cannot read IP mode file for STMicroelectronics.X-CUBE-ALGOBUILD.1.3.0
2024-02-27 21:32:33,655 [WARN] PackLoader:240 - Cannot read IP mode file for STMicroelectronics.X-CUBE-AZRTOS-G0.1.1.0
2024-02-27 21:32:33,670 [WARN] PackLoader:240 - Cannot read IP mode file for STMicroelectronics.X-CUBE-NFC4.3.0.0
2024-02-27 21:32:33,687 [WARN] PackLoader:240 - Cannot read IP mode file for STMicroelectronics.X-CUBE-BLEMGR.3.0.0
2024-02-27 21:32:33,699 [WARN] PackLoader:240 - Cannot read IP mode file for STMicroelectronics.FP-ATR-SIGFOX1.3.2.0
2024-02-27 21:32:33,710 [WARN] PackLoader:240 - Cannot read IP mode file for STMicroelectronics.X-CUBE-EEPRMA1.5.1.0
2024-02-27 21:32:33,748 [WARN] PackLoader:240 - Cannot read IP mode file for SEGGER.I-CUBE-embOS.1.3.1
2024-02-27 21:32:33,794 [WARN] PackLoader:240 - Cannot read IP mode file for STMicroelectronics.X-CUBE-GNSS1.6.0.0
2024-02-27 21:32:33,823 [WARN] PackLoader:240 - Cannot read IP mode file for STMicroelectronics.X-CUBE-AZRTOS-F4.1.1.0
2024-02-27 21:32:33,837 [WARN] PackLoader:240 - Cannot read IP mode file for wolfSSL.I-CUBE-wolfSSL.5.6.6
2024-02-27 21:32:33,871 [WARN] PackLoader:240 - Cannot read IP mode file for STMicroelectronics.X-CUBE-AZRTOS-L5.2.0.0
2024-02-27 21:32:33,887 [WARN] PackLoader:240 - Cannot read IP mode file for STMicroelectronics.X-CUBE-EEPRMA1.4.2.0
2024-02-27 21:32:33,904 [WARN] PackLoader:240 - Cannot read IP mode file for ITTIA_DB.I-CUBE-ITTIADB.8.8.0
2024-02-27 21:32:33,921 [WARN] PackLoader:240 - Cannot read IP mode file for STMicroelectronics.X-CUBE-NFC7.1.0.1
2024-02-27 21:32:33,943 [WARN] PackLoader:240 - Cannot read IP mode file for STMicroelectronics.X-CUBE-NFC6.3.0.0
2024-02-27 21:32:33,955 [WARN] PackLoader:240 - Cannot read IP mode file for STMicroelectronics.X-CUBE-AI.8.1.0
2024-02-27 21:32:33,989 [WARN] ConditionMgr:438 - getConditionDescription Invalid condition id : LAN8742 Phy interface Condition cause : null
2024-02-27 21:32:33,990 [WARN] PackLoader:240 - Cannot read IP mode file for STMicroelectronics.X-CUBE-AZRTOS-L4.2.0.0
2024-02-27 21:32:33,991 [WARN] ConditionMgr:1039 - genDependencies : Invalid condition id : LAN8742 Phy interface Condition cause : null
2024-02-27 21:32:33,992 [WARN] ConditionMgr:1039 - genDependencies : Invalid condition id : LAN8742 Phy interface Condition cause : null
2024-02-27 21:32:33,992 [WARN] ConditionMgr:1039 - genDependencies : Invalid condition id : LAN8742 Phy interface Condition cause : null
2024-02-27 21:32:34,009 [WARN] PackLoader:240 - Cannot read IP mode file for STMicroelectronics.X-CUBE-SFXS2LP1.4.0.0
2024-02-27 21:32:34,044 [WARN] ConditionMgr:438 - getConditionDescription Invalid condition id : UX DEVICE CLASS RTOS Condition cause : null
2024-02-27 21:32:34,045 [WARN] ConditionMgr:438 - getConditionDescription Invalid condition id : UX DEVICE CLASS RTOS Condition cause : null
2024-02-27 21:32:34,047 [WARN] PackLoader:240 - Cannot read IP mode file for STMicroelectronics.X-CUBE-AZRTOS-WB.2.0.0
2024-02-27 21:32:34,048 [WARN] ConditionMgr:1039 - genDependencies : Invalid condition id : UX DEVICE CLASS RTOS Condition cause : null
2024-02-27 21:32:34,048 [WARN] ConditionMgr:1039 - genDependencies : Invalid condition id : UX DEVICE CLASS RTOS Condition cause : null
2024-02-27 21:32:34,048 [WARN] ConditionMgr:1039 - genDependencies : Invalid condition id : UX DEVICE CLASS RTOS Condition cause : null
2024-02-27 21:32:34,048 [WARN] ConditionMgr:1039 - genDependencies : Invalid condition id : UX DEVICE CLASS RTOS Condition cause : null
2024-02-27 21:32:34,048 [WARN] ConditionMgr:1039 - genDependencies : Invalid condition id : UX DEVICE CLASS RTOS Condition cause : null
2024-02-27 21:32:34,072 [WARN] PackLoader:240 - Cannot read IP mode file for STMicroelectronics.X-CUBE-SUBG2.5.0.0
2024-02-27 21:32:34,111 [WARN] PackLoader:240 - Cannot read IP mode file for STMicroelectronics.X-CUBE-AZRTOS-G4.2.0.0
2024-02-27 21:32:34,154 [WARN] PackLoader:240 - Cannot read IP mode file for Infineon.AIROC-Wi-Fi-Bluetooth-STM32.1.5.1
2024-02-27 21:32:34,170 [WARN] PackLoader:240 - Cannot read IP mode file for STMicroelectronics.FP-SNS-MOTENVWB1.1.3.1
2024-02-27 21:32:34,187 [WARN] PackLoader:240 - Cannot read IP mode file for STMicroelectronics.X-CUBE-ISPU.2.0.0
2024-02-27 21:32:34,248 [WARN] PackLoader:240 - Cannot read IP mode file for STMicroelectronics.X-CUBE-MEMS1.10.0.0
2024-02-27 21:32:34,387 [WARN] PackLoader:240 - Cannot read IP mode file for STMicroelectronics.X-CUBE-FREERTOS.1.1.0
2024-02-27 21:32:34,413 [WARN] PackLoader:240 - Cannot read IP mode file for portGmbH.I-Cube-SoM-uGOAL.1.1.0
2024-02-27 21:32:34,431 [WARN] PackLoader:240 - Cannot read IP mode file for STMicroelectronics.X-CUBE-ALS.1.0.1
2024-02-27 21:32:34,443 [WARN] PackLoader:240 - Cannot read IP mode file for STMicroelectronics.FP-ATR-ASTRA1.2.0.0
2024-02-27 21:32:34,479 [WARN] PackLoader:240 - Cannot read IP mode file for STMicroelectronics.X-CUBE-TOF1.3.4.0
2024-02-27 21:32:34,544 [WARN] PackLoader:240 - Cannot read IP mode file for STMicroelectronics.X-CUBE-AZRTOS-H7.3.2.0
2024-02-27 21:32:34,548 [INFO] ThirdParty:978 - Integrity check success = true
2024-02-27 21:32:34,548 [INFO] IntegrityCheckThread:100 - exiting critical section [integrity check]
2024-02-27 21:32:34,548 [INFO] IntegrityCheckThread:103 - End integrity checks thread
2024-02-27 21:32:45,218 [ERROR] LogOutputStream:75 - [STDERR_REDIRECT] SLF4J: Failed to load class "org.slf4j.impl.StaticLoggerBinder".
2024-02-27 21:32:45,219 [ERROR] LogOutputStream:75 - [STDERR_REDIRECT] SLF4J: Defaulting to no-operation (NOP) logger implementation
2024-02-27 21:32:45,220 [ERROR] LogOutputStream:75 - [STDERR_REDIRECT] SLF4J: See http://www.slf4j.org/codes.html#StaticLoggerBinder for further details.
2024-02-27 21:33:21,187 [INFO] McuFinderGlobals:63 - Set McuFinder mode to 2 (CubeIDE integrated)
2024-02-27 21:33:21,208 [INFO] MainUpdater:2873 - connection check result : 22
2024-02-27 21:33:21,216 [INFO] MainUpdater:2873 - connection check result : 22
2024-02-27 21:35:00,643 [INFO] MainUpdater:2873 - connection check result : 10
2024-02-27 21:35:00,739 [INFO] MicroXplorer:468 - Change Database Path : 
2024-02-27 21:35:00,740 [INFO] MicroXplorer:498 - Change Database Version : DB.6.0.100
2024-02-27 21:35:00,743 [WARN] ThirdParty:871 - waiting for thirdparty lock release [close project]
2024-02-27 21:35:00,743 [INFO] ThirdParty:873 - entering critical section [close project]
2024-02-27 21:35:00,744 [INFO] ThirdParty:883 - exiting critical section [close project]
2024-02-27 21:35:00,746 [INFO] PinOutPanel:1499 - setPackage(No Configuration,No Configuration)
2024-02-27 21:35:00,749 [INFO] UtilMem:75 - Begin LoadConfig() Used Memory: 259740544 Bytes (313524224)
2024-02-27 21:35:00,750 [INFO] MicroXplorer:468 - Change Database Path : 
2024-02-27 21:35:00,750 [INFO] MicroXplorer:498 - Change Database Version : DB.6.0.100
2024-02-27 21:35:00,751 [INFO] OpenFileManager:312 - Change cursor
2024-02-27 21:35:00,779 [INFO] Mcu:2016 - Initializing MCU STM32F407V(E-G)Tx STM32F407VGTx STM32F407VGT6
2024-02-27 21:35:02,163 [INFO] Context:659 - Trying to add GPIOservice into a context  which must be forbidden
2024-02-27 21:35:02,772 [INFO] RtosManager:555 - Registered RTOS mode: class=CMSIS, group=RTOS, mode=CMSIS_V1, owner=FREERTOS
2024-02-27 21:35:02,772 [INFO] RtosManager:555 - Registered RTOS mode: class=CMSIS, group=RTOS2, mode=CMSIS_V2, owner=FREERTOS
2024-02-27 21:35:02,772 [INFO] RtosManager:555 - Registered RTOS mode: class=RTOS, group=Core, mode=CMSIS_V1, owner=FREERTOS
2024-02-27 21:35:02,773 [INFO] RtosManager:555 - Registered RTOS mode: class=RTOS, group=Core, mode=CMSIS_V2, owner=FREERTOS
2024-02-27 21:35:02,773 [WARN] ModelIntegratedComponent:184 - Missing modes for component STMicroelectronics:FreeRTOS:0.0.1:STMicroelectronics:RTOS:FreeRTOS:Core:::10.2.0:
2024-02-27 21:35:02,785 [WARN] ModelIntegratedComponent:63 - No mode defined for component null
2024-02-27 21:35:02,785 [WARN] ModelIntegratedComponent:63 - No mode defined for component null
2024-02-27 21:35:02,785 [WARN] ModelIntegratedComponent:63 - No mode defined for component null
2024-02-27 21:35:02,785 [WARN] ModelIntegratedComponent:63 - No mode defined for component null
2024-02-27 21:35:02,786 [WARN] ModelIntegratedComponent:63 - No mode defined for component null
2024-02-27 21:35:02,786 [WARN] ModelIntegratedComponent:63 - No mode defined for component null
2024-02-27 21:35:02,786 [WARN] ModelIntegratedComponent:63 - No mode defined for component null
2024-02-27 21:35:02,786 [WARN] ModelIntegratedComponent:63 - No mode defined for component null
2024-02-27 21:35:02,786 [WARN] ModelIntegratedComponent:63 - No mode defined for component null
2024-02-27 21:35:02,787 [WARN] ModelIntegratedComponent:63 - No mode defined for component null
2024-02-27 21:35:02,787 [WARN] ModelIntegratedComponent:63 - No mode defined for component null
2024-02-27 21:35:02,787 [WARN] ModelIntegratedComponent:63 - No mode defined for component null
2024-02-27 21:35:02,787 [WARN] ModelIntegratedComponent:63 - No mode defined for component null
2024-02-27 21:35:02,787 [WARN] ModelIntegratedComponent:63 - No mode defined for component null
2024-02-27 21:35:02,787 [WARN] ModelIntegratedComponent:63 - No mode defined for component null
2024-02-27 21:35:02,787 [WARN] ModelIntegratedComponent:63 - No mode defined for component null
2024-02-27 21:35:02,787 [WARN] ModelIntegratedComponent:63 - No mode defined for component null
2024-02-27 21:35:02,787 [WARN] ModelIntegratedComponent:63 - No mode defined for component null
2024-02-27 21:35:02,787 [WARN] ModelIntegratedComponent:63 - No mode defined for component null
2024-02-27 21:35:02,787 [WARN] ModelIntegratedComponent:63 - No mode defined for component null
2024-02-27 21:35:02,787 [WARN] ModelIntegratedComponent:63 - No mode defined for component null
2024-02-27 21:35:02,788 [WARN] ModelIntegratedComponent:63 - No mode defined for component null
2024-02-27 21:35:02,788 [WARN] ModelIntegratedComponent:63 - No mode defined for component null
2024-02-27 21:35:02,788 [WARN] ModelIntegratedComponent:63 - No mode defined for component null
2024-02-27 21:35:02,788 [WARN] ModelIntegratedComponent:63 - No mode defined for component null
2024-02-27 21:35:02,788 [WARN] ModelIntegratedComponent:63 - No mode defined for component null
2024-02-27 21:35:02,788 [WARN] ModelIntegratedComponent:63 - No mode defined for component null
2024-02-27 21:35:02,788 [WARN] ModelIntegratedComponent:63 - No mode defined for component null
2024-02-27 21:35:02,788 [WARN] ModelIntegratedComponent:63 - No mode defined for component null
2024-02-27 21:35:02,788 [WARN] ModelIntegratedComponent:63 - No mode defined for component null
2024-02-27 21:35:02,788 [WARN] ModelIntegratedComponent:63 - No mode defined for component null
2024-02-27 21:35:02,788 [WARN] ModelIntegratedComponent:63 - No mode defined for component null
2024-02-27 21:35:02,788 [WARN] ModelIntegratedComponent:63 - No mode defined for component null
2024-02-27 21:35:02,902 [INFO] ThirdPartyModel:298 - Start build external matchings
2024-02-27 21:35:03,085 [INFO] ThirdPartyModel:316 - End build external matchings
2024-02-27 21:35:03,319 [INFO] UtilMem:75 - End LoadConfig() Used Memory: 245801080 Bytes (641728512)
2024-02-27 21:35:03,500 [INFO] ApiDb:581 - Connected to CubeFinder SQLite database (C:\Users\sruthi.sathyan\.stmcufinder\plugins\mcufinder\mcu\cube-finder-db.db)
2024-02-27 21:35:03,576 [INFO] ApiDb:668 - CubeFinder database Data Model version=2.1
2024-02-27 21:35:03,576 [INFO] ApiDb:669 - CubeFinder database Configuration version=3.0.39
2024-02-27 21:35:03,576 [INFO] ApiDb:670 - CubeFinder database generation date=2024-01-11 (1704964531)
2024-02-27 21:35:03,577 [INFO] ApiDb:671 - CubeFinder database FW Pack versions=[FP-ATR-ASTRA1_V2.0.0, FP-SNS-FLIGHT1_V5.0.1, FP-SNS-FLIGHT1_V5.0.2, FP-SNS-MOTENV1_V4.3.1, FP-SNS-MOTENV1_V4.3.2, FP-SNS-MOTENVWB1_V1.3.1, FP-SNS-SMARTAG2_V1.2.0, STM32Cube_FW_C0_V1.1.0, STM32Cube_FW_F4_V1.28.0, STM32Cube_FW_F7_V1.17.0, STM32Cube_FW_G0_V1.6.2, STM32Cube_FW_G4_V1.5.2, STM32Cube_FW_H5_V0.5.1, STM32Cube_FW_H5_V1.1.1, STM32Cube_FW_H5_V1.2.0RC2, STM32Cube_FW_H7_V1.11.0, STM32Cube_FW_L0_V1.12.2, STM32Cube_FW_L5_V1.5.0, STM32Cube_FW_U5_V1.3.0RC4, STM32Cube_FW_U5_V1.4.0, STM32Cube_FW_WBA_V1.0.0RC1, STM32Cube_FW_WBA_V1.1.0RC1, STM32Cube_FW_WBA_V1.2.0, STM32Cube_FW_WBA_V1.2.0RC2, STM32Cube_FW_WB_V1.15.0RC1, STM32Cube_FW_WB_V1.16.0, STM32Cube_FW_WB_V1.16.0RC2, STM32Cube_FW_WB_V1.18.0, STM32Cube_FW_WL_V1.3.0, X-CUBE-ALGOBUILD_V1.3.0, X-CUBE-ALS_V1.0.1, X-CUBE-AZRTOS-F4_V1.1.0, X-CUBE-AZRTOS-F7_V1.1.0, X-CUBE-AZRTOS-G0_V1.1.0, X-CUBE-AZRTOS-G4_V2.0.0, X-CUBE-AZRTOS-H7_V3.2.0, X-CUBE-AZRTOS-L4_V1.0.0, X-CUBE-AZRTOS-L4_V2.0.0, X-CUBE-AZRTOS-L5_V1.1.0, X-CUBE-AZRTOS-WB_V2.0.0, X-CUBE-AZRTOS-WL_V2.0.0, X-CUBE-BLE1_V7.0.0, X-CUBE-BLE2_V3.3.0, X-CUBE-BLEMGR_V3.0.0, X-CUBE-EEPRMA1_V4.1.0, X-CUBE-EEPRMA1_V4.2.0, X-CUBE-FREERTOS_V1.1.0, X-CUBE-GNSS1_V6.0.0, X-CUBE-MEMS1_V10.0.0, X-CUBE-MEMS1_V9.1.0, X-CUBE-MEMS1_V9.4.0, X-CUBE-MEMS1_V9.6.0, X-CUBE-NFC4_V3.0.0, X-CUBE-NFC7_V1.0.1, X-CUBE-SFXS2LP1_V4.0.0, X-CUBE-SUBG2_V5.0.0, X-CUBE-TOF1_V3.4.0]
2024-02-27 21:35:05,365 [INFO] ApiDb:240 - Found 371 in-development CPN: [B-G473E-ZEST1S, B-WB1M-WPAN1, B-WL5M-SUBG1, NUCLEO-C031C6, NUCLEO-H503RB, NUCLEO-H563ZI, NUCLEO-U545RE-Q, NUCLEO-U5A5ZJ-Q, NUCLEO-WBA52CG, NUCLEO-WBA55CG, STEVAL-MKBOXPRO, STEVAL-PROTEUS1, STEVAL-STWINBX1, STM320518-EVAL, STM32C0116-DK, STM32C011D6Y3TR, STM32C011D6Y6TR, STM32C011F4P3, STM32C011F4P6, STM32C011F4U3, STM32C011F4U6TR, STM32C011F6P3, STM32C011F6P6, STM32C011F6U3, STM32C011F6U6TR, STM32C011J4M3, STM32C011J4M6, STM32C011J6M3, STM32C011J6M6, STM32C0316-DK, STM32C031C4T3, STM32C031C4T6, STM32C031C4U3, STM32C031C4U6, STM32C031C6T3, STM32C031C6T6, STM32C031C6U3, STM32C031C6U6, STM32C031F4P3, STM32C031F4P6, STM32C031F6P3, STM32C031F6P6, STM32C031G4U3, STM32C031G4U6, STM32C031G6U3, STM32C031G6U6, STM32C031K4T3, STM32C031K4T6, STM32C031K4U3, STM32C031K4U6, STM32C031K6T3, STM32C031K6T6, STM32C031K6U3, STM32C031K6U6, STM32G071K8TXN, STM32G071K8UXN, STM32G081GBU6N, STM32G081KBT6N, STM32G081KBUXN, STM32G0B1CCT6N, STM32G0B1KCT6, STM32G0B1NEY6TR, STM32G0B1RCT6N, STM32G0C1CCT6, STM32G0C1CCT6N, STM32G0C1CCU6N, STM32G0C1CET6N, STM32G0C1CEU6N, STM32G0C1KCT6, STM32G0C1NEY6TR, STM32G0C1RCI6N, STM32G0C1RCT6N, STM32G0C1REI6N, STM32G0C1RET6N, STM32G0C1VCI6, STM32G0C1VEI6, STM32G471CCT6, STM32G471CCU6, STM32G471CET3, STM32G471CET6, STM32G471CEU3, STM32G471CEU6, STM32G471MCT6, STM32G471MET3, STM32G471MET6, STM32G471MEY6TR, STM32G471QCT6, STM32G471QET3, STM32G471RCT6, STM32G471RET3, STM32G471RET6, STM32G471VCH6, STM32G471VCI6, STM32G471VCT6, STM32G471VEH3, STM32G471VEH6, STM32G471VEI3, STM32G471VEI6, STM32G471VET3, STM32G471VET6, STM32G474CCT6, STM32H503CBT6, STM32H503CBU6, STM32H503EBY6TR, STM32H503KBU6, STM32H503RBT6, STM32H562AGI6, STM32H562AII6, STM32H562IGK6, STM32H562IGT6, STM32H562IIK6, STM32H562IIT6, STM32H562RGT6, STM32H562RGV6, STM32H562RIT6, STM32H562RIV6, STM32H562VGT6, STM32H562VIT6, STM32H562ZGT6, STM32H562ZIT6, STM32H563AGI6, STM32H563AII3Q, STM32H563AII6, STM32H563IGK6, STM32H563IGT6, STM32H563IIK3Q, STM32H563IIK6, STM32H563IIT3Q, STM32H563IIT6, STM32H563MIY3QTR, STM32H563RGT6, STM32H563RGV6, STM32H563RIT6, STM32H563RIV6, STM32H563VGT6, STM32H563VIT3Q, STM32H563VIT6, STM32H563ZGT6, STM32H563ZIT3Q, STM32H563ZIT6, STM32H573AII3Q, STM32H573AII6, STM32H573I-DK, STM32H573IIK3Q, STM32H573IIK6, STM32H573IIT3Q, STM32H573IIT6, STM32H573MIY3QTR, STM32H573RIT6, STM32H573RIV6, STM32H573VIT3Q, STM32H573VIT6, STM32H573ZIT3Q, STM32H573ZIT6, STM32L4R5QGI6STR, STM32MP131AAE3, STM32MP131AAF3, STM32MP131AAG3, STM32MP131CAE3, STM32MP131CAF3, STM32MP131CAG3, STM32MP131DAE7, STM32MP131DAF7, STM32MP131DAG7, STM32MP131FAE7, STM32MP131FAF7, STM32MP131FAG7, STM32MP133AAE3, STM32MP133AAF3, STM32MP133AAG3, STM32MP133CAE3, STM32MP133CAF3, STM32MP133CAG3, STM32MP133DAE7, STM32MP133DAF7, STM32MP133DAG7, STM32MP133FAE7, STM32MP133FAF7, STM32MP133FAG7, STM32MP135AAE3, STM32MP135AAF3, STM32MP135AAG3, STM32MP135CAE3, STM32MP135CAF3, STM32MP135CAG3, STM32MP135DAE7, STM32MP135DAF7, STM32MP135DAG7, STM32MP135F-DK, STM32MP135FAE7, STM32MP135FAF7, STM32MP135FAF7T, STM32MP135FAF7U, STM32MP135FAG7, STM32U535CBT6, STM32U535CBT6Q, STM32U535CBU6, STM32U535CBU6Q, STM32U535CCT6, STM32U535CCT6Q, STM32U535CCU6, STM32U535CCU6Q, STM32U535CET6, STM32U535CET6Q, STM32U535CEU6, STM32U535CEU6Q, STM32U535JEY6QTR, STM32U535NCY6QTR, STM32U535NEY6QTR, STM32U535RBI6, STM32U535RBI6Q, STM32U535RBT6, STM32U535RBT6Q, STM32U535RCI6, STM32U535RCI6Q, STM32U535RCT6, STM32U535RCT6Q, STM32U535REI6, STM32U535REI6Q, STM32U535RET6, STM32U535RET6Q, STM32U535VCI6, STM32U535VCI6Q, STM32U535VCT6, STM32U535VCT6Q, STM32U535VEI6, STM32U535VEI6Q, STM32U535VET6, STM32U535VET6Q, STM32U545CET6, STM32U545CET6Q, STM32U545CEU6, STM32U545CEU6Q, STM32U545JEY6QTR, STM32U545NEY6QTR, STM32U545REI6, STM32U545REI6Q, STM32U545RET6, STM32U545RET6Q, STM32U545VEI6, STM32U545VEI6Q, STM32U545VET6, STM32U545VET6Q, STM32U595AIH6, STM32U595AIH6Q, STM32U595AJH6, STM32U595AJH6Q, STM32U595QII6, STM32U595QII6Q, STM32U595QJI6, STM32U595QJI6Q, STM32U595RIT6, STM32U595RIT6Q, STM32U595RJT6, STM32U595RJT6Q, STM32U595VIT6, STM32U595VIT6Q, STM32U595VJT6, STM32U595VJT6Q, STM32U595ZIT6, STM32U595ZIT6Q, STM32U595ZIY6QTR, STM32U595ZJT6, STM32U595ZJT6Q, STM32U595ZJY6QTR, STM32U599BJY6QTR, STM32U599NIH6Q, STM32U599NJH6Q, STM32U599VIT6Q, STM32U599VJT6, STM32U599VJT6Q, STM32U599ZIT6Q, STM32U599ZIY6QTR, STM32U599ZJT6Q, STM32U599ZJY6QTR, STM32U5A5AJH6, STM32U5A5AJH6Q, STM32U5A5QJI6, STM32U5A5QJI6Q, STM32U5A5RJT6, STM32U5A5RJT6Q, STM32U5A5VJT6, STM32U5A5VJT6Q, STM32U5A5ZJT6, STM32U5A5ZJT6Q, STM32U5A5ZJY6QTR, STM32U5A9BJY6QTR, STM32U5A9J-DK, STM32U5A9NJH6Q, STM32U5A9VJT6Q, STM32U5A9ZJT6Q, STM32U5A9ZJY6QTR, STM32U5F7VIT6, STM32U5F7VIT6Q, STM32U5F7VJT6, STM32U5F7VJT6Q, STM32U5F9BJY6QTR, STM32U5F9NJH6Q, STM32U5F9VIT6Q, STM32U5F9VJT6Q, STM32U5F9ZIJ6QTR, STM32U5F9ZIT6Q, STM32U5F9ZJJ6QTR, STM32U5F9ZJT6Q, STM32U5G7VJT6, STM32U5G7VJT6Q, STM32U5G9BJY6QTR, STM32U5G9J-DK1, STM32U5G9J-DK2, STM32U5G9NJH6Q, STM32U5G9VJT6Q, STM32U5G9ZJJ6QTR, STM32U5G9ZJT6Q, STM32WB1MMCH6, STM32WBA50KEU6, STM32WBA50KEU6TR, STM32WBA50KGU6, STM32WBA50KGU6TR, STM32WBA52CEU6, STM32WBA52CEU6TR, STM32WBA52CEU7, STM32WBA52CEU7TR, STM32WBA52CGU6, STM32WBA52CGU6TR, STM32WBA52CGU6U, STM32WBA52CGU7, STM32WBA52CGU7TR, STM32WBA52KEU6, STM32WBA52KEU6TR, STM32WBA52KGU6, STM32WBA52KGU6TR, STM32WBA54CEU6, STM32WBA54CEU6TR, STM32WBA54CEU7, STM32WBA54CEU7TR, STM32WBA54CGU6, STM32WBA54CGU6TR, STM32WBA54CGU7, STM32WBA54CGU7TR, STM32WBA54KEU6, STM32WBA54KEU6TR, STM32WBA54KEU7, STM32WBA54KEU7TR, STM32WBA54KGU6, STM32WBA54KGU6TR, STM32WBA54KGU7, STM32WBA54KGU7TR, STM32WBA55CEU6, STM32WBA55CEU6TR, STM32WBA55CEU7, STM32WBA55CEU7TR, STM32WBA55CGU6, STM32WBA55CGU6TR, STM32WBA55CGU6U, STM32WBA55CGU7, STM32WBA55CGU7TR, STM32WBA55G-DK1, STM32WBA55HEF6, STM32WBA55HEF7, STM32WBA55HGF6, STM32WBA55HGF7, STM32WBA55UEI6, STM32WBA55UEI6TR, STM32WBA55UEI7, STM32WBA55UEI7TR, STM32WBA55UGI6, STM32WBA55UGI6TR, STM32WBA55UGI7, STM32WBA55UGI7TR, STM32WL5MOCH6, STM32WL5MOCH6TR]
2024-02-27 21:35:05,368 [INFO] DbMcus:218 - Found 3930 MCUs, 3930 are supported
2024-02-27 21:35:05,370 [INFO] ApiDb:423 - Load user favorites file C:\Users\sruthi.sathyan/.stm32cubeide/favorites.mcus.txt: 0 item(s)
2024-02-27 21:35:05,370 [INFO] ApiDb:427 - User favorites MCUs=[]
2024-02-27 21:35:05,371 [INFO] DbMcus:224 - Set 0 / 0 favorites MCUs
2024-02-27 21:35:05,690 [INFO] MicroXplorer:468 - Change Database Path : 
2024-02-27 21:35:05,690 [INFO] MicroXplorer:498 - Change Database Version : DB.6.0.100
2024-02-27 21:35:05,690 [WARN] ThirdParty:833 - waiting for thirdparty lock release [change project]
2024-02-27 21:35:05,690 [INFO] ThirdParty:835 - entering critical section [change project]
2024-02-27 21:35:05,690 [INFO] ThirdParty:1030 - CMSIS Pack Vendor :STMicroelectronics USBPD 4.1
2024-02-27 21:35:05,691 [INFO] ThirdParty:1030 - CMSIS Pack Vendor :STMicroelectronics X-CUBE-GNSS1 6.0.0
2024-02-27 21:35:05,691 [INFO] ThirdParty:1030 - CMSIS Pack Vendor :STMicroelectronics USB_HOST 2.0.0
2024-02-27 21:35:05,691 [INFO] ThirdParty:1030 - CMSIS Pack Vendor :STMicroelectronics X-CUBE-AZRTOS-F4 1.1.0
2024-02-27 21:35:05,691 [INFO] ThirdParty:1030 - CMSIS Pack Vendor :STMicroelectronics LIBJPEG 8.0.0
2024-02-27 21:35:05,691 [INFO] ThirdParty:1030 - CMSIS Pack Vendor :STMicroelectronics X-CUBE-SMBUS 2.1.0
2024-02-27 21:35:05,691 [INFO] ThirdParty:1030 - CMSIS Pack Vendor :STMicroelectronics USB_DEVICE 3.0.0
2024-02-27 21:35:05,691 [INFO] ThirdParty:1030 - CMSIS Pack Vendor :STMicroelectronics X-CUBE-AZRTOS-WB 2.0.0
2024-02-27 21:35:05,691 [INFO] ThirdParty:1030 - CMSIS Pack Vendor :wolfSSL I-CUBE-wolfSSL 5.6.6
2024-02-27 21:35:05,691 [INFO] ThirdParty:1030 - CMSIS Pack Vendor :STMicroelectronics X-CUBE-TOUCHGFX 4.23.0
2024-02-27 21:35:05,691 [INFO] ThirdParty:1030 - CMSIS Pack Vendor :STMicroelectronics X-CUBE-AZRTOS-F7 1.1.0
2024-02-27 21:35:05,691 [INFO] ThirdParty:1030 - CMSIS Pack Vendor :STMicroelectronics X-CUBE-AZRTOS-L5 2.0.0
2024-02-27 21:35:05,691 [INFO] ThirdParty:1030 - CMSIS Pack Vendor :STMicroelectronics USB_DEVICE 2.0.0
2024-02-27 21:35:05,691 [INFO] ThirdParty:1030 - CMSIS Pack Vendor :STMicroelectronics X-CUBE-EEPRMA1 4.2.0
2024-02-27 21:35:05,691 [INFO] ThirdParty:1030 - CMSIS Pack Vendor :ITTIA_DB I-CUBE-ITTIADB 8.8.0
2024-02-27 21:35:05,691 [INFO] ThirdParty:1030 - CMSIS Pack Vendor :STMicroelectronics FP-SNS-MOTENV1 4.3.2
2024-02-27 21:35:05,691 [INFO] ThirdParty:1030 - CMSIS Pack Vendor :STMicroelectronics X-CUBE-ALGOBUILD 1.3.0
2024-02-27 21:35:05,691 [INFO] ThirdParty:1030 - CMSIS Pack Vendor :STMicroelectronics FreeRTOS 0.0.1
2024-02-27 21:35:05,691 [INFO] ThirdParty:1030 - CMSIS Pack Vendor :STMicroelectronics X-CUBE-AZRTOS-G0 1.1.0
2024-02-27 21:35:05,691 [INFO] ThirdParty:1030 - CMSIS Pack Vendor :STMicroelectronics X-CUBE-NFC4 3.0.0
2024-02-27 21:35:05,691 [INFO] ThirdParty:1030 - CMSIS Pack Vendor :STMicroelectronics X-CUBE-SUBG2 5.0.0
2024-02-27 21:35:05,691 [INFO] ThirdParty:1030 - CMSIS Pack Vendor :STMicroelectronics STM32_WPAN 1.0.0
2024-02-27 21:35:05,691 [INFO] ThirdParty:1030 - CMSIS Pack Vendor :STMicroelectronics lwIP 2.0.3
2024-02-27 21:35:05,691 [INFO] ThirdParty:1030 - CMSIS Pack Vendor :STMicroelectronics FP-SNS-FLIGHT1 5.0.2
2024-02-27 21:35:05,691 [INFO] ThirdParty:1030 - CMSIS Pack Vendor :STMicroelectronics USB_HOST 1.0.0
2024-02-27 21:35:05,691 [INFO] ThirdParty:1030 - CMSIS Pack Vendor :STMicroelectronics X-CUBE-AZRTOS-G4 2.0.0
2024-02-27 21:35:05,692 [INFO] ThirdParty:1030 - CMSIS Pack Vendor :STMicroelectronics PDM2PCM 3.1.0
2024-02-27 21:35:05,692 [INFO] ThirdParty:1030 - CMSIS Pack Vendor :Infineon AIROC-Wi-Fi-Bluetooth-STM32 1.5.1
2024-02-27 21:35:05,692 [INFO] ThirdParty:1030 - CMSIS Pack Vendor :STMicroelectronics X-CUBE-BLEMGR 3.0.0
2024-02-27 21:35:05,692 [INFO] ThirdParty:1030 - CMSIS Pack Vendor :STMicroelectronics PDM2PCM 3.3.0
2024-02-27 21:35:05,692 [INFO] ThirdParty:1030 - CMSIS Pack Vendor :STMicroelectronics X-CUBE-DISPLAY 3.0.0
2024-02-27 21:35:05,692 [INFO] ThirdParty:1030 - CMSIS Pack Vendor :STMicroelectronics FP-SNS-MOTENVWB1 1.3.1
2024-02-27 21:35:05,692 [INFO] ThirdParty:1030 - CMSIS Pack Vendor :STMicroelectronics X-CUBE-BLE1 7.0.0
2024-02-27 21:35:05,692 [INFO] ThirdParty:1030 - CMSIS Pack Vendor :STMicroelectronics FP-ATR-SIGFOX1 3.2.0
2024-02-27 21:35:05,692 [INFO] ThirdParty:1030 - CMSIS Pack Vendor :STMicroelectronics X-CUBE-ISPU 2.0.0
2024-02-27 21:35:05,692 [INFO] ThirdParty:1030 - CMSIS Pack Vendor :STMicroelectronics X-CUBE-EEPRMA1 5.1.0
2024-02-27 21:35:05,692 [INFO] ThirdParty:1030 - CMSIS Pack Vendor :STMicroelectronics HAL Drivers 0.0.0
2024-02-27 21:35:05,692 [INFO] ThirdParty:1030 - CMSIS Pack Vendor :STMicroelectronics MBEDTLS 2.16.2
2024-02-27 21:35:05,692 [INFO] ThirdParty:1030 - CMSIS Pack Vendor :emotas I-CUBE-CANOPEN 1.3.0
2024-02-27 21:35:05,692 [INFO] ThirdParty:1030 - CMSIS Pack Vendor :STMicroelectronics X-CUBE-MEMS1 10.0.0
2024-02-27 21:35:05,692 [INFO] ThirdParty:1030 - CMSIS Pack Vendor :STMicroelectronics X-CUBE-FREERTOS 1.1.0
2024-02-27 21:35:05,692 [INFO] ThirdParty:1030 - CMSIS Pack Vendor :STMicroelectronics X-CUBE-NFC7 1.0.1
2024-02-27 21:35:05,692 [INFO] ThirdParty:1030 - CMSIS Pack Vendor :STMicroelectronics MBEDTLS 2.14.1
2024-02-27 21:35:05,692 [INFO] ThirdParty:1030 - CMSIS Pack Vendor :STMicroelectronics X-CUBE-NFC6 3.0.0
2024-02-27 21:35:05,692 [INFO] ThirdParty:1030 - CMSIS Pack Vendor :portGmbH I-Cube-SoM-uGOAL 1.1.0
2024-02-27 21:35:05,692 [INFO] ThirdParty:1030 - CMSIS Pack Vendor :STMicroelectronics X-CUBE-ALS 1.0.1
2024-02-27 21:35:05,692 [INFO] ThirdParty:1030 - CMSIS Pack Vendor :STMicroelectronics ThreadX 1.0.0
2024-02-27 21:35:05,692 [INFO] ThirdParty:1030 - CMSIS Pack Vendor :STMicroelectronics FP-SNS-SMARTAG2 1.2.0
2024-02-27 21:35:05,693 [INFO] ThirdParty:1030 - CMSIS Pack Vendor :STMicroelectronics X-CUBE-AZRTOS-WL 2.0.0
2024-02-27 21:35:05,693 [INFO] ThirdParty:1030 - CMSIS Pack Vendor :SEGGER I-CUBE-embOS 1.3.1
2024-02-27 21:35:05,693 [INFO] ThirdParty:1030 - CMSIS Pack Vendor :STMicroelectronics USB_DEVICE 1.0.0
2024-02-27 21:35:05,693 [INFO] ThirdParty:1030 - CMSIS Pack Vendor :STMicroelectronics X-CUBE-AI 8.1.0
2024-02-27 21:35:05,693 [INFO] ThirdParty:1030 - CMSIS Pack Vendor :STMicroelectronics X-CUBE-AZRTOS-L4 2.0.0
2024-02-27 21:35:05,693 [INFO] ThirdParty:1030 - CMSIS Pack Vendor :STMicroelectronics ThreadX 0.0.2
2024-02-27 21:35:05,693 [INFO] ThirdParty:1030 - CMSIS Pack Vendor :WES I-CUBE-Cesium 1.3.0
2024-02-27 21:35:05,693 [INFO] ThirdParty:1030 - CMSIS Pack Vendor :STMicroelectronics FP-ATR-ASTRA1 2.0.0
2024-02-27 21:35:05,693 [INFO] ThirdParty:1030 - CMSIS Pack Vendor :STMicroelectronics lwIP 2.1.2
2024-02-27 21:35:05,693 [INFO] ThirdParty:1030 - CMSIS Pack Vendor :STMicroelectronics X-CUBE-SFXS2LP1 4.0.0
2024-02-27 21:35:05,693 [INFO] ThirdParty:1030 - CMSIS Pack Vendor :STMicroelectronics X-CUBE-BLE2 3.3.0
2024-02-27 21:35:05,693 [INFO] ThirdParty:1030 - CMSIS Pack Vendor :STMicroelectronics X-CUBE-TOF1 3.4.0
2024-02-27 21:35:05,693 [INFO] ThirdParty:1030 - CMSIS Pack Vendor :STMicroelectronics X-CUBE-AZRTOS-H7 3.2.0
2024-02-27 21:35:05,693 [INFO] ThirdParty:1030 - CMSIS Pack Vendor :STMicroelectronics PDM2PCM 3.2.0
2024-02-27 21:35:05,693 [INFO] ThirdParty:841 - exiting critical section [change project]
2024-02-27 21:35:06,167 [INFO] PinOutPanel:1499 - setPackage(No Configuration,No Configuration)
2024-02-27 21:35:06,169 [INFO] PinOutPanel:1499 - setPackage(STM32F407VGTx,LQFP100)
2024-02-27 21:35:06,655 [INFO] UtilMem:75 - Before build in PCC Used Memory: 233058264 Bytes (641728512)
2024-02-27 21:35:07,651 [INFO] UtilMem:75 - After build in PCC Used Memory: 323866592 Bytes (641728512)
2024-02-27 21:35:07,706 [INFO] IPUIPlugin:80 - create IPUIPlugin
2024-02-27 21:35:07,706 [INFO] IPUIPlugin:80 - create IPUIPlugin
2024-02-27 21:35:07,706 [INFO] IPUIPlugin:80 - create IPUIPlugin
2024-02-27 21:35:07,706 [INFO] IPUIPlugin:80 - create IPUIPlugin
2024-02-27 21:35:07,706 [INFO] IPUIPlugin:80 - create IPUIPlugin
2024-02-27 21:35:07,707 [INFO] IPUIPlugin:80 - create IPUIPlugin
2024-02-27 21:35:07,707 [INFO] IPUIPlugin:80 - create IPUIPlugin
2024-02-27 21:35:07,707 [INFO] IPUIPlugin:80 - create IPUIPlugin
2024-02-27 21:35:07,708 [INFO] IPUIPlugin:80 - create IPUIPlugin
2024-02-27 21:35:07,708 [INFO] IPUIPlugin:80 - create IPUIPlugin
2024-02-27 21:35:07,708 [INFO] IPUIPlugin:80 - create IPUIPlugin
2024-02-27 21:35:07,708 [INFO] IPUIPlugin:80 - create IPUIPlugin
2024-02-27 21:35:07,708 [INFO] IPUIPlugin:80 - create IPUIPlugin
2024-02-27 21:35:07,708 [INFO] IPUIPlugin:80 - create IPUIPlugin
2024-02-27 21:35:07,709 [INFO] IPUIPlugin:80 - create IPUIPlugin
2024-02-27 21:35:07,709 [INFO] IPUIPlugin:80 - create IPUIPlugin
2024-02-27 21:35:07,709 [INFO] IPUIPlugin:80 - create IPUIPlugin
2024-02-27 21:35:07,709 [INFO] IPUIPlugin:80 - create IPUIPlugin
2024-02-27 21:35:07,709 [INFO] IPUIPlugin:80 - create IPUIPlugin
2024-02-27 21:35:07,710 [INFO] IPUIPlugin:80 - create IPUIPlugin
2024-02-27 21:35:07,710 [INFO] IPUIPlugin:80 - create IPUIPlugin
2024-02-27 21:35:07,710 [INFO] IPUIPlugin:80 - create IPUIPlugin
2024-02-27 21:35:07,711 [INFO] IPUIPlugin:80 - create IPUIPlugin
2024-02-27 21:35:07,711 [INFO] IPUIPlugin:80 - create IPUIPlugin
2024-02-27 21:35:07,711 [INFO] IPUIPlugin:80 - create IPUIPlugin
2024-02-27 21:35:07,712 [INFO] IPUIPlugin:80 - create IPUIPlugin
2024-02-27 21:35:07,712 [INFO] IPUIPlugin:80 - create IPUIPlugin
2024-02-27 21:35:07,712 [INFO] IPUIPlugin:80 - create IPUIPlugin
2024-02-27 21:35:07,713 [INFO] IPUIPlugin:80 - create IPUIPlugin
2024-02-27 21:35:07,713 [INFO] IPUIPlugin:80 - create IPUIPlugin
2024-02-27 21:35:07,714 [INFO] IPUIPlugin:80 - create IPUIPlugin
2024-02-27 21:35:07,714 [INFO] IPUIPlugin:80 - create IPUIPlugin
2024-02-27 21:35:07,715 [INFO] IPUIPlugin:80 - create IPUIPlugin
2024-02-27 21:35:07,715 [INFO] IPUIPlugin:80 - create IPUIPlugin
2024-02-27 21:35:07,715 [INFO] IPUIPlugin:80 - create IPUIPlugin
2024-02-27 21:35:07,716 [INFO] IPUIPlugin:80 - create IPUIPlugin
2024-02-27 21:35:07,716 [INFO] IPUIPlugin:80 - create IPUIPlugin
2024-02-27 21:35:07,717 [INFO] IPUIPlugin:80 - create IPUIPlugin
2024-02-27 21:35:07,717 [INFO] IPUIPlugin:80 - create IPUIPlugin
2024-02-27 21:35:07,718 [INFO] IPUIPlugin:80 - create IPUIPlugin
2024-02-27 21:35:07,718 [INFO] IPUIPlugin:80 - create IPUIPlugin
2024-02-27 21:35:07,718 [INFO] IPUIPlugin:80 - create IPUIPlugin
2024-02-27 21:35:07,721 [INFO] IPUIPlugin:80 - create IPUIPlugin
2024-02-27 21:35:07,721 [INFO] IPUIPlugin:80 - create IPUIPlugin
2024-02-27 21:35:07,722 [INFO] IPUIPlugin:80 - create IPUIPlugin
2024-02-27 21:35:07,722 [INFO] IPUIPlugin:80 - create IPUIPlugin
2024-02-27 21:35:07,722 [INFO] IPUIPlugin:80 - create IPUIPlugin
2024-02-27 21:35:07,723 [INFO] IPUIPlugin:80 - create IPUIPlugin
2024-02-27 21:35:07,724 [INFO] IPUIPlugin:80 - create IPUIPlugin
2024-02-27 21:35:07,724 [INFO] IPUIPlugin:80 - create IPUIPlugin
2024-02-27 21:35:07,724 [INFO] IPUIPlugin:80 - create IPUIPlugin
2024-02-27 21:35:07,725 [INFO] IPUIPlugin:80 - create IPUIPlugin
2024-02-27 21:35:07,725 [INFO] IPUIPlugin:80 - create IPUIPlugin
2024-02-27 21:35:07,726 [INFO] IPUIPlugin:80 - create IPUIPlugin
2024-02-27 21:35:07,726 [INFO] IPUIPlugin:80 - create IPUIPlugin
2024-02-27 21:35:07,727 [INFO] IPUIPlugin:80 - create IPUIPlugin
2024-02-27 21:35:07,727 [INFO] IPUIPlugin:80 - create IPUIPlugin
2024-02-27 21:35:07,728 [INFO] IPUIPlugin:80 - create IPUIPlugin
2024-02-27 21:35:07,814 [INFO] ApiDbMcu:508 - Load IP Config File for PDM2PCM
2024-02-27 21:35:08,016 [INFO] CADModel:165 - CPN selected for project levelSTM32F407VGT6
2024-02-27 21:35:08,016 [INFO] CADModel:114 - Register for checkConnection events
2024-02-27 21:35:08,068 [INFO] OpenFileManager:343 - Restore cursor
2024-02-27 21:36:30,475 [INFO] MainUpdater:2873 - connection check result : 10
2024-02-27 21:36:30,475 [INFO] MainUpdater:2873 - connection check result : 10
2024-02-27 21:36:30,489 [INFO] MicroXplorer:468 - Change Database Path : 
2024-02-27 21:36:30,489 [INFO] MicroXplorer:498 - Change Database Version : DB.6.0.100
2024-02-27 21:36:30,495 [ERROR] ProjectManagerView:394 - 
java.lang.NullPointerException: Cannot invoke "javax.swing.JTextField.getText()" because the return value of "java.util.List.get(int)" is null
	at com.st.microxplorer.plugins.projectmanager.gui.ProjectChoiceTab$10.caretUpdate(ProjectChoiceTab.java:2493) ~[filemanager.jar:?]
	at javax.swing.text.JTextComponent.fireCaretUpdate(JTextComponent.java:412) ~[?:?]
	at javax.swing.text.JTextComponent$MutableCaretEvent.fire(JTextComponent.java:4491) ~[?:?]
	at javax.swing.text.JTextComponent$MutableCaretEvent.stateChanged(JTextComponent.java:4513) ~[?:?]
	at javax.swing.text.DefaultCaret.fireStateChanged(DefaultCaret.java:842) ~[?:?]
	at javax.swing.text.DefaultCaret.changeCaretPosition(DefaultCaret.java:1313) ~[?:?]
	at javax.swing.text.DefaultCaret.handleSetDot(DefaultCaret.java:1212) ~[?:?]
	at javax.swing.text.DefaultCaret.setDot(DefaultCaret.java:1193) ~[?:?]
	at javax.swing.text.DefaultCaret$Handler.insertUpdate(DefaultCaret.java:1789) ~[?:?]
	at javax.swing.text.AbstractDocument.fireInsertUpdate(AbstractDocument.java:226) ~[?:?]
	at javax.swing.text.AbstractDocument.handleInsertString(AbstractDocument.java:780) ~[?:?]
	at javax.swing.text.AbstractDocument.insertString(AbstractDocument.java:739) ~[?:?]
	at javax.swing.text.PlainDocument.insertString(PlainDocument.java:131) ~[?:?]
	at javax.swing.text.AbstractDocument.replace(AbstractDocument.java:698) ~[?:?]
	at javax.swing.text.JTextComponent.setText(JTextComponent.java:1729) ~[?:?]
	at com.st.microxplorer.plugins.projectmanager.gui.ProjectChoiceTab.createHeapStackFields(ProjectChoiceTab.java:933) ~[filemanager.jar:?]
	at com.st.microxplorer.plugins.projectmanager.gui.ProjectChoiceTab.buildLinkSettingsPanel(ProjectChoiceTab.java:3426) ~[filemanager.jar:?]
	at com.st.microxplorer.plugins.projectmanager.gui.ProjectChoiceTab.defineWindowsFields(ProjectChoiceTab.java:1813) ~[filemanager.jar:?]
	at com.st.microxplorer.plugins.projectmanager.gui.ProjectChoiceTab.updateSettings(ProjectChoiceTab.java:533) ~[filemanager.jar:?]
	at com.st.microxplorer.plugins.projectmanager.gui.ProjectSettingsPanel.UpdateDialog(ProjectSettingsPanel.java:244) ~[filemanager.jar:?]
	at com.st.microxplorer.plugins.projectmanager.ProjectManagerView.propertyChange(ProjectManagerView.java:391) ~[filemanager.jar:?]
	at java.beans.PropertyChangeSupport.fire(PropertyChangeSupport.java:343) ~[?:?]
	at java.beans.PropertyChangeSupport.firePropertyChange(PropertyChangeSupport.java:335) ~[?:?]
	at java.beans.PropertyChangeSupport.firePropertyChange(PropertyChangeSupport.java:268) ~[?:?]
	at com.st.microxplorer.util.MXPropertyChangeSupport.firePropertyChange(MXPropertyChangeSupport.java:54) ~[STM32CubeMX.jar:?]
	at com.st.microxplorer.mxsystem.MxSystem.closeConfig(MxSystem.java:900) ~[STM32CubeMX.jar:?]
	at com.st.microxplorer.maingui.MainPanel.closeConfig(MainPanel.java:776) ~[STM32CubeMX.jar:?]
	at com.st.microxplorer.plugins.filemanager.engine.OpenFileManager.loadConfigurationFile(OpenFileManager.java:245) ~[filemanager.jar:?]
	at com.st.microxplorer.plugins.filemanager.engine.MainFileManager.userLoadConfig(MainFileManager.java:290) ~[filemanager.jar:?]
	at com.st.microxplorer.plugins.filemanager.FileManagerView.getSpecificTask(FileManagerView.java:247) ~[filemanager.jar:?]
	at com.st.stm32cube.common.mx.editor.CubeMxEditor.getMxTabbedPaneInstance(CubeMxEditor.java:1184) ~[com.st.stm32cube.common.mx_6.10.0.202311202037/:?]
	at com.st.stm32cube.common.mx.editor.CubeMxEditor$12$1.createSwingComponent(CubeMxEditor.java:1065) ~[com.st.stm32cube.common.mx_6.10.0.202311202037/:?]
	at com.st.stm32cube.common.mx.oss.core.awtswtbridge.EmbeddedSwingComposite.doComponentCreation(EmbeddedSwingComposite.java:492) ~[com.st.stm32cube.common.mx.oss_6.10.0.202311202037/:?]
	at com.st.stm32cube.common.mx.oss.core.awtswtbridge.EmbeddedSwingComposite$4.run(EmbeddedSwingComposite.java:291) ~[com.st.stm32cube.common.mx.oss_6.10.0.202311202037/:?]
	at com.st.stm32cube.common.mx.oss.core.awtswtbridge.AwtEnvironment$2.run(AwtEnvironment.java:166) ~[com.st.stm32cube.common.mx.oss_6.10.0.202311202037/:?]
	at java.awt.event.InvocationEvent.dispatch(InvocationEvent.java:318) ~[?:?]
	at java.awt.EventQueue.dispatchEventImpl(EventQueue.java:773) ~[?:?]
	at java.awt.EventQueue$4.run(EventQueue.java:720) ~[?:?]
	at java.awt.EventQueue$4.run(EventQueue.java:714) ~[?:?]
	at java.security.AccessController.doPrivileged(AccessController.java:399) ~[?:?]
	at java.security.ProtectionDomain$JavaSecurityAccessImpl.doIntersectionPrivilege(ProtectionDomain.java:86) ~[?:?]
	at java.awt.EventQueue.dispatchEvent(EventQueue.java:742) ~[?:?]
	at java.awt.EventDispatchThread.pumpOneEventForFilters(EventDispatchThread.java:203) ~[?:?]
	at java.awt.EventDispatchThread.pumpEventsForFilter(EventDispatchThread.java:124) ~[?:?]
	at java.awt.EventDispatchThread.pumpEventsForHierarchy(EventDispatchThread.java:113) ~[?:?]
	at java.awt.EventDispatchThread.pumpEvents(EventDispatchThread.java:109) ~[?:?]
	at java.awt.EventDispatchThread.pumpEvents(EventDispatchThread.java:101) ~[?:?]
	at java.awt.EventDispatchThread.run(EventDispatchThread.java:90) ~[?:?]
2024-02-27 21:36:30,500 [WARN] ThirdParty:871 - waiting for thirdparty lock release [close project]
2024-02-27 21:36:30,500 [INFO] ThirdParty:873 - entering critical section [close project]
2024-02-27 21:36:30,500 [INFO] ThirdParty:883 - exiting critical section [close project]
2024-02-27 21:36:30,503 [INFO] PinOutPanel:1499 - setPackage(No Configuration,No Configuration)
2024-02-27 21:36:30,515 [WARN] IpParametersView:151 - Warning: This peripheral hasn't parameters
2024-02-27 21:36:30,530 [WARN] MainPanel:272 - <html><b><center>Warning: This peripheral has no parameters to be configured<br></b></html>
2024-02-27 21:36:30,541 [INFO] UtilMem:75 - Begin LoadConfig() Used Memory: 416390672 Bytes (641728512)
2024-02-27 21:36:30,541 [INFO] MicroXplorer:468 - Change Database Path : 
2024-02-27 21:36:30,541 [INFO] MicroXplorer:498 - Change Database Version : DB.6.0.100
2024-02-27 21:36:30,541 [INFO] OpenFileManager:312 - Change cursor
2024-02-27 21:36:30,551 [INFO] Mcu:2016 - Initializing MCU STM32F407V(E-G)Tx STM32F407VGTx STM32F407VGT6
2024-02-27 21:36:31,647 [INFO] Context:659 - Trying to add GPIOservice into a context  which must be forbidden
2024-02-27 21:36:31,942 [INFO] RtosManager:555 - Registered RTOS mode: class=CMSIS, group=RTOS, mode=CMSIS_V1, owner=FREERTOS
2024-02-27 21:36:31,943 [INFO] RtosManager:555 - Registered RTOS mode: class=CMSIS, group=RTOS2, mode=CMSIS_V2, owner=FREERTOS
2024-02-27 21:36:31,943 [INFO] RtosManager:555 - Registered RTOS mode: class=RTOS, group=Core, mode=CMSIS_V1, owner=FREERTOS
2024-02-27 21:36:31,943 [INFO] RtosManager:555 - Registered RTOS mode: class=RTOS, group=Core, mode=CMSIS_V2, owner=FREERTOS
2024-02-27 21:36:31,943 [WARN] ModelIntegratedComponent:184 - Missing modes for component STMicroelectronics:FreeRTOS:0.0.1:STMicroelectronics:RTOS:FreeRTOS:Core:::10.2.0:
2024-02-27 21:36:31,948 [WARN] ModelIntegratedComponent:63 - No mode defined for component null
2024-02-27 21:36:31,948 [WARN] ModelIntegratedComponent:63 - No mode defined for component null
2024-02-27 21:36:31,948 [WARN] ModelIntegratedComponent:63 - No mode defined for component null
2024-02-27 21:36:31,948 [WARN] ModelIntegratedComponent:63 - No mode defined for component null
2024-02-27 21:36:31,948 [WARN] ModelIntegratedComponent:63 - No mode defined for component null
2024-02-27 21:36:31,948 [WARN] ModelIntegratedComponent:63 - No mode defined for component null
2024-02-27 21:36:31,948 [WARN] ModelIntegratedComponent:63 - No mode defined for component null
2024-02-27 21:36:31,948 [WARN] ModelIntegratedComponent:63 - No mode defined for component null
2024-02-27 21:36:31,948 [WARN] ModelIntegratedComponent:63 - No mode defined for component null
2024-02-27 21:36:31,948 [WARN] ModelIntegratedComponent:63 - No mode defined for component null
2024-02-27 21:36:31,948 [WARN] ModelIntegratedComponent:63 - No mode defined for component null
2024-02-27 21:36:31,948 [WARN] ModelIntegratedComponent:63 - No mode defined for component null
2024-02-27 21:36:31,948 [WARN] ModelIntegratedComponent:63 - No mode defined for component null
2024-02-27 21:36:31,948 [WARN] ModelIntegratedComponent:63 - No mode defined for component null
2024-02-27 21:36:31,948 [WARN] ModelIntegratedComponent:63 - No mode defined for component null
2024-02-27 21:36:31,948 [WARN] ModelIntegratedComponent:63 - No mode defined for component null
2024-02-27 21:36:31,948 [WARN] ModelIntegratedComponent:63 - No mode defined for component null
2024-02-27 21:36:31,948 [WARN] ModelIntegratedComponent:63 - No mode defined for component null
2024-02-27 21:36:31,949 [WARN] ModelIntegratedComponent:63 - No mode defined for component null
2024-02-27 21:36:31,949 [WARN] ModelIntegratedComponent:63 - No mode defined for component null
2024-02-27 21:36:31,949 [WARN] ModelIntegratedComponent:63 - No mode defined for component null
2024-02-27 21:36:31,949 [WARN] ModelIntegratedComponent:63 - No mode defined for component null
2024-02-27 21:36:31,949 [WARN] ModelIntegratedComponent:63 - No mode defined for component null
2024-02-27 21:36:31,949 [WARN] ModelIntegratedComponent:63 - No mode defined for component null
2024-02-27 21:36:31,949 [WARN] ModelIntegratedComponent:63 - No mode defined for component null
2024-02-27 21:36:31,949 [WARN] ModelIntegratedComponent:63 - No mode defined for component null
2024-02-27 21:36:31,949 [WARN] ModelIntegratedComponent:63 - No mode defined for component null
2024-02-27 21:36:31,949 [WARN] ModelIntegratedComponent:63 - No mode defined for component null
2024-02-27 21:36:31,949 [WARN] ModelIntegratedComponent:63 - No mode defined for component null
2024-02-27 21:36:31,949 [WARN] ModelIntegratedComponent:63 - No mode defined for component null
2024-02-27 21:36:31,949 [WARN] ModelIntegratedComponent:63 - No mode defined for component null
2024-02-27 21:36:31,949 [WARN] ModelIntegratedComponent:63 - No mode defined for component null
2024-02-27 21:36:31,949 [WARN] ModelIntegratedComponent:63 - No mode defined for component null
2024-02-27 21:36:32,007 [INFO] ThirdPartyModel:298 - Start build external matchings
2024-02-27 21:36:32,191 [INFO] ThirdPartyModel:316 - End build external matchings
2024-02-27 21:36:32,376 [INFO] ApiDb:668 - CubeFinder database Data Model version=2.1
2024-02-27 21:36:32,376 [INFO] ApiDb:669 - CubeFinder database Configuration version=3.0.39
2024-02-27 21:36:32,376 [INFO] ApiDb:670 - CubeFinder database generation date=2024-01-11 (1704964531)
2024-02-27 21:36:32,376 [INFO] ApiDb:671 - CubeFinder database FW Pack versions=[FP-ATR-ASTRA1_V2.0.0, FP-SNS-FLIGHT1_V5.0.1, FP-SNS-FLIGHT1_V5.0.2, FP-SNS-MOTENV1_V4.3.1, FP-SNS-MOTENV1_V4.3.2, FP-SNS-MOTENVWB1_V1.3.1, FP-SNS-SMARTAG2_V1.2.0, STM32Cube_FW_C0_V1.1.0, STM32Cube_FW_F4_V1.28.0, STM32Cube_FW_F7_V1.17.0, STM32Cube_FW_G0_V1.6.2, STM32Cube_FW_G4_V1.5.2, STM32Cube_FW_H5_V0.5.1, STM32Cube_FW_H5_V1.1.1, STM32Cube_FW_H5_V1.2.0RC2, STM32Cube_FW_H7_V1.11.0, STM32Cube_FW_L0_V1.12.2, STM32Cube_FW_L5_V1.5.0, STM32Cube_FW_U5_V1.3.0RC4, STM32Cube_FW_U5_V1.4.0, STM32Cube_FW_WBA_V1.0.0RC1, STM32Cube_FW_WBA_V1.1.0RC1, STM32Cube_FW_WBA_V1.2.0, STM32Cube_FW_WBA_V1.2.0RC2, STM32Cube_FW_WB_V1.15.0RC1, STM32Cube_FW_WB_V1.16.0, STM32Cube_FW_WB_V1.16.0RC2, STM32Cube_FW_WB_V1.18.0, STM32Cube_FW_WL_V1.3.0, X-CUBE-ALGOBUILD_V1.3.0, X-CUBE-ALS_V1.0.1, X-CUBE-AZRTOS-F4_V1.1.0, X-CUBE-AZRTOS-F7_V1.1.0, X-CUBE-AZRTOS-G0_V1.1.0, X-CUBE-AZRTOS-G4_V2.0.0, X-CUBE-AZRTOS-H7_V3.2.0, X-CUBE-AZRTOS-L4_V1.0.0, X-CUBE-AZRTOS-L4_V2.0.0, X-CUBE-AZRTOS-L5_V1.1.0, X-CUBE-AZRTOS-WB_V2.0.0, X-CUBE-AZRTOS-WL_V2.0.0, X-CUBE-BLE1_V7.0.0, X-CUBE-BLE2_V3.3.0, X-CUBE-BLEMGR_V3.0.0, X-CUBE-EEPRMA1_V4.1.0, X-CUBE-EEPRMA1_V4.2.0, X-CUBE-FREERTOS_V1.1.0, X-CUBE-GNSS1_V6.0.0, X-CUBE-MEMS1_V10.0.0, X-CUBE-MEMS1_V9.1.0, X-CUBE-MEMS1_V9.4.0, X-CUBE-MEMS1_V9.6.0, X-CUBE-NFC4_V3.0.0, X-CUBE-NFC7_V1.0.1, X-CUBE-SFXS2LP1_V4.0.0, X-CUBE-SUBG2_V5.0.0, X-CUBE-TOF1_V3.4.0]
2024-02-27 21:36:32,431 [INFO] DbBoardsSqlite:226 - include board P-NUCLEO-WB55-NUCLEO as a kit item of type 'Nucleo-64'
2024-02-27 21:36:32,431 [INFO] DbBoardsSqlite:226 - include board P-NUCLEO-WB55-USBDONGLE as a kit item of type 'Nucleo USB Dongle'
2024-02-27 21:36:32,431 [INFO] DbBoardsSqlite:226 - include board STEVAL-IDP005V1 as a kit item of type 'Evaluation Board'
2024-02-27 21:36:32,432 [INFO] DbBoardsSqlite:226 - include board STEVAL-IDP005V2 as a kit item of type 'Evaluation Board'
2024-02-27 21:36:32,476 [INFO] ApiDb:240 - Found 371 in-development CPN: [B-G473E-ZEST1S, B-WB1M-WPAN1, B-WL5M-SUBG1, NUCLEO-C031C6, NUCLEO-H503RB, NUCLEO-H563ZI, NUCLEO-U545RE-Q, NUCLEO-U5A5ZJ-Q, NUCLEO-WBA52CG, NUCLEO-WBA55CG, STEVAL-MKBOXPRO, STEVAL-PROTEUS1, STEVAL-STWINBX1, STM320518-EVAL, STM32C0116-DK, STM32C011D6Y3TR, STM32C011D6Y6TR, STM32C011F4P3, STM32C011F4P6, STM32C011F4U3, STM32C011F4U6TR, STM32C011F6P3, STM32C011F6P6, STM32C011F6U3, STM32C011F6U6TR, STM32C011J4M3, STM32C011J4M6, STM32C011J6M3, STM32C011J6M6, STM32C0316-DK, STM32C031C4T3, STM32C031C4T6, STM32C031C4U3, STM32C031C4U6, STM32C031C6T3, STM32C031C6T6, STM32C031C6U3, STM32C031C6U6, STM32C031F4P3, STM32C031F4P6, STM32C031F6P3, STM32C031F6P6, STM32C031G4U3, STM32C031G4U6, STM32C031G6U3, STM32C031G6U6, STM32C031K4T3, STM32C031K4T6, STM32C031K4U3, STM32C031K4U6, STM32C031K6T3, STM32C031K6T6, STM32C031K6U3, STM32C031K6U6, STM32G071K8TXN, STM32G071K8UXN, STM32G081GBU6N, STM32G081KBT6N, STM32G081KBUXN, STM32G0B1CCT6N, STM32G0B1KCT6, STM32G0B1NEY6TR, STM32G0B1RCT6N, STM32G0C1CCT6, STM32G0C1CCT6N, STM32G0C1CCU6N, STM32G0C1CET6N, STM32G0C1CEU6N, STM32G0C1KCT6, STM32G0C1NEY6TR, STM32G0C1RCI6N, STM32G0C1RCT6N, STM32G0C1REI6N, STM32G0C1RET6N, STM32G0C1VCI6, STM32G0C1VEI6, STM32G471CCT6, STM32G471CCU6, STM32G471CET3, STM32G471CET6, STM32G471CEU3, STM32G471CEU6, STM32G471MCT6, STM32G471MET3, STM32G471MET6, STM32G471MEY6TR, STM32G471QCT6, STM32G471QET3, STM32G471RCT6, STM32G471RET3, STM32G471RET6, STM32G471VCH6, STM32G471VCI6, STM32G471VCT6, STM32G471VEH3, STM32G471VEH6, STM32G471VEI3, STM32G471VEI6, STM32G471VET3, STM32G471VET6, STM32G474CCT6, STM32H503CBT6, STM32H503CBU6, STM32H503EBY6TR, STM32H503KBU6, STM32H503RBT6, STM32H562AGI6, STM32H562AII6, STM32H562IGK6, STM32H562IGT6, STM32H562IIK6, STM32H562IIT6, STM32H562RGT6, STM32H562RGV6, STM32H562RIT6, STM32H562RIV6, STM32H562VGT6, STM32H562VIT6, STM32H562ZGT6, STM32H562ZIT6, STM32H563AGI6, STM32H563AII3Q, STM32H563AII6, STM32H563IGK6, STM32H563IGT6, STM32H563IIK3Q, STM32H563IIK6, STM32H563IIT3Q, STM32H563IIT6, STM32H563MIY3QTR, STM32H563RGT6, STM32H563RGV6, STM32H563RIT6, STM32H563RIV6, STM32H563VGT6, STM32H563VIT3Q, STM32H563VIT6, STM32H563ZGT6, STM32H563ZIT3Q, STM32H563ZIT6, STM32H573AII3Q, STM32H573AII6, STM32H573I-DK, STM32H573IIK3Q, STM32H573IIK6, STM32H573IIT3Q, STM32H573IIT6, STM32H573MIY3QTR, STM32H573RIT6, STM32H573RIV6, STM32H573VIT3Q, STM32H573VIT6, STM32H573ZIT3Q, STM32H573ZIT6, STM32L4R5QGI6STR, STM32MP131AAE3, STM32MP131AAF3, STM32MP131AAG3, STM32MP131CAE3, STM32MP131CAF3, STM32MP131CAG3, STM32MP131DAE7, STM32MP131DAF7, STM32MP131DAG7, STM32MP131FAE7, STM32MP131FAF7, STM32MP131FAG7, STM32MP133AAE3, STM32MP133AAF3, STM32MP133AAG3, STM32MP133CAE3, STM32MP133CAF3, STM32MP133CAG3, STM32MP133DAE7, STM32MP133DAF7, STM32MP133DAG7, STM32MP133FAE7, STM32MP133FAF7, STM32MP133FAG7, STM32MP135AAE3, STM32MP135AAF3, STM32MP135AAG3, STM32MP135CAE3, STM32MP135CAF3, STM32MP135CAG3, STM32MP135DAE7, STM32MP135DAF7, STM32MP135DAG7, STM32MP135F-DK, STM32MP135FAE7, STM32MP135FAF7, STM32MP135FAF7T, STM32MP135FAF7U, STM32MP135FAG7, STM32U535CBT6, STM32U535CBT6Q, STM32U535CBU6, STM32U535CBU6Q, STM32U535CCT6, STM32U535CCT6Q, STM32U535CCU6, STM32U535CCU6Q, STM32U535CET6, STM32U535CET6Q, STM32U535CEU6, STM32U535CEU6Q, STM32U535JEY6QTR, STM32U535NCY6QTR, STM32U535NEY6QTR, STM32U535RBI6, STM32U535RBI6Q, STM32U535RBT6, STM32U535RBT6Q, STM32U535RCI6, STM32U535RCI6Q, STM32U535RCT6, STM32U535RCT6Q, STM32U535REI6, STM32U535REI6Q, STM32U535RET6, STM32U535RET6Q, STM32U535VCI6, STM32U535VCI6Q, STM32U535VCT6, STM32U535VCT6Q, STM32U535VEI6, STM32U535VEI6Q, STM32U535VET6, STM32U535VET6Q, STM32U545CET6, STM32U545CET6Q, STM32U545CEU6, STM32U545CEU6Q, STM32U545JEY6QTR, STM32U545NEY6QTR, STM32U545REI6, STM32U545REI6Q, STM32U545RET6, STM32U545RET6Q, STM32U545VEI6, STM32U545VEI6Q, STM32U545VET6, STM32U545VET6Q, STM32U595AIH6, STM32U595AIH6Q, STM32U595AJH6, STM32U595AJH6Q, STM32U595QII6, STM32U595QII6Q, STM32U595QJI6, STM32U595QJI6Q, STM32U595RIT6, STM32U595RIT6Q, STM32U595RJT6, STM32U595RJT6Q, STM32U595VIT6, STM32U595VIT6Q, STM32U595VJT6, STM32U595VJT6Q, STM32U595ZIT6, STM32U595ZIT6Q, STM32U595ZIY6QTR, STM32U595ZJT6, STM32U595ZJT6Q, STM32U595ZJY6QTR, STM32U599BJY6QTR, STM32U599NIH6Q, STM32U599NJH6Q, STM32U599VIT6Q, STM32U599VJT6, STM32U599VJT6Q, STM32U599ZIT6Q, STM32U599ZIY6QTR, STM32U599ZJT6Q, STM32U599ZJY6QTR, STM32U5A5AJH6, STM32U5A5AJH6Q, STM32U5A5QJI6, STM32U5A5QJI6Q, STM32U5A5RJT6, STM32U5A5RJT6Q, STM32U5A5VJT6, STM32U5A5VJT6Q, STM32U5A5ZJT6, STM32U5A5ZJT6Q, STM32U5A5ZJY6QTR, STM32U5A9BJY6QTR, STM32U5A9J-DK, STM32U5A9NJH6Q, STM32U5A9VJT6Q, STM32U5A9ZJT6Q, STM32U5A9ZJY6QTR, STM32U5F7VIT6, STM32U5F7VIT6Q, STM32U5F7VJT6, STM32U5F7VJT6Q, STM32U5F9BJY6QTR, STM32U5F9NJH6Q, STM32U5F9VIT6Q, STM32U5F9VJT6Q, STM32U5F9ZIJ6QTR, STM32U5F9ZIT6Q, STM32U5F9ZJJ6QTR, STM32U5F9ZJT6Q, STM32U5G7VJT6, STM32U5G7VJT6Q, STM32U5G9BJY6QTR, STM32U5G9J-DK1, STM32U5G9J-DK2, STM32U5G9NJH6Q, STM32U5G9VJT6Q, STM32U5G9ZJJ6QTR, STM32U5G9ZJT6Q, STM32WB1MMCH6, STM32WBA50KEU6, STM32WBA50KEU6TR, STM32WBA50KGU6, STM32WBA50KGU6TR, STM32WBA52CEU6, STM32WBA52CEU6TR, STM32WBA52CEU7, STM32WBA52CEU7TR, STM32WBA52CGU6, STM32WBA52CGU6TR, STM32WBA52CGU6U, STM32WBA52CGU7, STM32WBA52CGU7TR, STM32WBA52KEU6, STM32WBA52KEU6TR, STM32WBA52KGU6, STM32WBA52KGU6TR, STM32WBA54CEU6, STM32WBA54CEU6TR, STM32WBA54CEU7, STM32WBA54CEU7TR, STM32WBA54CGU6, STM32WBA54CGU6TR, STM32WBA54CGU7, STM32WBA54CGU7TR, STM32WBA54KEU6, STM32WBA54KEU6TR, STM32WBA54KEU7, STM32WBA54KEU7TR, STM32WBA54KGU6, STM32WBA54KGU6TR, STM32WBA54KGU7, STM32WBA54KGU7TR, STM32WBA55CEU6, STM32WBA55CEU6TR, STM32WBA55CEU7, STM32WBA55CEU7TR, STM32WBA55CGU6, STM32WBA55CGU6TR, STM32WBA55CGU6U, STM32WBA55CGU7, STM32WBA55CGU7TR, STM32WBA55G-DK1, STM32WBA55HEF6, STM32WBA55HEF7, STM32WBA55HGF6, STM32WBA55HGF7, STM32WBA55UEI6, STM32WBA55UEI6TR, STM32WBA55UEI7, STM32WBA55UEI7TR, STM32WBA55UGI6, STM32WBA55UGI6TR, STM32WBA55UGI7, STM32WBA55UGI7TR, STM32WL5MOCH6, STM32WL5MOCH6TR]
2024-02-27 21:36:32,574 [INFO] BoardInfo:889 - No configuration file found for board P-NUCLEO-WB55
2024-02-27 21:36:32,574 [INFO] DbBoards:161 - Kit is not supported: P-NUCLEO-WB55
2024-02-27 21:36:32,578 [INFO] BoardInfo:889 - No configuration file found for board STEVAL-BFA001V1B
2024-02-27 21:36:32,578 [INFO] DbBoards:161 - Kit is not supported: STEVAL-BFA001V1B
2024-02-27 21:36:32,579 [INFO] BoardInfo:889 - No configuration file found for board STEVAL-BFA001V2B
2024-02-27 21:36:32,579 [INFO] DbBoards:161 - Kit is not supported: STEVAL-BFA001V2B
2024-02-27 21:36:32,689 [INFO] DbBoards:168 - Found 193 boards, 190 are supported
2024-02-27 21:36:32,689 [INFO] DbBoards:169 - Found 193 boards, 3 of them is supported for  Bsp
2024-02-27 21:36:32,691 [INFO] ApiDb:423 - Load user favorites file C:\Users\sruthi.sathyan/.stm32cubeide/favorites.boards.txt: 0 item(s)
2024-02-27 21:36:32,692 [INFO] ApiDb:427 - User favorites Boards=[]
2024-02-27 21:36:32,692 [INFO] DbBoards:198 - Set 0 / 0 favorites Boards
2024-02-27 21:36:32,741 [INFO] UtilMem:75 - End LoadConfig() Used Memory: 323328536 Bytes (641728512)
2024-02-27 21:36:32,760 [INFO] MicroXplorer:468 - Change Database Path : 
2024-02-27 21:36:32,761 [INFO] MicroXplorer:498 - Change Database Version : DB.6.0.100
2024-02-27 21:36:32,762 [WARN] ThirdParty:833 - waiting for thirdparty lock release [change project]
2024-02-27 21:36:32,762 [INFO] ThirdParty:835 - entering critical section [change project]
2024-02-27 21:36:32,762 [INFO] ThirdParty:1030 - CMSIS Pack Vendor :STMicroelectronics USBPD 4.1
2024-02-27 21:36:32,762 [INFO] ThirdParty:1030 - CMSIS Pack Vendor :STMicroelectronics X-CUBE-GNSS1 6.0.0
2024-02-27 21:36:32,762 [INFO] ThirdParty:1030 - CMSIS Pack Vendor :STMicroelectronics USB_HOST 2.0.0
2024-02-27 21:36:32,763 [INFO] ThirdParty:1030 - CMSIS Pack Vendor :STMicroelectronics X-CUBE-AZRTOS-F4 1.1.0
2024-02-27 21:36:32,763 [INFO] ThirdParty:1030 - CMSIS Pack Vendor :STMicroelectronics LIBJPEG 8.0.0
2024-02-27 21:36:32,763 [INFO] ThirdParty:1030 - CMSIS Pack Vendor :STMicroelectronics X-CUBE-SMBUS 2.1.0
2024-02-27 21:36:32,763 [INFO] ThirdParty:1030 - CMSIS Pack Vendor :STMicroelectronics USB_DEVICE 3.0.0
2024-02-27 21:36:32,763 [INFO] ThirdParty:1030 - CMSIS Pack Vendor :STMicroelectronics X-CUBE-AZRTOS-WB 2.0.0
2024-02-27 21:36:32,763 [INFO] ThirdParty:1030 - CMSIS Pack Vendor :wolfSSL I-CUBE-wolfSSL 5.6.6
2024-02-27 21:36:32,763 [INFO] ThirdParty:1030 - CMSIS Pack Vendor :STMicroelectronics X-CUBE-TOUCHGFX 4.23.0
2024-02-27 21:36:32,763 [INFO] ThirdParty:1030 - CMSIS Pack Vendor :STMicroelectronics X-CUBE-AZRTOS-F7 1.1.0
2024-02-27 21:36:32,763 [INFO] ThirdParty:1030 - CMSIS Pack Vendor :STMicroelectronics X-CUBE-AZRTOS-L5 2.0.0
2024-02-27 21:36:32,763 [INFO] ThirdParty:1030 - CMSIS Pack Vendor :STMicroelectronics USB_DEVICE 2.0.0
2024-02-27 21:36:32,763 [INFO] ThirdParty:1030 - CMSIS Pack Vendor :STMicroelectronics X-CUBE-EEPRMA1 4.2.0
2024-02-27 21:36:32,763 [INFO] ThirdParty:1030 - CMSIS Pack Vendor :ITTIA_DB I-CUBE-ITTIADB 8.8.0
2024-02-27 21:36:32,763 [INFO] ThirdParty:1030 - CMSIS Pack Vendor :STMicroelectronics FP-SNS-MOTENV1 4.3.2
2024-02-27 21:36:32,763 [INFO] ThirdParty:1030 - CMSIS Pack Vendor :STMicroelectronics X-CUBE-ALGOBUILD 1.3.0
2024-02-27 21:36:32,763 [INFO] ThirdParty:1030 - CMSIS Pack Vendor :STMicroelectronics FreeRTOS 0.0.1
2024-02-27 21:36:32,763 [INFO] ThirdParty:1030 - CMSIS Pack Vendor :STMicroelectronics X-CUBE-AZRTOS-G0 1.1.0
2024-02-27 21:36:32,763 [INFO] ThirdParty:1030 - CMSIS Pack Vendor :STMicroelectronics X-CUBE-NFC4 3.0.0
2024-02-27 21:36:32,763 [INFO] ThirdParty:1030 - CMSIS Pack Vendor :STMicroelectronics X-CUBE-SUBG2 5.0.0
2024-02-27 21:36:32,763 [INFO] ThirdParty:1030 - CMSIS Pack Vendor :STMicroelectronics STM32_WPAN 1.0.0
2024-02-27 21:36:32,763 [INFO] ThirdParty:1030 - CMSIS Pack Vendor :STMicroelectronics lwIP 2.0.3
2024-02-27 21:36:32,763 [INFO] ThirdParty:1030 - CMSIS Pack Vendor :STMicroelectronics FP-SNS-FLIGHT1 5.0.2
2024-02-27 21:36:32,763 [INFO] ThirdParty:1030 - CMSIS Pack Vendor :STMicroelectronics USB_HOST 1.0.0
2024-02-27 21:36:32,763 [INFO] ThirdParty:1030 - CMSIS Pack Vendor :STMicroelectronics X-CUBE-AZRTOS-G4 2.0.0
2024-02-27 21:36:32,763 [INFO] ThirdParty:1030 - CMSIS Pack Vendor :STMicroelectronics PDM2PCM 3.1.0
2024-02-27 21:36:32,764 [INFO] ThirdParty:1030 - CMSIS Pack Vendor :Infineon AIROC-Wi-Fi-Bluetooth-STM32 1.5.1
2024-02-27 21:36:32,764 [INFO] ThirdParty:1030 - CMSIS Pack Vendor :STMicroelectronics X-CUBE-BLEMGR 3.0.0
2024-02-27 21:36:32,764 [INFO] ThirdParty:1030 - CMSIS Pack Vendor :STMicroelectronics PDM2PCM 3.3.0
2024-02-27 21:36:32,764 [INFO] ThirdParty:1030 - CMSIS Pack Vendor :STMicroelectronics X-CUBE-DISPLAY 3.0.0
2024-02-27 21:36:32,764 [INFO] ThirdParty:1030 - CMSIS Pack Vendor :STMicroelectronics FP-SNS-MOTENVWB1 1.3.1
2024-02-27 21:36:32,764 [INFO] ThirdParty:1030 - CMSIS Pack Vendor :STMicroelectronics X-CUBE-BLE1 7.0.0
2024-02-27 21:36:32,764 [INFO] ThirdParty:1030 - CMSIS Pack Vendor :STMicroelectronics FP-ATR-SIGFOX1 3.2.0
2024-02-27 21:36:32,764 [INFO] ThirdParty:1030 - CMSIS Pack Vendor :STMicroelectronics X-CUBE-ISPU 2.0.0
2024-02-27 21:36:32,764 [INFO] ThirdParty:1030 - CMSIS Pack Vendor :STMicroelectronics X-CUBE-EEPRMA1 5.1.0
2024-02-27 21:36:32,764 [INFO] ThirdParty:1030 - CMSIS Pack Vendor :STMicroelectronics HAL Drivers 0.0.0
2024-02-27 21:36:32,764 [INFO] ThirdParty:1030 - CMSIS Pack Vendor :STMicroelectronics MBEDTLS 2.16.2
2024-02-27 21:36:32,764 [INFO] ThirdParty:1030 - CMSIS Pack Vendor :emotas I-CUBE-CANOPEN 1.3.0
2024-02-27 21:36:32,764 [INFO] ThirdParty:1030 - CMSIS Pack Vendor :STMicroelectronics X-CUBE-MEMS1 10.0.0
2024-02-27 21:36:32,764 [INFO] ThirdParty:1030 - CMSIS Pack Vendor :STMicroelectronics X-CUBE-FREERTOS 1.1.0
2024-02-27 21:36:32,764 [INFO] ThirdParty:1030 - CMSIS Pack Vendor :STMicroelectronics X-CUBE-NFC7 1.0.1
2024-02-27 21:36:32,764 [INFO] ThirdParty:1030 - CMSIS Pack Vendor :STMicroelectronics MBEDTLS 2.14.1
2024-02-27 21:36:32,764 [INFO] ThirdParty:1030 - CMSIS Pack Vendor :STMicroelectronics X-CUBE-NFC6 3.0.0
2024-02-27 21:36:32,764 [INFO] ThirdParty:1030 - CMSIS Pack Vendor :portGmbH I-Cube-SoM-uGOAL 1.1.0
2024-02-27 21:36:32,764 [INFO] ThirdParty:1030 - CMSIS Pack Vendor :STMicroelectronics X-CUBE-ALS 1.0.1
2024-02-27 21:36:32,764 [INFO] ThirdParty:1030 - CMSIS Pack Vendor :STMicroelectronics ThreadX 1.0.0
2024-02-27 21:36:32,764 [INFO] ThirdParty:1030 - CMSIS Pack Vendor :STMicroelectronics FP-SNS-SMARTAG2 1.2.0
2024-02-27 21:36:32,765 [INFO] ThirdParty:1030 - CMSIS Pack Vendor :STMicroelectronics X-CUBE-AZRTOS-WL 2.0.0
2024-02-27 21:36:32,765 [INFO] ThirdParty:1030 - CMSIS Pack Vendor :SEGGER I-CUBE-embOS 1.3.1
2024-02-27 21:36:32,765 [INFO] ThirdParty:1030 - CMSIS Pack Vendor :STMicroelectronics USB_DEVICE 1.0.0
2024-02-27 21:36:32,765 [INFO] ThirdParty:1030 - CMSIS Pack Vendor :STMicroelectronics X-CUBE-AI 8.1.0
2024-02-27 21:36:32,765 [INFO] ThirdParty:1030 - CMSIS Pack Vendor :STMicroelectronics X-CUBE-AZRTOS-L4 2.0.0
2024-02-27 21:36:32,765 [INFO] ThirdParty:1030 - CMSIS Pack Vendor :STMicroelectronics ThreadX 0.0.2
2024-02-27 21:36:32,765 [INFO] ThirdParty:1030 - CMSIS Pack Vendor :WES I-CUBE-Cesium 1.3.0
2024-02-27 21:36:32,765 [INFO] ThirdParty:1030 - CMSIS Pack Vendor :STMicroelectronics FP-ATR-ASTRA1 2.0.0
2024-02-27 21:36:32,765 [INFO] ThirdParty:1030 - CMSIS Pack Vendor :STMicroelectronics lwIP 2.1.2
2024-02-27 21:36:32,765 [INFO] ThirdParty:1030 - CMSIS Pack Vendor :STMicroelectronics X-CUBE-SFXS2LP1 4.0.0
2024-02-27 21:36:32,765 [INFO] ThirdParty:1030 - CMSIS Pack Vendor :STMicroelectronics X-CUBE-BLE2 3.3.0
2024-02-27 21:36:32,765 [INFO] ThirdParty:1030 - CMSIS Pack Vendor :STMicroelectronics X-CUBE-TOF1 3.4.0
2024-02-27 21:36:32,765 [INFO] ThirdParty:1030 - CMSIS Pack Vendor :STMicroelectronics X-CUBE-AZRTOS-H7 3.2.0
2024-02-27 21:36:32,765 [INFO] ThirdParty:1030 - CMSIS Pack Vendor :STMicroelectronics PDM2PCM 3.2.0
2024-02-27 21:36:32,765 [INFO] ThirdParty:841 - exiting critical section [change project]
2024-02-27 21:36:32,881 [INFO] PinOutPanel:1499 - setPackage(No Configuration,No Configuration)
2024-02-27 21:36:32,882 [INFO] PinOutPanel:1499 - setPackage(STM32F407VGTx,LQFP100)
2024-02-27 21:36:33,019 [INFO] UtilMem:75 - Before build in PCC Used Memory: 472174752 Bytes (641728512)
2024-02-27 21:36:33,211 [INFO] UtilMem:75 - After build in PCC Used Memory: 517263520 Bytes (641728512)
2024-02-27 21:36:33,226 [INFO] IPUIPlugin:80 - create IPUIPlugin
2024-02-27 21:36:33,226 [INFO] IPUIPlugin:80 - create IPUIPlugin
2024-02-27 21:36:33,226 [INFO] IPUIPlugin:80 - create IPUIPlugin
2024-02-27 21:36:33,226 [INFO] IPUIPlugin:80 - create IPUIPlugin
2024-02-27 21:36:33,226 [INFO] IPUIPlugin:80 - create IPUIPlugin
2024-02-27 21:36:33,226 [INFO] IPUIPlugin:80 - create IPUIPlugin
2024-02-27 21:36:33,226 [INFO] IPUIPlugin:80 - create IPUIPlugin
2024-02-27 21:36:33,226 [INFO] IPUIPlugin:80 - create IPUIPlugin
2024-02-27 21:36:33,226 [INFO] IPUIPlugin:80 - create IPUIPlugin
2024-02-27 21:36:33,227 [INFO] IPUIPlugin:80 - create IPUIPlugin
2024-02-27 21:36:33,227 [INFO] IPUIPlugin:80 - create IPUIPlugin
2024-02-27 21:36:33,227 [INFO] IPUIPlugin:80 - create IPUIPlugin
2024-02-27 21:36:33,227 [INFO] IPUIPlugin:80 - create IPUIPlugin
2024-02-27 21:36:33,227 [INFO] IPUIPlugin:80 - create IPUIPlugin
2024-02-27 21:36:33,227 [INFO] IPUIPlugin:80 - create IPUIPlugin
2024-02-27 21:36:33,227 [INFO] IPUIPlugin:80 - create IPUIPlugin
2024-02-27 21:36:33,227 [INFO] IPUIPlugin:80 - create IPUIPlugin
2024-02-27 21:36:33,227 [INFO] IPUIPlugin:80 - create IPUIPlugin
2024-02-27 21:36:33,227 [INFO] IPUIPlugin:80 - create IPUIPlugin
2024-02-27 21:36:33,227 [INFO] IPUIPlugin:80 - create IPUIPlugin
2024-02-27 21:36:33,228 [INFO] IPUIPlugin:80 - create IPUIPlugin
2024-02-27 21:36:33,228 [INFO] IPUIPlugin:80 - create IPUIPlugin
2024-02-27 21:36:33,228 [INFO] IPUIPlugin:80 - create IPUIPlugin
2024-02-27 21:36:33,228 [INFO] IPUIPlugin:80 - create IPUIPlugin
2024-02-27 21:36:33,228 [INFO] IPUIPlugin:80 - create IPUIPlugin
2024-02-27 21:36:33,228 [INFO] IPUIPlugin:80 - create IPUIPlugin
2024-02-27 21:36:33,228 [INFO] IPUIPlugin:80 - create IPUIPlugin
2024-02-27 21:36:33,229 [INFO] IPUIPlugin:80 - create IPUIPlugin
2024-02-27 21:36:33,229 [INFO] IPUIPlugin:80 - create IPUIPlugin
2024-02-27 21:36:33,229 [INFO] IPUIPlugin:80 - create IPUIPlugin
2024-02-27 21:36:33,229 [INFO] IPUIPlugin:80 - create IPUIPlugin
2024-02-27 21:36:33,229 [INFO] IPUIPlugin:80 - create IPUIPlugin
2024-02-27 21:36:33,229 [INFO] IPUIPlugin:80 - create IPUIPlugin
2024-02-27 21:36:33,230 [INFO] IPUIPlugin:80 - create IPUIPlugin
2024-02-27 21:36:33,230 [INFO] IPUIPlugin:80 - create IPUIPlugin
2024-02-27 21:36:33,230 [INFO] IPUIPlugin:80 - create IPUIPlugin
2024-02-27 21:36:33,230 [INFO] IPUIPlugin:80 - create IPUIPlugin
2024-02-27 21:36:33,230 [INFO] IPUIPlugin:80 - create IPUIPlugin
2024-02-27 21:36:33,231 [INFO] IPUIPlugin:80 - create IPUIPlugin
2024-02-27 21:36:33,231 [INFO] IPUIPlugin:80 - create IPUIPlugin
2024-02-27 21:36:33,231 [INFO] IPUIPlugin:80 - create IPUIPlugin
2024-02-27 21:36:33,231 [INFO] IPUIPlugin:80 - create IPUIPlugin
2024-02-27 21:36:33,231 [INFO] IPUIPlugin:80 - create IPUIPlugin
2024-02-27 21:36:33,232 [INFO] IPUIPlugin:80 - create IPUIPlugin
2024-02-27 21:36:33,232 [INFO] IPUIPlugin:80 - create IPUIPlugin
2024-02-27 21:36:33,232 [INFO] IPUIPlugin:80 - create IPUIPlugin
2024-02-27 21:36:33,232 [INFO] IPUIPlugin:80 - create IPUIPlugin
2024-02-27 21:36:33,232 [INFO] IPUIPlugin:80 - create IPUIPlugin
2024-02-27 21:36:33,233 [INFO] IPUIPlugin:80 - create IPUIPlugin
2024-02-27 21:36:33,233 [INFO] IPUIPlugin:80 - create IPUIPlugin
2024-02-27 21:36:33,234 [INFO] IPUIPlugin:80 - create IPUIPlugin
2024-02-27 21:36:33,234 [INFO] IPUIPlugin:80 - create IPUIPlugin
2024-02-27 21:36:33,235 [INFO] IPUIPlugin:80 - create IPUIPlugin
2024-02-27 21:36:33,235 [INFO] IPUIPlugin:80 - create IPUIPlugin
2024-02-27 21:36:33,235 [INFO] IPUIPlugin:80 - create IPUIPlugin
2024-02-27 21:36:33,236 [INFO] IPUIPlugin:80 - create IPUIPlugin
2024-02-27 21:36:33,236 [INFO] IPUIPlugin:80 - create IPUIPlugin
2024-02-27 21:36:33,236 [INFO] IPUIPlugin:80 - create IPUIPlugin
2024-02-27 21:36:33,238 [INFO] ApiDbMcu:508 - Load IP Config File for PDM2PCM
2024-02-27 21:36:33,290 [INFO] CADModel:165 - CPN selected for project levelSTM32F407VGT6
2024-02-27 21:36:33,290 [INFO] CADModel:114 - Register for checkConnection events
2024-02-27 21:36:33,338 [INFO] OpenFileManager:343 - Restore cursor
2024-02-27 21:52:37,512 [INFO] Gpio:277 - dependency for GPIO [USART2]
2024-02-27 23:11:11,782 [ERROR] LogOutputStream:75 - [STDERR_REDIRECT] 
