2024-02-15 10:41:44,189 [INFO] Activator:176 - 


2024-02-15 10:41:44,199 [INFO] Activator:177 - !SESSION log4j initialized
2024-02-15 10:41:56,848 [INFO] LogOutputStream:77 - [STDOUT_REDIRECT] 
2024-02-15 10:42:17,750 [INFO] ApplicationProperties:184 - Using Application install path: C:\ST\STM32CubeIDE_1.14.0\STM32CubeIDE\plugins\com.st.stm32cube.common.mx_6.10.0.202311202037
2024-02-15 10:42:17,788 [INFO] DbMcusXml:78 - Set database path to: C:\ST\STM32CubeIDE_1.14.0\STM32CubeIDE\plugins\com.st.stm32cube.common.mx_6.10.0.202311202037\\db\/mcu/
2024-02-15 10:42:17,789 [INFO] ApiDb:274 - Set plugin database path to: C:\ST\STM32CubeIDE_1.14.0\STM32CubeIDE\plugins\com.st.stm32cube.common.mx_6.10.0.202311202037\\db\/plugins/boardmanager/
2024-02-15 10:42:17,790 [WARN] ApiDb:259 - Overriding images path with different value:  => C:\ST\STM32CubeIDE_1.14.0\STM32CubeIDE\plugins\com.st.stm32cube.common.mx_6.10.0.202311202037\\db\/plugins/mcufinder/images/
2024-02-15 10:42:17,805 [INFO] ApiDb:250 - Set database path to: C:\Users\sruthi.sathyan\.stmcufinder\plugins\mcufinder//mcu/
2024-02-15 10:42:17,807 [INFO] DbMcusAds:125 - Set database path to: C:\Users\sruthi.sathyan\.stmcufinder\plugins\mcufinder//mcu/
2024-02-15 10:42:17,823 [INFO] CrossReferenceDbSqlite:203 - Set database path to: C:\Users\sruthi.sathyan\.stmcufinder\plugins\mcufinder//mcu/cs/
2024-02-15 10:42:18,066 [INFO] RulesReader:64 - Compatibility file has been processed (297 Rules)
2024-02-15 10:42:18,212 [INFO] DbMcusXml:78 - Set database path to: C:\ST\STM32CubeIDE_1.14.0\STM32CubeIDE\plugins\com.st.stm32cube.common.mx_6.10.0.202311202037\\db\/mcu/
2024-02-15 10:42:18,212 [INFO] ApiDb:274 - Set plugin database path to: C:\ST\STM32CubeIDE_1.14.0\STM32CubeIDE\plugins\com.st.stm32cube.common.mx_6.10.0.202311202037\\db\/plugins/boardmanager/
2024-02-15 10:42:18,213 [INFO] ApiDb:261 - Set plugin images path to: C:\ST\STM32CubeIDE_1.14.0\STM32CubeIDE\plugins\com.st.stm32cube.common.mx_6.10.0.202311202037\\db\/plugins/mcufinder/images/
2024-02-15 10:42:18,213 [WARN] DbFile:41 - Overriding database path with different value: C:\Users\sruthi.sathyan\.stmcufinder\plugins\mcufinder/ => C:\Users\sruthi.sathyan\.stmcufinder\plugins\mcufinder
2024-02-15 10:42:18,214 [INFO] ApiDb:250 - Set database path to: C:\Users\sruthi.sathyan\.stmcufinder\plugins\mcufinder//mcu/
2024-02-15 10:42:18,214 [WARN] DbFile:41 - Overriding database path with different value: C:\Users\sruthi.sathyan\.stmcufinder\plugins\mcufinder/ => C:\Users\sruthi.sathyan\.stmcufinder\plugins\mcufinder
2024-02-15 10:42:18,214 [INFO] DbMcusAds:125 - Set database path to: C:\Users\sruthi.sathyan\.stmcufinder\plugins\mcufinder//mcu/
2024-02-15 10:42:18,214 [WARN] DbFile:41 - Overriding database path with different value: C:\Users\sruthi.sathyan\.stmcufinder\plugins\mcufinder/ => C:\Users\sruthi.sathyan\.stmcufinder\plugins\mcufinder
2024-02-15 10:42:18,215 [WARN] DbFile:41 - Overriding database path with different value: C:\Users\sruthi.sathyan\.stmcufinder\plugins\mcufinder/ => C:\Users\sruthi.sathyan\.stmcufinder\plugins\mcufinder
2024-02-15 10:42:18,215 [INFO] CrossReferenceDbSqlite:203 - Set database path to: C:\Users\sruthi.sathyan\.stmcufinder\plugins\mcufinder//mcu/cs/
2024-02-15 10:42:18,359 [INFO] MainPanel:264 - HeapMemory: 268435456
2024-02-15 10:42:18,492 [INFO] DbMcusXml:78 - Set database path to: C:\ST\STM32CubeIDE_1.14.0\STM32CubeIDE\plugins\com.st.stm32cube.common.mx_6.10.0.202311202037\\db\/mcu/
2024-02-15 10:42:18,492 [INFO] ApiDb:274 - Set plugin database path to: C:\ST\STM32CubeIDE_1.14.0\STM32CubeIDE\plugins\com.st.stm32cube.common.mx_6.10.0.202311202037\\db\/plugins/boardmanager/
2024-02-15 10:42:18,492 [INFO] ApiDb:261 - Set plugin images path to: C:\ST\STM32CubeIDE_1.14.0\STM32CubeIDE\plugins\com.st.stm32cube.common.mx_6.10.0.202311202037\\db\/plugins/mcufinder/images/
2024-02-15 10:42:18,493 [WARN] DbFile:41 - Overriding database path with different value: C:\Users\sruthi.sathyan\.stmcufinder\plugins\mcufinder/ => C:\Users\sruthi.sathyan\.stmcufinder\plugins\mcufinder
2024-02-15 10:42:18,493 [INFO] ApiDb:250 - Set database path to: C:\Users\sruthi.sathyan\.stmcufinder\plugins\mcufinder//mcu/
2024-02-15 10:42:18,493 [WARN] DbFile:41 - Overriding database path with different value: C:\Users\sruthi.sathyan\.stmcufinder\plugins\mcufinder/ => C:\Users\sruthi.sathyan\.stmcufinder\plugins\mcufinder
2024-02-15 10:42:18,494 [INFO] DbMcusAds:125 - Set database path to: C:\Users\sruthi.sathyan\.stmcufinder\plugins\mcufinder//mcu/
2024-02-15 10:42:18,494 [WARN] DbFile:41 - Overriding database path with different value: C:\Users\sruthi.sathyan\.stmcufinder\plugins\mcufinder/ => C:\Users\sruthi.sathyan\.stmcufinder\plugins\mcufinder
2024-02-15 10:42:18,494 [WARN] DbFile:41 - Overriding database path with different value: C:\Users\sruthi.sathyan\.stmcufinder\plugins\mcufinder/ => C:\Users\sruthi.sathyan\.stmcufinder\plugins\mcufinder
2024-02-15 10:42:18,494 [INFO] CrossReferenceDbSqlite:203 - Set database path to: C:\Users\sruthi.sathyan\.stmcufinder\plugins\mcufinder//mcu/cs/
2024-02-15 10:42:18,527 [INFO] ApplicationProperties:184 - Using Application install path: C:\ST\STM32CubeIDE_1.14.0\STM32CubeIDE\plugins\com.st.stm32cube.common.mx_6.10.0.202311202037
2024-02-15 10:42:18,529 [INFO] PluginManage:196 - Search for loadable plugins [exclusion list=, ]
2024-02-15 10:42:18,531 [INFO] PluginManage:310 - Check plugin analytics
2024-02-15 10:42:18,912 [INFO] AnalyticsPlugin:253 - Accepted Software Licenses: 
2024-02-15 10:42:18,913 [INFO] AnalyticsPlugin:255 - Accepted CMSIS Pack Licenses: 
2024-02-15 10:42:18,913 [INFO] AnalyticsPlugin:257 - Accepted Firmware Licenses: FW.F4.1.28.0
2024-02-15 10:42:18,917 [INFO] PluginManage:359 - Loaded plugin analytics (category:tool,tabindex:-1)
2024-02-15 10:42:18,917 [INFO] PluginManage:310 - Check plugin cadmodel
2024-02-15 10:42:18,931 [INFO] CADModel:105 - Init CAD model plugin
2024-02-15 10:42:18,931 [INFO] PluginManage:359 - Loaded plugin cadmodel (category:power,tabindex:5)
2024-02-15 10:42:18,932 [INFO] PluginManage:310 - Check plugin clock
2024-02-15 10:42:18,955 [INFO] PluginManage:359 - Loaded plugin clock (category:base,tabindex:2)
2024-02-15 10:42:18,955 [INFO] PluginManage:310 - Check plugin ddr
2024-02-15 10:42:18,960 [INFO] PluginManage:359 - Loaded plugin ddr (category:tool,tabindex:6)
2024-02-15 10:42:18,960 [INFO] PluginManage:310 - Check plugin filemanager
2024-02-15 10:42:19,232 [INFO] PluginManage:359 - Loaded plugin filemanager (category:base,tabindex:10)
2024-02-15 10:42:19,232 [INFO] PluginManage:310 - Check plugin ipmanager
2024-02-15 10:42:19,243 [INFO] PluginManage:359 - Loaded plugin ipmanager (category:base,tabindex:5)
2024-02-15 10:42:19,243 [INFO] PluginManage:310 - Check plugin lpbam
2024-02-15 10:42:19,260 [INFO] PluginManage:359 - Loaded plugin lpbam (category:base,tabindex:0)
2024-02-15 10:42:19,261 [INFO] PluginManage:310 - Check plugin memorymap
2024-02-15 10:42:19,284 [INFO] PluginManage:359 - Loaded plugin memorymap (category:base,tabindex:4)
2024-02-15 10:42:19,285 [INFO] PluginManage:310 - Check plugin pinoutandconfiguration
2024-02-15 10:42:19,298 [INFO] PluginManage:359 - Loaded plugin pinoutandconfiguration (category:base,tabindex:1)
2024-02-15 10:42:19,299 [INFO] PluginManage:310 - Check plugin pinoutconfig
2024-02-15 10:42:19,441 [WARN] SupportedApi:132 - Cannot load RTOS API schema: s4s-elt-must-match.1: The content of 'definitions' must match (annotation?, (simpleType | complexType)?, (unique | key | keyref)*)). A problem was found starting at: attribute.
2024-02-15 10:42:19,652 [INFO] PluginManage:359 - Loaded plugin pinoutconfig (category:base,tabindex:0)
2024-02-15 10:42:19,652 [INFO] PluginManage:310 - Check plugin power
2024-02-15 10:42:19,678 [INFO] PluginManage:359 - Loaded plugin power (category:power,tabindex:4)
2024-02-15 10:42:19,679 [INFO] PluginManage:310 - Check plugin projectmanager
2024-02-15 10:42:19,712 [INFO] PluginManage:359 - Loaded plugin projectmanager (category:projectmanager,tabindex:3)
2024-02-15 10:42:19,712 [INFO] PluginManage:310 - Check plugin thirdparty
2024-02-15 10:42:20,094 [INFO] PluginManage:359 - Loaded plugin thirdparty (category:base,tabindex:-1)
2024-02-15 10:42:20,094 [WARN] IntegrityCheckThread:84 - waiting for thirdparty lock release [integrity check]
2024-02-15 10:42:20,095 [INFO] PluginManage:310 - Check plugin tools
2024-02-15 10:42:20,095 [INFO] IntegrityCheckThread:86 - entering critical section [integrity check]
2024-02-15 10:42:20,096 [INFO] ThirdPartyUpdaterWithRetryManager:70 - Updater plugin not ready yet. [1/15]
2024-02-15 10:42:20,100 [INFO] PluginManage:359 - Loaded plugin tools (category:base,tabindex:7)
2024-02-15 10:42:20,100 [INFO] PluginManage:310 - Check plugin tutovideos
2024-02-15 10:42:20,405 [INFO] PluginManage:359 - Loaded plugin tutovideos (category:base,tabindex:-1)
2024-02-15 10:42:20,405 [INFO] PluginManage:310 - Check plugin updater
2024-02-15 10:42:20,425 [INFO] PluginManage:359 - Loaded plugin updater (category:base,tabindex:12)
2024-02-15 10:42:20,425 [INFO] PluginManage:310 - Check plugin userauth
2024-02-15 10:42:20,435 [INFO] UserAuth:114 - Init User Auth plugin
2024-02-15 10:42:20,435 [INFO] PluginManage:359 - Loaded plugin userauth (category:base,tabindex:14)
2024-02-15 10:42:20,436 [INFO] PluginManage:283 - PluginManage : Loaded plugins [17]
2024-02-15 10:42:20,787 [INFO] PinOutPanel:1499 - setPackage(No Configuration,No Configuration)
2024-02-15 10:42:20,919 [INFO] CADModel:165 - CPN selected for project level
2024-02-15 10:42:20,919 [INFO] CADModel:114 - Register for checkConnection events
2024-02-15 10:42:20,951 [INFO] IPUIPlugin:80 - create IPUIPlugin
2024-02-15 10:42:20,952 [INFO] PluginManager:220 - loadIPPluginJar : add adc
2024-02-15 10:42:20,959 [INFO] IPUIPlugin:80 - create IPUIPlugin
2024-02-15 10:42:20,960 [INFO] PluginManager:220 - loadIPPluginJar : add aes
2024-02-15 10:42:20,967 [INFO] IPUIPlugin:80 - create IPUIPlugin
2024-02-15 10:42:20,967 [INFO] PluginManager:220 - loadIPPluginJar : add can
2024-02-15 10:42:20,972 [INFO] IPUIPlugin:80 - create IPUIPlugin
2024-02-15 10:42:20,973 [INFO] PluginManager:220 - loadIPPluginJar : add comp
2024-02-15 10:42:20,979 [INFO] IPUIPlugin:80 - create IPUIPlugin
2024-02-15 10:42:20,979 [INFO] PluginManager:220 - loadIPPluginJar : add cryp
2024-02-15 10:42:20,985 [INFO] IPUIPlugin:80 - create IPUIPlugin
2024-02-15 10:42:20,985 [INFO] PluginManager:220 - loadIPPluginJar : add dfsdm
2024-02-15 10:42:20,997 [INFO] IPUIPlugin:80 - create IPUIPlugin
2024-02-15 10:42:20,998 [INFO] PluginManager:220 - loadIPPluginJar : add dma
2024-02-15 10:42:21,004 [INFO] IPUIPlugin:80 - create IPUIPlugin
2024-02-15 10:42:21,005 [INFO] PluginManager:220 - loadIPPluginJar : add dma3
2024-02-15 10:42:21,009 [INFO] IPUIPlugin:80 - create IPUIPlugin
2024-02-15 10:42:21,010 [INFO] PluginManager:220 - loadIPPluginJar : add fatfs
2024-02-15 10:42:21,018 [INFO] IPUIPlugin:80 - create IPUIPlugin
2024-02-15 10:42:21,018 [INFO] PluginManager:220 - loadIPPluginJar : add fmc
2024-02-15 10:42:21,030 [INFO] IPUIPlugin:80 - create IPUIPlugin
2024-02-15 10:42:21,030 [INFO] PluginManager:220 - loadIPPluginJar : add freertos
2024-02-15 10:42:21,035 [INFO] IPUIPlugin:80 - create IPUIPlugin
2024-02-15 10:42:21,035 [INFO] PluginManager:220 - loadIPPluginJar : add genericplugin
2024-02-15 10:42:21,040 [INFO] IPUIPlugin:80 - create IPUIPlugin
2024-02-15 10:42:21,040 [INFO] PluginManager:220 - loadIPPluginJar : add gfxmmu
2024-02-15 10:42:21,051 [INFO] IPUIPlugin:80 - create IPUIPlugin
2024-02-15 10:42:21,051 [INFO] PluginManager:220 - loadIPPluginJar : add gic
2024-02-15 10:42:21,060 [INFO] IPUIPlugin:80 - create IPUIPlugin
2024-02-15 10:42:21,060 [INFO] PluginManager:220 - loadIPPluginJar : add gpio
2024-02-15 10:42:21,069 [INFO] IPUIPlugin:80 - create IPUIPlugin
2024-02-15 10:42:21,069 [INFO] PluginManager:220 - loadIPPluginJar : add gtzc
2024-02-15 10:42:21,077 [INFO] IPUIPlugin:80 - create IPUIPlugin
2024-02-15 10:42:21,077 [INFO] PluginManager:220 - loadIPPluginJar : add hash
2024-02-15 10:42:21,086 [INFO] IPUIPlugin:80 - create IPUIPlugin
2024-02-15 10:42:21,086 [INFO] PluginManager:220 - loadIPPluginJar : add i2c
2024-02-15 10:42:21,096 [INFO] IPUIPlugin:80 - create IPUIPlugin
2024-02-15 10:42:21,096 [INFO] PluginManager:220 - loadIPPluginJar : add i2s
2024-02-15 10:42:21,106 [INFO] IPUIPlugin:80 - create IPUIPlugin
2024-02-15 10:42:21,106 [INFO] PluginManager:220 - loadIPPluginJar : add i3c
2024-02-15 10:42:21,114 [INFO] IPUIPlugin:80 - create IPUIPlugin
2024-02-15 10:42:21,114 [INFO] PluginManager:220 - loadIPPluginJar : add ipddr
2024-02-15 10:42:21,132 [INFO] IPUIPlugin:80 - create IPUIPlugin
2024-02-15 10:42:21,132 [INFO] PluginManager:220 - loadIPPluginJar : add linkedlist
2024-02-15 10:42:21,141 [INFO] IPUIPlugin:80 - create IPUIPlugin
2024-02-15 10:42:21,141 [INFO] PluginManager:220 - loadIPPluginJar : add lorawan
2024-02-15 10:42:21,148 [INFO] IPUIPlugin:80 - create IPUIPlugin
2024-02-15 10:42:21,149 [INFO] PluginManager:220 - loadIPPluginJar : add ltdc
2024-02-15 10:42:21,162 [INFO] IPUIPlugin:80 - create IPUIPlugin
2024-02-15 10:42:21,163 [INFO] PluginManager:220 - loadIPPluginJar : add mdma
2024-02-15 10:42:21,173 [INFO] IPUIPlugin:80 - create IPUIPlugin
2024-02-15 10:42:21,174 [INFO] PluginManager:220 - loadIPPluginJar : add nvic
2024-02-15 10:42:21,182 [INFO] IPUIPlugin:80 - create IPUIPlugin
2024-02-15 10:42:21,183 [INFO] PluginManager:220 - loadIPPluginJar : add opamp
2024-02-15 10:42:21,191 [INFO] IPUIPlugin:80 - create IPUIPlugin
2024-02-15 10:42:21,191 [INFO] PluginManager:220 - loadIPPluginJar : add openamp
2024-02-15 10:42:21,200 [INFO] IPUIPlugin:80 - create IPUIPlugin
2024-02-15 10:42:21,200 [INFO] PluginManager:220 - loadIPPluginJar : add pdm2pcm
2024-02-15 10:42:21,211 [INFO] IPUIPlugin:80 - create IPUIPlugin
2024-02-15 10:42:21,214 [INFO] PluginManager:220 - loadIPPluginJar : add plateformsettings
2024-02-15 10:42:21,219 [INFO] IPUIPlugin:80 - create IPUIPlugin
2024-02-15 10:42:21,219 [INFO] PluginManager:220 - loadIPPluginJar : add quadspi
2024-02-15 10:42:21,232 [INFO] IPUIPlugin:80 - create IPUIPlugin
2024-02-15 10:42:21,232 [INFO] PluginManager:220 - loadIPPluginJar : add resmgrutility
2024-02-15 10:42:21,241 [INFO] IPUIPlugin:80 - create IPUIPlugin
2024-02-15 10:42:21,241 [INFO] PluginManager:220 - loadIPPluginJar : add sai
2024-02-15 10:42:21,249 [INFO] IPUIPlugin:80 - create IPUIPlugin
2024-02-15 10:42:21,249 [INFO] PluginManager:220 - loadIPPluginJar : add spi
2024-02-15 10:42:21,259 [INFO] IPUIPlugin:80 - create IPUIPlugin
2024-02-15 10:42:21,260 [INFO] PluginManager:220 - loadIPPluginJar : add stm32_wpan
2024-02-15 10:42:21,265 [INFO] IPUIPlugin:80 - create IPUIPlugin
2024-02-15 10:42:21,265 [INFO] PluginManager:220 - loadIPPluginJar : add tim
2024-02-15 10:42:21,272 [INFO] IPUIPlugin:80 - create IPUIPlugin
2024-02-15 10:42:21,272 [INFO] PluginManager:220 - loadIPPluginJar : add touchsensing
2024-02-15 10:42:21,278 [INFO] IPUIPlugin:80 - create IPUIPlugin
2024-02-15 10:42:21,279 [INFO] PluginManager:220 - loadIPPluginJar : add tracer_emb
2024-02-15 10:42:21,284 [INFO] IPUIPlugin:80 - create IPUIPlugin
2024-02-15 10:42:21,284 [INFO] PluginManager:220 - loadIPPluginJar : add ts
2024-02-15 10:42:21,288 [INFO] IPUIPlugin:80 - create IPUIPlugin
2024-02-15 10:42:21,289 [INFO] PluginManager:220 - loadIPPluginJar : add tsc
2024-02-15 10:42:21,295 [INFO] IPUIPlugin:80 - create IPUIPlugin
2024-02-15 10:42:21,295 [INFO] PluginManager:220 - loadIPPluginJar : add ucpd
2024-02-15 10:42:21,302 [INFO] IPUIPlugin:80 - create IPUIPlugin
2024-02-15 10:42:21,302 [INFO] PluginManager:220 - loadIPPluginJar : add usart
2024-02-15 10:42:21,311 [INFO] IPUIPlugin:80 - create IPUIPlugin
2024-02-15 10:42:21,312 [INFO] PluginManager:220 - loadIPPluginJar : add usbx
2024-02-15 10:42:21,517 [INFO] CADModel:165 - CPN selected for project level
2024-02-15 10:42:21,518 [INFO] CADModel:114 - Register for checkConnection events
2024-02-15 10:42:21,518 [FATAL] Updater:308 - Updater called before beeing initialized
2024-02-15 10:42:21,519 [ERROR] CADModel:125 - Updater not yet initialized, retry later 
2024-02-15 10:42:21,773 [INFO] CADModel:165 - CPN selected for project level
2024-02-15 10:42:21,773 [INFO] CADModel:114 - Register for checkConnection events
2024-02-15 10:42:21,774 [FATAL] Updater:308 - Updater called before beeing initialized
2024-02-15 10:42:21,774 [ERROR] CADModel:125 - Updater not yet initialized, retry later 
2024-02-15 10:42:21,779 [FATAL] Updater:308 - Updater called before beeing initialized
2024-02-15 10:42:21,991 [FATAL] Updater:308 - Updater called before beeing initialized
2024-02-15 10:42:21,998 [INFO] DbMcusAds:53 - JSON generation date=Wed Nov 29 16:22:27 IST 2023 (1701255147349)
2024-02-15 10:42:21,998 [FATAL] Updater:308 - Updater called before beeing initialized
2024-02-15 10:42:22,076 [WARN] DetailPanel:346 - Failed to get advertising image, set to default
2024-02-15 10:42:22,228 [FATAL] Updater:308 - Updater called before beeing initialized
2024-02-15 10:42:22,232 [FATAL] Updater:308 - Updater called before beeing initialized
2024-02-15 10:42:22,232 [FATAL] Updater:308 - Updater called before beeing initialized
2024-02-15 10:42:22,232 [WARN] DetailPanel:346 - Failed to get advertising image, set to default
2024-02-15 10:42:22,233 [FATAL] Updater:308 - Updater called before beeing initialized
2024-02-15 10:42:22,352 [ERROR] Updater:1120 - MainUpdater not yet initialized. External WinMGr cannot be set.
2024-02-15 10:42:22,370 [INFO] Updater:1056 - Updater Version found : 6.10.0
2024-02-15 10:42:22,399 [INFO] ApplicationProperties:184 - Using Application install path: C:\ST\STM32CubeIDE_1.14.0\STM32CubeIDE\plugins\com.st.stm32cube.common.mx_6.10.0.202311202037
2024-02-15 10:42:23,097 [INFO] ThirdPartyUpdaterWithRetryManager:70 - Updater plugin not ready yet. [2/15]
2024-02-15 10:42:23,988 [ERROR] LogOutputStream:75 - [STDERR_REDIRECT] Feb 15, 2024 10:42:23 AM java.util.prefs.WindowsPreferences <init>
2024-02-15 10:42:23,992 [ERROR] LogOutputStream:75 - [STDERR_REDIRECT] WARNING: Could not open/create prefs root node Software\JavaSoft\Prefs at root 0xffffffff80000002. Windows RegCreateKeyEx(...) returned error code 5.
2024-02-15 10:42:23,993 [ERROR] LogOutputStream:75 - [STDERR_REDIRECT] 
2024-02-15 10:42:24,775 [INFO] MainUpdater:2873 - connection check result : 10
2024-02-15 10:42:24,777 [INFO] MainUpdater:290 - Updater Check For Update Now.
2024-02-15 10:42:24,778 [INFO] MicroXplorer:498 - Change Database Version : DB.6.0.100
2024-02-15 10:42:24,811 [INFO] McuFinderGlobals:63 - Set McuFinder mode to 2 (CubeIDE integrated)
2024-02-15 10:42:24,812 [INFO] UserAuth:180 - activating auth plugin
2024-02-15 10:42:24,818 [INFO] UserAuth:404 - Internet connection configuration mode: 1
2024-02-15 10:42:24,856 [INFO] JxBrowserEngine:152 - Initiate JxBrowser Engine with user profile folder
2024-02-15 10:42:25,116 [INFO] CheckServerUpdateThread:120 - End of CheckServer Thread
2024-02-15 10:42:26,596 [WARN] PackLoader:240 - Cannot read IP mode file for STMicroelectronics.X-CUBE-SMBUS.2.1.0
2024-02-15 10:42:26,631 [WARN] PackLoader:240 - Cannot read IP mode file for STMicroelectronics.X-CUBE-TOUCHGFX.4.23.0
2024-02-15 10:42:26,766 [WARN] PackLoader:240 - Cannot read IP mode file for STMicroelectronics.X-CUBE-AZRTOS-F7.1.1.0
2024-02-15 10:42:26,812 [WARN] PackLoader:240 - Cannot read IP mode file for STMicroelectronics.FP-SNS-MOTENV1.4.3.2
2024-02-15 10:42:26,863 [WARN] PackLoader:240 - Cannot read IP mode file for STMicroelectronics.FP-SNS-FLIGHT1.5.0.2
2024-02-15 10:42:26,910 [WARN] PackLoader:240 - Cannot read IP mode file for STMicroelectronics.X-CUBE-DISPLAY.3.0.0
2024-02-15 10:42:26,982 [WARN] PackLoader:240 - Cannot read IP mode file for STMicroelectronics.X-CUBE-BLE1.7.0.0
2024-02-15 10:42:27,120 [WARN] PackLoader:240 - Cannot read IP mode file for emotas.I-CUBE-CANOPEN.1.3.0
2024-02-15 10:42:27,258 [WARN] PackLoader:240 - Cannot read IP mode file for STMicroelectronics.FP-SNS-SMARTAG2.1.2.0
2024-02-15 10:42:27,379 [INFO] LogOutputStream:77 - [STDOUT_REDIRECT] 1 : Invalid condition id : UX_CORESTACK_Condition cause : null
2024-02-15 10:42:27,380 [INFO] LogOutputStream:77 - [STDOUT_REDIRECT] 1 : Invalid condition id : UX_CORESTACK_Condition cause : null
2024-02-15 10:42:27,383 [INFO] LogOutputStream:77 - [STDOUT_REDIRECT] 1 : Invalid condition id : UX_CORESTACK_Condition cause : null
2024-02-15 10:42:27,385 [INFO] LogOutputStream:77 - [STDOUT_REDIRECT] 1 : Invalid condition id : UX_CORESTACK_Condition cause : null
2024-02-15 10:42:27,388 [INFO] LogOutputStream:77 - [STDOUT_REDIRECT] 1 : Invalid condition id : UX_CORESTACK_Condition cause : null
2024-02-15 10:42:27,400 [WARN] PackLoader:240 - Cannot read IP mode file for STMicroelectronics.X-CUBE-AZRTOS-WL.2.0.0
2024-02-15 10:42:27,470 [WARN] PackLoader:240 - Cannot read IP mode file for WES.I-CUBE-Cesium.1.3.0
2024-02-15 10:42:27,504 [WARN] PackLoader:240 - Cannot read IP mode file for STMicroelectronics.X-CUBE-BLE2.3.3.0
2024-02-15 10:42:27,543 [WARN] PackLoader:240 - Cannot read IP mode file for STMicroelectronics.X-CUBE-ALGOBUILD.1.3.0
2024-02-15 10:42:27,630 [WARN] PackLoader:240 - Cannot read IP mode file for STMicroelectronics.X-CUBE-AZRTOS-G0.1.1.0
2024-02-15 10:42:27,637 [INFO] WebApp:161 - Instantiating new browser for Auth
2024-02-15 10:42:27,694 [WARN] PackLoader:240 - Cannot read IP mode file for STMicroelectronics.X-CUBE-NFC4.3.0.0
2024-02-15 10:42:27,942 [WARN] PackLoader:240 - Cannot read IP mode file for STMicroelectronics.X-CUBE-BLEMGR.3.0.0
2024-02-15 10:42:28,181 [WARN] PackLoader:240 - Cannot read IP mode file for STMicroelectronics.FP-ATR-SIGFOX1.3.2.0
2024-02-15 10:42:28,272 [WARN] PackLoader:240 - Cannot read IP mode file for STMicroelectronics.X-CUBE-EEPRMA1.5.1.0
2024-02-15 10:42:28,435 [WARN] PackLoader:240 - Cannot read IP mode file for SEGGER.I-CUBE-embOS.1.3.1
2024-02-15 10:42:28,787 [WARN] PackLoader:240 - Cannot read IP mode file for STMicroelectronics.X-CUBE-GNSS1.6.0.0
2024-02-15 10:42:28,925 [WARN] PackLoader:240 - Cannot read IP mode file for STMicroelectronics.X-CUBE-AZRTOS-F4.1.1.0
2024-02-15 10:42:28,959 [WARN] PackLoader:240 - Cannot read IP mode file for wolfSSL.I-CUBE-wolfSSL.5.6.6
2024-02-15 10:42:29,031 [WARN] PackLoader:240 - Cannot read IP mode file for STMicroelectronics.X-CUBE-AZRTOS-L5.2.0.0
2024-02-15 10:42:29,065 [WARN] PackLoader:240 - Cannot read IP mode file for STMicroelectronics.X-CUBE-EEPRMA1.4.2.0
2024-02-15 10:42:29,093 [WARN] PackLoader:240 - Cannot read IP mode file for ITTIA_DB.I-CUBE-ITTIADB.8.8.0
2024-02-15 10:42:29,120 [WARN] PackLoader:240 - Cannot read IP mode file for STMicroelectronics.X-CUBE-NFC7.1.0.1
2024-02-15 10:42:29,159 [WARN] PackLoader:240 - Cannot read IP mode file for STMicroelectronics.X-CUBE-NFC6.3.0.0
2024-02-15 10:42:29,185 [WARN] PackLoader:240 - Cannot read IP mode file for STMicroelectronics.X-CUBE-AI.8.1.0
2024-02-15 10:42:29,261 [WARN] ConditionMgr:438 - getConditionDescription Invalid condition id : LAN8742 Phy interface Condition cause : null
2024-02-15 10:42:29,263 [WARN] PackLoader:240 - Cannot read IP mode file for STMicroelectronics.X-CUBE-AZRTOS-L4.2.0.0
2024-02-15 10:42:29,267 [WARN] ConditionMgr:1039 - genDependencies : Invalid condition id : LAN8742 Phy interface Condition cause : null
2024-02-15 10:42:29,267 [WARN] ConditionMgr:1039 - genDependencies : Invalid condition id : LAN8742 Phy interface Condition cause : null
2024-02-15 10:42:29,268 [WARN] ConditionMgr:1039 - genDependencies : Invalid condition id : LAN8742 Phy interface Condition cause : null
2024-02-15 10:42:29,301 [WARN] PackLoader:240 - Cannot read IP mode file for STMicroelectronics.X-CUBE-SFXS2LP1.4.0.0
2024-02-15 10:42:29,362 [WARN] ConditionMgr:438 - getConditionDescription Invalid condition id : UX DEVICE CLASS RTOS Condition cause : null
2024-02-15 10:42:29,363 [WARN] ConditionMgr:438 - getConditionDescription Invalid condition id : UX DEVICE CLASS RTOS Condition cause : null
2024-02-15 10:42:29,367 [WARN] PackLoader:240 - Cannot read IP mode file for STMicroelectronics.X-CUBE-AZRTOS-WB.2.0.0
2024-02-15 10:42:29,369 [WARN] ConditionMgr:1039 - genDependencies : Invalid condition id : UX DEVICE CLASS RTOS Condition cause : null
2024-02-15 10:42:29,369 [WARN] ConditionMgr:1039 - genDependencies : Invalid condition id : UX DEVICE CLASS RTOS Condition cause : null
2024-02-15 10:42:29,371 [WARN] ConditionMgr:1039 - genDependencies : Invalid condition id : UX DEVICE CLASS RTOS Condition cause : null
2024-02-15 10:42:29,372 [WARN] ConditionMgr:1039 - genDependencies : Invalid condition id : UX DEVICE CLASS RTOS Condition cause : null
2024-02-15 10:42:29,372 [WARN] ConditionMgr:1039 - genDependencies : Invalid condition id : UX DEVICE CLASS RTOS Condition cause : null
2024-02-15 10:42:29,419 [WARN] PackLoader:240 - Cannot read IP mode file for STMicroelectronics.X-CUBE-SUBG2.5.0.0
2024-02-15 10:42:29,514 [WARN] PackLoader:240 - Cannot read IP mode file for STMicroelectronics.X-CUBE-AZRTOS-G4.2.0.0
2024-02-15 10:42:29,581 [WARN] PackLoader:240 - Cannot read IP mode file for Infineon.AIROC-Wi-Fi-Bluetooth-STM32.1.5.1
2024-02-15 10:42:29,624 [WARN] PackLoader:240 - Cannot read IP mode file for STMicroelectronics.FP-SNS-MOTENVWB1.1.3.1
2024-02-15 10:42:29,650 [WARN] PackLoader:240 - Cannot read IP mode file for STMicroelectronics.X-CUBE-ISPU.2.0.0
2024-02-15 10:42:29,792 [WARN] PackLoader:240 - Cannot read IP mode file for STMicroelectronics.X-CUBE-MEMS1.10.0.0
2024-02-15 10:42:29,932 [INFO] WebApp:780 - Register for checkConnection events
2024-02-15 10:42:29,933 [INFO] WebApp:414 - Apply proxy settings
2024-02-15 10:42:29,933 [INFO] WebApp:499 - Chromium requires no authentication
2024-02-15 10:42:29,947 [INFO] WebApp:442 - Direct internet connection detected
2024-02-15 10:42:30,063 [WARN] PackLoader:240 - Cannot read IP mode file for STMicroelectronics.X-CUBE-FREERTOS.1.1.0
2024-02-15 10:42:30,093 [WARN] PackLoader:240 - Cannot read IP mode file for portGmbH.I-Cube-SoM-uGOAL.1.1.0
2024-02-15 10:42:30,116 [WARN] PackLoader:240 - Cannot read IP mode file for STMicroelectronics.X-CUBE-ALS.1.0.1
2024-02-15 10:42:30,138 [WARN] PackLoader:240 - Cannot read IP mode file for STMicroelectronics.FP-ATR-ASTRA1.2.0.0
2024-02-15 10:42:30,179 [WARN] PackLoader:240 - Cannot read IP mode file for STMicroelectronics.X-CUBE-TOF1.3.4.0
2024-02-15 10:42:30,285 [WARN] PackLoader:240 - Cannot read IP mode file for STMicroelectronics.X-CUBE-AZRTOS-H7.3.2.0
2024-02-15 10:42:30,294 [INFO] ThirdParty:978 - Integrity check success = true
2024-02-15 10:42:30,294 [INFO] IntegrityCheckThread:100 - exiting critical section [integrity check]
2024-02-15 10:42:30,295 [INFO] IntegrityCheckThread:103 - End integrity checks thread
2024-02-15 10:42:30,331 [INFO] WebApp:192 - Starting web application
2024-02-15 10:42:30,332 [INFO] WebApp:544 - Web application path used C:\ST\STM32CubeIDE_1.14.0\STM32CubeIDE\plugins\com.st.stm32cube.common.mx_6.10.0.202311202037\db\plugins\mcufinder\reactClient1\index.html
2024-02-15 10:42:51,934 [ERROR] LogOutputStream:75 - [STDERR_REDIRECT] SLF4J: Failed to load class "org.slf4j.impl.StaticLoggerBinder".
2024-02-15 10:42:51,937 [ERROR] LogOutputStream:75 - [STDERR_REDIRECT] SLF4J: Defaulting to no-operation (NOP) logger implementation
2024-02-15 10:42:51,940 [ERROR] LogOutputStream:75 - [STDERR_REDIRECT] SLF4J: See http://www.slf4j.org/codes.html#StaticLoggerBinder for further details.
2024-02-15 18:00:13,682 [ERROR] LogOutputStream:75 - [STDERR_REDIRECT] 
