2024-03-04 09:31:22,707 [INFO] Activator:176 - 


2024-03-04 09:31:22,713 [INFO] Activator:177 - !SESSION log4j initialized
2024-03-04 09:31:31,328 [INFO] LogOutputStream:77 - [STDOUT_REDIRECT] 
2024-03-04 09:31:47,068 [INFO] ApplicationProperties:184 - Using Application install path: C:\ST\STM32CubeIDE_1.14.0\STM32CubeIDE\plugins\com.st.stm32cube.common.mx_6.10.0.202311202037
2024-03-04 09:31:47,087 [INFO] DbMcusXml:78 - Set database path to: C:\ST\STM32CubeIDE_1.14.0\STM32CubeIDE\plugins\com.st.stm32cube.common.mx_6.10.0.202311202037\\db\/mcu/
2024-03-04 09:31:47,088 [INFO] ApiDb:274 - Set plugin database path to: C:\ST\STM32CubeIDE_1.14.0\STM32CubeIDE\plugins\com.st.stm32cube.common.mx_6.10.0.202311202037\\db\/plugins/boardmanager/
2024-03-04 09:31:47,088 [WARN] ApiDb:259 - Overriding images path with different value:  => C:\ST\STM32CubeIDE_1.14.0\STM32CubeIDE\plugins\com.st.stm32cube.common.mx_6.10.0.202311202037\\db\/plugins/mcufinder/images/
2024-03-04 09:31:47,100 [INFO] ApiDb:250 - Set database path to: C:\Users\sruthi.sathyan\.stmcufinder\plugins\mcufinder//mcu/
2024-03-04 09:31:47,102 [INFO] DbMcusAds:125 - Set database path to: C:\Users\sruthi.sathyan\.stmcufinder\plugins\mcufinder//mcu/
2024-03-04 09:31:47,149 [INFO] CrossReferenceDbSqlite:203 - Set database path to: C:\Users\sruthi.sathyan\.stmcufinder\plugins\mcufinder//mcu/cs/
2024-03-04 09:31:47,247 [INFO] RulesReader:64 - Compatibility file has been processed (297 Rules)
2024-03-04 09:31:47,324 [INFO] DbMcusXml:78 - Set database path to: C:\ST\STM32CubeIDE_1.14.0\STM32CubeIDE\plugins\com.st.stm32cube.common.mx_6.10.0.202311202037\\db\/mcu/
2024-03-04 09:31:47,324 [INFO] ApiDb:274 - Set plugin database path to: C:\ST\STM32CubeIDE_1.14.0\STM32CubeIDE\plugins\com.st.stm32cube.common.mx_6.10.0.202311202037\\db\/plugins/boardmanager/
2024-03-04 09:31:47,324 [INFO] ApiDb:261 - Set plugin images path to: C:\ST\STM32CubeIDE_1.14.0\STM32CubeIDE\plugins\com.st.stm32cube.common.mx_6.10.0.202311202037\\db\/plugins/mcufinder/images/
2024-03-04 09:31:47,324 [WARN] DbFile:41 - Overriding database path with different value: C:\Users\sruthi.sathyan\.stmcufinder\plugins\mcufinder/ => C:\Users\sruthi.sathyan\.stmcufinder\plugins\mcufinder
2024-03-04 09:31:47,324 [INFO] ApiDb:250 - Set database path to: C:\Users\sruthi.sathyan\.stmcufinder\plugins\mcufinder//mcu/
2024-03-04 09:31:47,325 [WARN] DbFile:41 - Overriding database path with different value: C:\Users\sruthi.sathyan\.stmcufinder\plugins\mcufinder/ => C:\Users\sruthi.sathyan\.stmcufinder\plugins\mcufinder
2024-03-04 09:31:47,325 [INFO] DbMcusAds:125 - Set database path to: C:\Users\sruthi.sathyan\.stmcufinder\plugins\mcufinder//mcu/
2024-03-04 09:31:47,325 [WARN] DbFile:41 - Overriding database path with different value: C:\Users\sruthi.sathyan\.stmcufinder\plugins\mcufinder/ => C:\Users\sruthi.sathyan\.stmcufinder\plugins\mcufinder
2024-03-04 09:31:47,325 [WARN] DbFile:41 - Overriding database path with different value: C:\Users\sruthi.sathyan\.stmcufinder\plugins\mcufinder/ => C:\Users\sruthi.sathyan\.stmcufinder\plugins\mcufinder
2024-03-04 09:31:47,325 [INFO] CrossReferenceDbSqlite:203 - Set database path to: C:\Users\sruthi.sathyan\.stmcufinder\plugins\mcufinder//mcu/cs/
2024-03-04 09:31:47,408 [INFO] MainPanel:264 - HeapMemory: 268435456
2024-03-04 09:31:47,489 [INFO] DbMcusXml:78 - Set database path to: C:\ST\STM32CubeIDE_1.14.0\STM32CubeIDE\plugins\com.st.stm32cube.common.mx_6.10.0.202311202037\\db\/mcu/
2024-03-04 09:31:47,489 [INFO] ApiDb:274 - Set plugin database path to: C:\ST\STM32CubeIDE_1.14.0\STM32CubeIDE\plugins\com.st.stm32cube.common.mx_6.10.0.202311202037\\db\/plugins/boardmanager/
2024-03-04 09:31:47,489 [INFO] ApiDb:261 - Set plugin images path to: C:\ST\STM32CubeIDE_1.14.0\STM32CubeIDE\plugins\com.st.stm32cube.common.mx_6.10.0.202311202037\\db\/plugins/mcufinder/images/
2024-03-04 09:31:47,490 [WARN] DbFile:41 - Overriding database path with different value: C:\Users\sruthi.sathyan\.stmcufinder\plugins\mcufinder/ => C:\Users\sruthi.sathyan\.stmcufinder\plugins\mcufinder
2024-03-04 09:31:47,490 [INFO] ApiDb:250 - Set database path to: C:\Users\sruthi.sathyan\.stmcufinder\plugins\mcufinder//mcu/
2024-03-04 09:31:47,490 [WARN] DbFile:41 - Overriding database path with different value: C:\Users\sruthi.sathyan\.stmcufinder\plugins\mcufinder/ => C:\Users\sruthi.sathyan\.stmcufinder\plugins\mcufinder
2024-03-04 09:31:47,490 [INFO] DbMcusAds:125 - Set database path to: C:\Users\sruthi.sathyan\.stmcufinder\plugins\mcufinder//mcu/
2024-03-04 09:31:47,490 [WARN] DbFile:41 - Overriding database path with different value: C:\Users\sruthi.sathyan\.stmcufinder\plugins\mcufinder/ => C:\Users\sruthi.sathyan\.stmcufinder\plugins\mcufinder
2024-03-04 09:31:47,490 [WARN] DbFile:41 - Overriding database path with different value: C:\Users\sruthi.sathyan\.stmcufinder\plugins\mcufinder/ => C:\Users\sruthi.sathyan\.stmcufinder\plugins\mcufinder
2024-03-04 09:31:47,490 [INFO] CrossReferenceDbSqlite:203 - Set database path to: C:\Users\sruthi.sathyan\.stmcufinder\plugins\mcufinder//mcu/cs/
2024-03-04 09:31:47,514 [INFO] ApplicationProperties:184 - Using Application install path: C:\ST\STM32CubeIDE_1.14.0\STM32CubeIDE\plugins\com.st.stm32cube.common.mx_6.10.0.202311202037
2024-03-04 09:31:47,516 [INFO] PluginManage:196 - Search for loadable plugins [exclusion list=, ]
2024-03-04 09:31:47,519 [INFO] PluginManage:310 - Check plugin analytics
2024-03-04 09:31:47,696 [INFO] AnalyticsPlugin:253 - Accepted Software Licenses: 
2024-03-04 09:31:47,697 [INFO] AnalyticsPlugin:255 - Accepted CMSIS Pack Licenses: 
2024-03-04 09:31:47,697 [INFO] AnalyticsPlugin:257 - Accepted Firmware Licenses: FW.F4.1.28.0
2024-03-04 09:31:47,699 [INFO] PluginManage:359 - Loaded plugin analytics (category:tool,tabindex:-1)
2024-03-04 09:31:47,700 [INFO] PluginManage:310 - Check plugin cadmodel
2024-03-04 09:31:47,708 [INFO] CADModel:105 - Init CAD model plugin
2024-03-04 09:31:47,708 [INFO] PluginManage:359 - Loaded plugin cadmodel (category:power,tabindex:5)
2024-03-04 09:31:47,708 [INFO] PluginManage:310 - Check plugin clock
2024-03-04 09:31:47,721 [INFO] PluginManage:359 - Loaded plugin clock (category:base,tabindex:2)
2024-03-04 09:31:47,721 [INFO] PluginManage:310 - Check plugin ddr
2024-03-04 09:31:47,723 [INFO] PluginManage:359 - Loaded plugin ddr (category:tool,tabindex:6)
2024-03-04 09:31:47,723 [INFO] PluginManage:310 - Check plugin filemanager
2024-03-04 09:31:47,871 [INFO] PluginManage:359 - Loaded plugin filemanager (category:base,tabindex:10)
2024-03-04 09:31:47,871 [INFO] PluginManage:310 - Check plugin ipmanager
2024-03-04 09:31:47,879 [INFO] PluginManage:359 - Loaded plugin ipmanager (category:base,tabindex:5)
2024-03-04 09:31:47,879 [INFO] PluginManage:310 - Check plugin lpbam
2024-03-04 09:31:47,889 [INFO] PluginManage:359 - Loaded plugin lpbam (category:base,tabindex:0)
2024-03-04 09:31:47,889 [INFO] PluginManage:310 - Check plugin memorymap
2024-03-04 09:31:47,908 [INFO] PluginManage:359 - Loaded plugin memorymap (category:base,tabindex:4)
2024-03-04 09:31:47,908 [INFO] PluginManage:310 - Check plugin pinoutandconfiguration
2024-03-04 09:31:47,918 [INFO] PluginManage:359 - Loaded plugin pinoutandconfiguration (category:base,tabindex:1)
2024-03-04 09:31:47,918 [INFO] PluginManage:310 - Check plugin pinoutconfig
2024-03-04 09:31:48,011 [WARN] SupportedApi:132 - Cannot load RTOS API schema: s4s-elt-must-match.1: The content of 'definitions' must match (annotation?, (simpleType | complexType)?, (unique | key | keyref)*)). A problem was found starting at: attribute.
2024-03-04 09:31:48,134 [INFO] PluginManage:359 - Loaded plugin pinoutconfig (category:base,tabindex:0)
2024-03-04 09:31:48,135 [INFO] PluginManage:310 - Check plugin power
2024-03-04 09:31:48,147 [INFO] PluginManage:359 - Loaded plugin power (category:power,tabindex:4)
2024-03-04 09:31:48,147 [INFO] PluginManage:310 - Check plugin projectmanager
2024-03-04 09:31:48,162 [INFO] PluginManage:359 - Loaded plugin projectmanager (category:projectmanager,tabindex:3)
2024-03-04 09:31:48,162 [INFO] PluginManage:310 - Check plugin thirdparty
2024-03-04 09:31:48,397 [INFO] PluginManage:359 - Loaded plugin thirdparty (category:base,tabindex:-1)
2024-03-04 09:31:48,398 [INFO] PluginManage:310 - Check plugin tools
2024-03-04 09:31:48,397 [WARN] IntegrityCheckThread:84 - waiting for thirdparty lock release [integrity check]
2024-03-04 09:31:48,398 [INFO] IntegrityCheckThread:86 - entering critical section [integrity check]
2024-03-04 09:31:48,398 [INFO] ThirdPartyUpdaterWithRetryManager:70 - Updater plugin not ready yet. [1/15]
2024-03-04 09:31:48,401 [INFO] PluginManage:359 - Loaded plugin tools (category:base,tabindex:7)
2024-03-04 09:31:48,401 [INFO] PluginManage:310 - Check plugin tutovideos
2024-03-04 09:31:48,596 [INFO] PluginManage:359 - Loaded plugin tutovideos (category:base,tabindex:-1)
2024-03-04 09:31:48,596 [INFO] PluginManage:310 - Check plugin updater
2024-03-04 09:31:48,609 [INFO] PluginManage:359 - Loaded plugin updater (category:base,tabindex:12)
2024-03-04 09:31:48,609 [INFO] PluginManage:310 - Check plugin userauth
2024-03-04 09:31:48,614 [INFO] UserAuth:114 - Init User Auth plugin
2024-03-04 09:31:48,614 [INFO] PluginManage:359 - Loaded plugin userauth (category:base,tabindex:14)
2024-03-04 09:31:48,615 [INFO] PluginManage:283 - PluginManage : Loaded plugins [17]
2024-03-04 09:31:48,790 [INFO] PinOutPanel:1499 - setPackage(No Configuration,No Configuration)
2024-03-04 09:31:48,859 [INFO] CADModel:165 - CPN selected for project level
2024-03-04 09:31:48,860 [INFO] CADModel:114 - Register for checkConnection events
2024-03-04 09:31:48,878 [INFO] IPUIPlugin:80 - create IPUIPlugin
2024-03-04 09:31:48,878 [INFO] PluginManager:220 - loadIPPluginJar : add adc
2024-03-04 09:31:48,882 [INFO] IPUIPlugin:80 - create IPUIPlugin
2024-03-04 09:31:48,882 [INFO] PluginManager:220 - loadIPPluginJar : add aes
2024-03-04 09:31:48,885 [INFO] IPUIPlugin:80 - create IPUIPlugin
2024-03-04 09:31:48,886 [INFO] PluginManager:220 - loadIPPluginJar : add can
2024-03-04 09:31:48,890 [INFO] IPUIPlugin:80 - create IPUIPlugin
2024-03-04 09:31:48,890 [INFO] PluginManager:220 - loadIPPluginJar : add comp
2024-03-04 09:31:48,893 [INFO] IPUIPlugin:80 - create IPUIPlugin
2024-03-04 09:31:48,893 [INFO] PluginManager:220 - loadIPPluginJar : add cryp
2024-03-04 09:31:48,897 [INFO] IPUIPlugin:80 - create IPUIPlugin
2024-03-04 09:31:48,897 [INFO] PluginManager:220 - loadIPPluginJar : add dfsdm
2024-03-04 09:31:48,904 [INFO] IPUIPlugin:80 - create IPUIPlugin
2024-03-04 09:31:48,904 [INFO] PluginManager:220 - loadIPPluginJar : add dma
2024-03-04 09:31:48,908 [INFO] IPUIPlugin:80 - create IPUIPlugin
2024-03-04 09:31:48,909 [INFO] PluginManager:220 - loadIPPluginJar : add dma3
2024-03-04 09:31:48,911 [INFO] IPUIPlugin:80 - create IPUIPlugin
2024-03-04 09:31:48,912 [INFO] PluginManager:220 - loadIPPluginJar : add fatfs
2024-03-04 09:31:48,917 [INFO] IPUIPlugin:80 - create IPUIPlugin
2024-03-04 09:31:48,918 [INFO] PluginManager:220 - loadIPPluginJar : add fmc
2024-03-04 09:31:48,924 [INFO] IPUIPlugin:80 - create IPUIPlugin
2024-03-04 09:31:48,924 [INFO] PluginManager:220 - loadIPPluginJar : add freertos
2024-03-04 09:31:48,927 [INFO] IPUIPlugin:80 - create IPUIPlugin
2024-03-04 09:31:48,927 [INFO] PluginManager:220 - loadIPPluginJar : add genericplugin
2024-03-04 09:31:48,931 [INFO] IPUIPlugin:80 - create IPUIPlugin
2024-03-04 09:31:48,931 [INFO] PluginManager:220 - loadIPPluginJar : add gfxmmu
2024-03-04 09:31:48,935 [INFO] IPUIPlugin:80 - create IPUIPlugin
2024-03-04 09:31:48,935 [INFO] PluginManager:220 - loadIPPluginJar : add gic
2024-03-04 09:31:48,940 [INFO] IPUIPlugin:80 - create IPUIPlugin
2024-03-04 09:31:48,941 [INFO] PluginManager:220 - loadIPPluginJar : add gpio
2024-03-04 09:31:48,945 [INFO] IPUIPlugin:80 - create IPUIPlugin
2024-03-04 09:31:48,945 [INFO] PluginManager:220 - loadIPPluginJar : add gtzc
2024-03-04 09:31:48,947 [INFO] IPUIPlugin:80 - create IPUIPlugin
2024-03-04 09:31:48,947 [INFO] PluginManager:220 - loadIPPluginJar : add hash
2024-03-04 09:31:48,951 [INFO] IPUIPlugin:80 - create IPUIPlugin
2024-03-04 09:31:48,952 [INFO] PluginManager:220 - loadIPPluginJar : add i2c
2024-03-04 09:31:48,954 [INFO] IPUIPlugin:80 - create IPUIPlugin
2024-03-04 09:31:48,954 [INFO] PluginManager:220 - loadIPPluginJar : add i2s
2024-03-04 09:31:48,958 [INFO] IPUIPlugin:80 - create IPUIPlugin
2024-03-04 09:31:48,958 [INFO] PluginManager:220 - loadIPPluginJar : add i3c
2024-03-04 09:31:48,962 [INFO] IPUIPlugin:80 - create IPUIPlugin
2024-03-04 09:31:48,963 [INFO] PluginManager:220 - loadIPPluginJar : add ipddr
2024-03-04 09:31:48,971 [INFO] IPUIPlugin:80 - create IPUIPlugin
2024-03-04 09:31:48,972 [INFO] PluginManager:220 - loadIPPluginJar : add linkedlist
2024-03-04 09:31:48,975 [INFO] IPUIPlugin:80 - create IPUIPlugin
2024-03-04 09:31:48,975 [INFO] PluginManager:220 - loadIPPluginJar : add lorawan
2024-03-04 09:31:48,979 [INFO] IPUIPlugin:80 - create IPUIPlugin
2024-03-04 09:31:48,979 [INFO] PluginManager:220 - loadIPPluginJar : add ltdc
2024-03-04 09:31:48,987 [INFO] IPUIPlugin:80 - create IPUIPlugin
2024-03-04 09:31:48,987 [INFO] PluginManager:220 - loadIPPluginJar : add mdma
2024-03-04 09:31:48,995 [INFO] IPUIPlugin:80 - create IPUIPlugin
2024-03-04 09:31:48,996 [INFO] PluginManager:220 - loadIPPluginJar : add nvic
2024-03-04 09:31:48,999 [INFO] IPUIPlugin:80 - create IPUIPlugin
2024-03-04 09:31:49,000 [INFO] PluginManager:220 - loadIPPluginJar : add opamp
2024-03-04 09:31:49,004 [INFO] IPUIPlugin:80 - create IPUIPlugin
2024-03-04 09:31:49,004 [INFO] PluginManager:220 - loadIPPluginJar : add openamp
2024-03-04 09:31:49,008 [INFO] IPUIPlugin:80 - create IPUIPlugin
2024-03-04 09:31:49,009 [INFO] PluginManager:220 - loadIPPluginJar : add pdm2pcm
2024-03-04 09:31:49,015 [INFO] IPUIPlugin:80 - create IPUIPlugin
2024-03-04 09:31:49,017 [INFO] PluginManager:220 - loadIPPluginJar : add plateformsettings
2024-03-04 09:31:49,022 [INFO] IPUIPlugin:80 - create IPUIPlugin
2024-03-04 09:31:49,022 [INFO] PluginManager:220 - loadIPPluginJar : add quadspi
2024-03-04 09:31:49,028 [INFO] IPUIPlugin:80 - create IPUIPlugin
2024-03-04 09:31:49,028 [INFO] PluginManager:220 - loadIPPluginJar : add resmgrutility
2024-03-04 09:31:49,034 [INFO] IPUIPlugin:80 - create IPUIPlugin
2024-03-04 09:31:49,034 [INFO] PluginManager:220 - loadIPPluginJar : add sai
2024-03-04 09:31:49,038 [INFO] IPUIPlugin:80 - create IPUIPlugin
2024-03-04 09:31:49,038 [INFO] PluginManager:220 - loadIPPluginJar : add spi
2024-03-04 09:31:49,044 [INFO] IPUIPlugin:80 - create IPUIPlugin
2024-03-04 09:31:49,044 [INFO] PluginManager:220 - loadIPPluginJar : add stm32_wpan
2024-03-04 09:31:49,048 [INFO] IPUIPlugin:80 - create IPUIPlugin
2024-03-04 09:31:49,048 [INFO] PluginManager:220 - loadIPPluginJar : add tim
2024-03-04 09:31:49,052 [INFO] IPUIPlugin:80 - create IPUIPlugin
2024-03-04 09:31:49,052 [INFO] PluginManager:220 - loadIPPluginJar : add touchsensing
2024-03-04 09:31:49,056 [INFO] IPUIPlugin:80 - create IPUIPlugin
2024-03-04 09:31:49,056 [INFO] PluginManager:220 - loadIPPluginJar : add tracer_emb
2024-03-04 09:31:49,059 [INFO] IPUIPlugin:80 - create IPUIPlugin
2024-03-04 09:31:49,059 [INFO] PluginManager:220 - loadIPPluginJar : add ts
2024-03-04 09:31:49,063 [INFO] IPUIPlugin:80 - create IPUIPlugin
2024-03-04 09:31:49,063 [INFO] PluginManager:220 - loadIPPluginJar : add tsc
2024-03-04 09:31:49,066 [INFO] IPUIPlugin:80 - create IPUIPlugin
2024-03-04 09:31:49,066 [INFO] PluginManager:220 - loadIPPluginJar : add ucpd
2024-03-04 09:31:49,070 [INFO] IPUIPlugin:80 - create IPUIPlugin
2024-03-04 09:31:49,070 [INFO] PluginManager:220 - loadIPPluginJar : add usart
2024-03-04 09:31:49,074 [INFO] IPUIPlugin:80 - create IPUIPlugin
2024-03-04 09:31:49,074 [INFO] PluginManager:220 - loadIPPluginJar : add usbx
2024-03-04 09:31:49,194 [INFO] CADModel:165 - CPN selected for project level
2024-03-04 09:31:49,194 [INFO] CADModel:114 - Register for checkConnection events
2024-03-04 09:31:49,194 [FATAL] Updater:308 - Updater called before beeing initialized
2024-03-04 09:31:49,194 [ERROR] CADModel:125 - Updater not yet initialized, retry later 
2024-03-04 09:31:49,317 [INFO] CADModel:165 - CPN selected for project level
2024-03-04 09:31:49,318 [INFO] CADModel:114 - Register for checkConnection events
2024-03-04 09:31:49,318 [FATAL] Updater:308 - Updater called before beeing initialized
2024-03-04 09:31:49,318 [ERROR] CADModel:125 - Updater not yet initialized, retry later 
2024-03-04 09:31:49,320 [FATAL] Updater:308 - Updater called before beeing initialized
2024-03-04 09:31:49,485 [FATAL] Updater:308 - Updater called before beeing initialized
2024-03-04 09:31:49,495 [INFO] DbMcusAds:53 - JSON generation date=Wed Nov 29 16:22:27 IST 2023 (1701255147349)
2024-03-04 09:31:49,495 [FATAL] Updater:308 - Updater called before beeing initialized
2024-03-04 09:31:49,762 [WARN] DetailPanel:346 - Failed to get advertising image, set to default
2024-03-04 09:31:49,852 [FATAL] Updater:308 - Updater called before beeing initialized
2024-03-04 09:31:49,854 [FATAL] Updater:308 - Updater called before beeing initialized
2024-03-04 09:31:49,854 [FATAL] Updater:308 - Updater called before beeing initialized
2024-03-04 09:31:49,854 [WARN] DetailPanel:346 - Failed to get advertising image, set to default
2024-03-04 09:31:49,855 [FATAL] Updater:308 - Updater called before beeing initialized
2024-03-04 09:31:49,904 [ERROR] Updater:1120 - MainUpdater not yet initialized. External WinMGr cannot be set.
2024-03-04 09:31:49,913 [INFO] Updater:1056 - Updater Version found : 6.10.0
2024-03-04 09:31:49,929 [INFO] ApplicationProperties:184 - Using Application install path: C:\ST\STM32CubeIDE_1.14.0\STM32CubeIDE\plugins\com.st.stm32cube.common.mx_6.10.0.202311202037
2024-03-04 09:31:51,399 [INFO] ThirdPartyUpdaterWithRetryManager:70 - Updater plugin not ready yet. [2/15]
2024-03-04 09:31:51,499 [ERROR] LogOutputStream:75 - [STDERR_REDIRECT] Mar 04, 2024 9:31:51 AM java.util.prefs.WindowsPreferences <init>
2024-03-04 09:31:51,501 [ERROR] LogOutputStream:75 - [STDERR_REDIRECT] WARNING: Could not open/create prefs root node Software\JavaSoft\Prefs at root 0xffffffff80000002. Windows RegCreateKeyEx(...) returned error code 5.
2024-03-04 09:31:51,501 [ERROR] LogOutputStream:75 - [STDERR_REDIRECT] 
2024-03-04 09:31:52,203 [INFO] MainUpdater:2873 - connection check result : 10
2024-03-04 09:31:52,204 [INFO] MainUpdater:3567 - Updater definition file requires update
2024-03-04 09:31:52,206 [INFO] MainUpdater:290 - Updater Check For Update Now.
2024-03-04 09:31:52,206 [INFO] MicroXplorer:498 - Change Database Version : DB.6.0.100
2024-03-04 09:31:52,217 [INFO] McuFinderGlobals:63 - Set McuFinder mode to 2 (CubeIDE integrated)
2024-03-04 09:31:52,217 [INFO] UserAuth:180 - activating auth plugin
2024-03-04 09:31:52,219 [INFO] UserAuth:404 - Internet connection configuration mode: 1
2024-03-04 09:31:52,242 [INFO] JxBrowserEngine:152 - Initiate JxBrowser Engine with user profile folder
2024-03-04 09:31:52,517 [INFO] ServerAccessManage:473 - Download File updaters.zip
2024-03-04 09:31:52,678 [INFO] FileExtend:240 - Unzip File : updaters.zip
2024-03-04 09:31:52,679 [INFO] FileExtend:255 - Standard Zip Deflate
2024-03-04 09:31:53,038 [INFO] ServerAccessManage:473 - Download File PacksControlFlags.xml
2024-03-04 09:31:53,161 [INFO] ServerAccessManage:473 - Download File cubemx.pidx
2024-03-04 09:31:54,151 [INFO] WebApp:161 - Instantiating new browser for Auth
2024-03-04 09:31:54,268 [INFO] ServerAccessManage:473 - Download File STMicroelectronics.X-CUBE-BLEMGR.pdsc
2024-03-04 09:31:54,403 [WARN] MainUpdater:1194 - Updater busy. Cannot search thirdparties
2024-03-04 09:31:54,403 [INFO] ThirdPartyUpdaterWithRetryManager:96 - Updater plugin is busy. [1/15]
2024-03-04 09:31:55,354 [INFO] WebApp:780 - Register for checkConnection events
2024-03-04 09:31:55,355 [INFO] WebApp:414 - Apply proxy settings
2024-03-04 09:31:55,355 [INFO] WebApp:499 - Chromium requires no authentication
2024-03-04 09:31:55,376 [INFO] WebApp:442 - Direct internet connection detected
2024-03-04 09:31:55,773 [INFO] WebApp:192 - Starting web application
2024-03-04 09:31:55,773 [INFO] WebApp:544 - Web application path used C:\ST\STM32CubeIDE_1.14.0\STM32CubeIDE\plugins\com.st.stm32cube.common.mx_6.10.0.202311202037\db\plugins\mcufinder\reactClient1\index.html
2024-03-04 09:31:57,404 [WARN] MainUpdater:1194 - Updater busy. Cannot search thirdparties
2024-03-04 09:31:57,404 [INFO] ThirdPartyUpdaterWithRetryManager:96 - Updater plugin is busy. [2/15]
2024-03-04 09:31:57,956 [ERROR] ServerAccessManage:1096 - Problem, Http access forbiden
2024-03-04 09:31:57,958 [ERROR] ServerAccessManage:651 - Problem, Http access forbiden : RoweBots.I-CUBE-UNISONRTOS.pdsc.
2024-03-04 09:31:58,307 [WARN] PackLoader:240 - Cannot read IP mode file for STMicroelectronics.X-CUBE-BLEMGR.3.1.0
2024-03-04 09:31:58,317 [INFO] PopulateThirdPartyThread:66 - Ending populate Thread
2024-03-04 09:31:58,326 [INFO] ThirdParty:1030 - CMSIS Pack Vendor :STMicroelectronics X-CUBE-BLEMGR 3.1.0
2024-03-04 09:31:58,326 [INFO] LoadServerUpdatesThread:375 - End of LoadServerUpdate Thread
2024-03-04 09:31:58,434 [INFO] CheckServerUpdateThread:120 - End of CheckServer Thread
2024-03-04 09:32:00,792 [WARN] PackLoader:240 - Cannot read IP mode file for STMicroelectronics.X-CUBE-SMBUS.2.1.0
2024-03-04 09:32:00,806 [WARN] PackLoader:240 - Cannot read IP mode file for STMicroelectronics.X-CUBE-TOUCHGFX.4.23.0
2024-03-04 09:32:00,848 [WARN] PackLoader:240 - Cannot read IP mode file for STMicroelectronics.X-CUBE-AZRTOS-F7.1.1.0
2024-03-04 09:32:00,863 [WARN] PackLoader:240 - Cannot read IP mode file for STMicroelectronics.FP-SNS-MOTENV1.4.3.2
2024-03-04 09:32:00,875 [WARN] PackLoader:240 - Cannot read IP mode file for STMicroelectronics.FP-SNS-FLIGHT1.5.0.2
2024-03-04 09:32:00,889 [WARN] PackLoader:240 - Cannot read IP mode file for STMicroelectronics.X-CUBE-DISPLAY.3.0.0
2024-03-04 09:32:00,907 [WARN] PackLoader:240 - Cannot read IP mode file for STMicroelectronics.X-CUBE-BLE1.7.0.0
2024-03-04 09:32:00,918 [WARN] PackLoader:240 - Cannot read IP mode file for emotas.I-CUBE-CANOPEN.1.3.0
2024-03-04 09:32:00,934 [WARN] PackLoader:240 - Cannot read IP mode file for STMicroelectronics.X-CUBE-BLEMGR.3.1.0
2024-03-04 09:32:00,949 [WARN] PackLoader:240 - Cannot read IP mode file for STMicroelectronics.FP-SNS-SMARTAG2.1.2.0
2024-03-04 09:32:00,973 [INFO] LogOutputStream:77 - [STDOUT_REDIRECT] 1 : Invalid condition id : UX_CORESTACK_Condition cause : null
2024-03-04 09:32:00,974 [INFO] LogOutputStream:77 - [STDOUT_REDIRECT] 1 : Invalid condition id : UX_CORESTACK_Condition cause : null
2024-03-04 09:32:00,975 [INFO] LogOutputStream:77 - [STDOUT_REDIRECT] 1 : Invalid condition id : UX_CORESTACK_Condition cause : null
2024-03-04 09:32:00,976 [INFO] LogOutputStream:77 - [STDOUT_REDIRECT] 1 : Invalid condition id : UX_CORESTACK_Condition cause : null
2024-03-04 09:32:00,977 [INFO] LogOutputStream:77 - [STDOUT_REDIRECT] 1 : Invalid condition id : UX_CORESTACK_Condition cause : null
2024-03-04 09:32:00,981 [WARN] PackLoader:240 - Cannot read IP mode file for STMicroelectronics.X-CUBE-AZRTOS-WL.2.0.0
2024-03-04 09:32:01,014 [WARN] PackLoader:240 - Cannot read IP mode file for WES.I-CUBE-Cesium.1.3.0
2024-03-04 09:32:01,034 [WARN] PackLoader:240 - Cannot read IP mode file for STMicroelectronics.X-CUBE-BLE2.3.3.0
2024-03-04 09:32:01,058 [WARN] PackLoader:240 - Cannot read IP mode file for STMicroelectronics.X-CUBE-ALGOBUILD.1.3.0
2024-03-04 09:32:01,109 [WARN] PackLoader:240 - Cannot read IP mode file for STMicroelectronics.X-CUBE-AZRTOS-G0.1.1.0
2024-03-04 09:32:01,125 [WARN] PackLoader:240 - Cannot read IP mode file for STMicroelectronics.X-CUBE-NFC4.3.0.0
2024-03-04 09:32:01,142 [WARN] PackLoader:240 - Cannot read IP mode file for STMicroelectronics.X-CUBE-BLEMGR.3.0.0
2024-03-04 09:32:01,157 [WARN] PackLoader:240 - Cannot read IP mode file for STMicroelectronics.FP-ATR-SIGFOX1.3.2.0
2024-03-04 09:32:01,171 [WARN] PackLoader:240 - Cannot read IP mode file for STMicroelectronics.X-CUBE-EEPRMA1.5.1.0
2024-03-04 09:32:01,212 [WARN] PackLoader:240 - Cannot read IP mode file for SEGGER.I-CUBE-embOS.1.3.1
2024-03-04 09:32:01,266 [WARN] PackLoader:240 - Cannot read IP mode file for STMicroelectronics.X-CUBE-GNSS1.6.0.0
2024-03-04 09:32:01,315 [WARN] PackLoader:240 - Cannot read IP mode file for STMicroelectronics.X-CUBE-AZRTOS-F4.1.1.0
2024-03-04 09:32:01,335 [WARN] PackLoader:240 - Cannot read IP mode file for wolfSSL.I-CUBE-wolfSSL.5.6.6
2024-03-04 09:32:01,398 [WARN] PackLoader:240 - Cannot read IP mode file for STMicroelectronics.X-CUBE-AZRTOS-L5.2.0.0
2024-03-04 09:32:01,424 [WARN] PackLoader:240 - Cannot read IP mode file for STMicroelectronics.X-CUBE-EEPRMA1.4.2.0
2024-03-04 09:32:01,450 [WARN] PackLoader:240 - Cannot read IP mode file for ITTIA_DB.I-CUBE-ITTIADB.8.8.0
2024-03-04 09:32:01,473 [WARN] PackLoader:240 - Cannot read IP mode file for STMicroelectronics.X-CUBE-NFC7.1.0.1
2024-03-04 09:32:01,504 [WARN] PackLoader:240 - Cannot read IP mode file for STMicroelectronics.X-CUBE-NFC6.3.0.0
2024-03-04 09:32:01,528 [WARN] PackLoader:240 - Cannot read IP mode file for STMicroelectronics.X-CUBE-AI.8.1.0
2024-03-04 09:32:01,578 [WARN] ConditionMgr:438 - getConditionDescription Invalid condition id : LAN8742 Phy interface Condition cause : null
2024-03-04 09:32:01,579 [WARN] PackLoader:240 - Cannot read IP mode file for STMicroelectronics.X-CUBE-AZRTOS-L4.2.0.0
2024-03-04 09:32:01,581 [WARN] ConditionMgr:1039 - genDependencies : Invalid condition id : LAN8742 Phy interface Condition cause : null
2024-03-04 09:32:01,582 [WARN] ConditionMgr:1039 - genDependencies : Invalid condition id : LAN8742 Phy interface Condition cause : null
2024-03-04 09:32:01,584 [WARN] ConditionMgr:1039 - genDependencies : Invalid condition id : LAN8742 Phy interface Condition cause : null
2024-03-04 09:32:01,598 [WARN] PackLoader:240 - Cannot read IP mode file for STMicroelectronics.X-CUBE-SFXS2LP1.4.0.0
2024-03-04 09:32:01,641 [WARN] ConditionMgr:438 - getConditionDescription Invalid condition id : UX DEVICE CLASS RTOS Condition cause : null
2024-03-04 09:32:01,642 [WARN] ConditionMgr:438 - getConditionDescription Invalid condition id : UX DEVICE CLASS RTOS Condition cause : null
2024-03-04 09:32:01,646 [WARN] PackLoader:240 - Cannot read IP mode file for STMicroelectronics.X-CUBE-AZRTOS-WB.2.0.0
2024-03-04 09:32:01,648 [WARN] ConditionMgr:1039 - genDependencies : Invalid condition id : UX DEVICE CLASS RTOS Condition cause : null
2024-03-04 09:32:01,648 [WARN] ConditionMgr:1039 - genDependencies : Invalid condition id : UX DEVICE CLASS RTOS Condition cause : null
2024-03-04 09:32:01,649 [WARN] ConditionMgr:1039 - genDependencies : Invalid condition id : UX DEVICE CLASS RTOS Condition cause : null
2024-03-04 09:32:01,649 [WARN] ConditionMgr:1039 - genDependencies : Invalid condition id : UX DEVICE CLASS RTOS Condition cause : null
2024-03-04 09:32:01,649 [WARN] ConditionMgr:1039 - genDependencies : Invalid condition id : UX DEVICE CLASS RTOS Condition cause : null
2024-03-04 09:32:01,673 [WARN] PackLoader:240 - Cannot read IP mode file for STMicroelectronics.X-CUBE-SUBG2.5.0.0
2024-03-04 09:32:01,717 [WARN] PackLoader:240 - Cannot read IP mode file for STMicroelectronics.X-CUBE-AZRTOS-G4.2.0.0
2024-03-04 09:32:01,761 [WARN] PackLoader:240 - Cannot read IP mode file for Infineon.AIROC-Wi-Fi-Bluetooth-STM32.1.5.1
2024-03-04 09:32:01,786 [WARN] PackLoader:240 - Cannot read IP mode file for STMicroelectronics.FP-SNS-MOTENVWB1.1.3.1
2024-03-04 09:32:01,803 [WARN] PackLoader:240 - Cannot read IP mode file for STMicroelectronics.X-CUBE-ISPU.2.0.0
2024-03-04 09:32:01,896 [WARN] PackLoader:240 - Cannot read IP mode file for STMicroelectronics.X-CUBE-MEMS1.10.0.0
2024-03-04 09:32:02,083 [WARN] PackLoader:240 - Cannot read IP mode file for STMicroelectronics.X-CUBE-FREERTOS.1.1.0
2024-03-04 09:32:02,101 [WARN] PackLoader:240 - Cannot read IP mode file for portGmbH.I-Cube-SoM-uGOAL.1.1.0
2024-03-04 09:32:02,120 [WARN] PackLoader:240 - Cannot read IP mode file for STMicroelectronics.X-CUBE-ALS.1.0.1
2024-03-04 09:32:02,136 [WARN] PackLoader:240 - Cannot read IP mode file for STMicroelectronics.FP-ATR-ASTRA1.2.0.0
2024-03-04 09:32:02,175 [WARN] PackLoader:240 - Cannot read IP mode file for STMicroelectronics.X-CUBE-TOF1.3.4.0
2024-03-04 09:32:02,241 [WARN] PackLoader:240 - Cannot read IP mode file for STMicroelectronics.X-CUBE-AZRTOS-H7.3.2.0
2024-03-04 09:32:02,246 [INFO] ThirdParty:978 - Integrity check success = true
2024-03-04 09:32:02,246 [INFO] IntegrityCheckThread:100 - exiting critical section [integrity check]
2024-03-04 09:32:02,247 [INFO] IntegrityCheckThread:103 - End integrity checks thread
2024-03-04 09:32:06,826 [ERROR] LogOutputStream:75 - [STDERR_REDIRECT] SLF4J: Failed to load class "org.slf4j.impl.StaticLoggerBinder".
2024-03-04 09:32:06,829 [ERROR] LogOutputStream:75 - [STDERR_REDIRECT] SLF4J: Defaulting to no-operation (NOP) logger implementation
2024-03-04 09:32:06,830 [ERROR] LogOutputStream:75 - [STDERR_REDIRECT] SLF4J: See http://www.slf4j.org/codes.html#StaticLoggerBinder for further details.
